Scenario - Amelia_Experiment2.sce
Logfile written - 12/19/2018 15:48:40

Trial	Event Type	Code	Time	TTime	Uncertainty	Duration	Uncertainty	ReqTime	ReqDur	Stim Type	Pair Index

1	Response	1	112657	112491	3
2	Response	1	358735	245940	1
3	Response	1	442252	83371	3
4	Sound	120	442678	324	1			0		other	0
5	Response	3	638251	29119	1
7	Sound	150	641269	314	1			0		other	0
8	Response	2	826728	18995	2
10	Sound	1	829861	302	1			0		other	0
11	Response	3	1018245	21907	2
13	Sound	90	1021352	356	1			0		other	0
14	Response	3	1213362	25587	2
16	Sound	60	1216443	344	2			0		other	0
17	Response	3	1414479	31602	2
19	Sound	30	1417534	335	2			0		other	0
20	Response	3	1615597	31619	1
22	Sound	121	1618625	325	2			0		other	0
23	Response	3	1810633	25555	3
25	Sound	2	1813717	315	1			0		other	0
26	Response	3	2007990	27810	3
28	Sound	31	2011008	338	1			0		other	0
29	Response	3	2246307	68858	3
31	Sound	61	2249397	305	1			0		other	0
32	Response	2	2436785	20915	2
34	Sound	91	2439888	359	2			0		other	0
35	Response	3	2626702	20395	2
37	Sound	151	2629780	314	1			0		other	0
38	Response	3	2831420	35175	1
40	Response	1	2897739	63507	1
41	Sound	152	2898268	390	1			0		other	0
42	Response	3	3097096	32273	1
44	Sound	92	3100159	348	1			0		other	0
45	Response	3	3298693	32104	2
47	Sound	122	3301750	339	1			0		other	0
48	Response	3	3507809	39619	3
50	Sound	32	3510840	331	2			0		other	0
51	Response	3	3695488	18201	1
53	Sound	3	3698632	352	1			0		other	0
54	Response	3	3893884	28825	2
56	Sound	62	3897023	308	1			0		other	0
57	Response	3	4088362	24869	1
59	Sound	33	4091515	364	1			0		other	0
60	Response	3	4291558	33629	3
62	Sound	123	4294606	355	1			0		other	0
63	Response	3	4492355	31326	3
65	Sound	93	4495497	313	1			0		other	0
66	Response	3	4692754	30791	1
68	Sound	4	4695788	336	1			0		other	0
69	Response	2	4887231	25001	1
71	Sound	63	4890379	325	1			0		other	0
72	Response	3	5073548	16715	2
74	Sound	153	5076671	345	1			0		other	0
75	Response	3	5272664	29559	3
77	Response	1	5418262	142834	3
78	Sound	5	5418756	376	1			0		other	0
79	Response	3	5605621	20296	1
81	Sound	154	5608648	330	1			0		other	0
82	Response	3	5792578	17482	1
84	Sound	34	5795639	383	2			0		other	0
85	Response	3	5997215	35014	1
87	Sound	94	6000331	309	1			0		other	0
88	Response	3	6183773	16972	1
90	Sound	64	6186822	361	2			0		other	0
91	Response	3	6379450	26211	1
93	Sound	124	6382614	384	1			0		other	0
94	Response	3	6582407	33232	1
96	Sound	125	6585505	342	1			0		other	0
97	Response	3	6788643	36701	2
99	Sound	95	6791796	368	1			0		other	0
100	Response	3	6982320	24113	3
102	Sound	65	6985387	356	2			0		other	0
103	Response	3	7179119	27309	1
105	Sound	6	7182179	379	1			0		other	0
106	Response	3	7379755	31010	2
108	Sound	35	7382870	303	1			0		other	0
109	Response	3	7568633	19287	1
111	Sound	155	7571662	324	1			0		other	0
112	Response	3	7761430	23313	2
114	Response	1	7891587	127479	3
115	Sound	36	7892048	315	1			0		other	0
116	Response	2	8084145	25633	2
118	Sound	66	8087140	304	1			0		other	0
119	Response	3	8302862	49248	2
121	Sound	96	8305930	333	2			0		other	0
122	Response	3	8498379	26003	2
124	Sound	7	8501522	322	1			0		other	0
125	Response	3	8698217	30239	1
127	Sound	156	8701314	346	1			0		other	0
128	Response	3	8889494	21748	2
130	Sound	126	8892606	367	1			0		other	0
131	Response	3	9100290	41272	4
133	Sound	67	9103397	394	2			0		other	0
134	Response	3	9300609	30660	1
136	Sound	157	9303790	352	1			0		other	0
137	Response	3	9494125	23908	2
139	Sound	37	9497182	307	1			0		other	0
140	Response	3	9687963	24308	2
142	Sound	8	9690975	329	1			0		other	0
143	Response	3	9884041	26615	1
145	Sound	97	9887068	319	1			0		other	0
146	Response	3	10087078	33549	1
148	Sound	127	10090160	309	1			0		other	0
149	Response	3	10289555	32925	1
151	Response	1	10525791	233506	2
152	Sound	98	10526244	367	2			0		other	0
153	Response	3	10710109	17452	1
155	Sound	68	10713138	321	1			0		other	0
156	Response	3	10898346	18749	1
158	Sound	158	10901431	341	1			0		other	0
159	Response	3	11083864	15995	1
161	Sound	9	11087024	327	2			0		other	0
162	Response	3	11276261	22785	1
164	Sound	128	11279317	349	2			0		other	0
165	Response	3	11471377	25629	2
167	Sound	38	11474410	338	2			0		other	0
168	Response	3	11684334	43482	2
170	Sound	39	11687503	333	1			0		other	0
171	Response	3	11874492	20542	2
173	Sound	10	11877596	320	1			0		other	0
174	Response	3	12074648	30592	3
176	Sound	69	12077689	311	1			0		other	0
177	Response	3	12274246	30088	2
179	Sound	99	12277282	301	1			0		other	0
180	Response	3	12480403	36643	2
182	Sound	129	12483575	327	1			0		other	0
183	Response	3	12680000	29972	2
185	Sound	159	12683068	384	1			0		other	0
186	Response	3	12866877	17247	3
188	Response	1	13093434	223810	3
189	Sound	130	13093853	301	2			0		other	0
190	Response	3	13297752	37421	2
192	Sound	70	13300846	361	1			0		other	0
193	Response	3	13492230	24965	1
195	Sound	40	13495239	316	1			0		other	0
196	Response	3	13676947	15245	1
198	Sound	11	13680032	336	1			0		other	0
199	Response	3	13864864	18388	2
201	Sound	160	13868025	389	2			0		other	0
202	Response	3	14052381	17799	2
204	Sound	100	14055419	343	1			0		other	0
205	Response	3	14238539	16683	1
207	Sound	41	14241712	363	1			0		other	0
208	Response	3	14427336	19207	2
210	Sound	161	14430505	383	2			0		other	0
211	Response	3	14618294	21226	1
213	Sound	22	14621399	339	1			0		other	0
214	Response	3	14811251	23411	1
216	Sound	71	14814392	394	1			0		other	0
217	Response	3	15008048	27103	2
219	Sound	101	15011085	317	1			0		other	0
220	Response	3	15202605	25057	2
222	Sound	131	15205678	306	1			0		other	0
223	Response	3	15398362	26210	2
226	Response	1	15759077	57864	2
227	Sound	162	15759558	364	1			0		other	0
228	Response	3	15945875	19901	1
230	Sound	72	15948951	318	1			0		other	0
231	Response	3	16134272	18859	2
233	Sound	42	16137444	371	2			0		other	0
234	Response	3	16324829	20977	2
236	Sound	102	16327837	326	2			0		other	0
237	Response	3	16515866	21575	2
239	Sound	132	16518931	314	1			0		other	0
240	Response	3	16721704	36308	1
242	Sound	23	16724723	339	2			0		other	0
243	Response	3	16922741	31578	1
245	Sound	163	16925816	331	1			0		other	0
246	Response	3	17113298	21033	2
248	Sound	43	17116409	318	1			0		other	0
249	Response	3	17316815	33945	2
251	Sound	133	17319902	377	1			0		other	0
252	Response	3	17512493	26022	1
254	Sound	73	17515595	299	1			0		other	0
255	Response	3	17705850	23775	1
257	Sound	24	17708888	321	1			0		other	0
258	Response	3	17901287	25941	2
260	Sound	103	17904381	377	1			0		other	0
261	Response	3	18095124	24174	2
263	Response	1	18317042	219101	1
264	Sound	104	18317566	362	1			0		other	0
265	Response	3	18503439	19456	1
267	Sound	164	18506459	316	1			0		other	0
268	Response	2	18693196	20274	1
270	Sound	25	18696252	337	1			0		other	0
271	Response	3	18888074	25379	1
273	Sound	134	18891245	393	1			0		other	0
274	Response	3	19098230	40432	2
276	Sound	44	19101337	386	2			0		other	0
277	Response	3	19290467	22570	2
279	Sound	74	19293530	308	2			0		other	0
280	Response	3	19485265	25263	1
282	Sound	75	19488323	330	2			0		other	0
283	Response	3	19711661	56889	2
285	Sound	45	19714815	395	1			0		other	0
286	Response	3	19920218	38852	2
288	Sound	165	19923408	389	1			0		other	0
289	Response	3	20115095	25130	2
291	Sound	135	20118100	310	2			0		other	0
292	Response	3	20330133	45564	1
294	Sound	105	20333193	306	1			0		other	0
295	Response	3	20541810	42143	1
297	Sound	26	20544985	333	1			0		other	0
298	Response	3	20735087	23655	2
300	Response	1	21036202	298279	3
301	Sound	76	21036667	340	1			0		other	0
302	Response	3	21231639	28533	3
304	Sound	46	21234760	331	1			0		other	0
305	Response	3	21429558	28349	1
307	Sound	27	21432752	386	2			0		other	0
308	Response	3	21631234	31922	2
310	Sound	166	21634345	378	1			0		other	0
311	Response	3	21846511	45598	2
313	Sound	136	21849537	306	1			0		other	0
314	Response	3	22052829	36819	1
316	Sound	106	22056029	365	2			0		other	0
317	Response	3	22268666	46222	1
319	Sound	167	22271821	393	2			0		other	0
320	Response	3	22462182	23808	2
322	Sound	28	22465214	349	2			0		other	0
323	Response	3	22659620	27975	2
325	Sound	107	22662607	305	1			0		other	0
326	Response	3	22868337	39256	2
328	Sound	137	22871399	332	2			0		other	0
329	Response	3	23057454	19607	2
331	Sound	47	23060493	320	1			0		other	0
332	Response	3	23265211	38258	2
334	Sound	77	23268285	346	1			0		other	0
335	Response	3	23459369	24650	1
337	Response	1	23736405	274195	1
338	Sound	48	23736768	313	1			0		other	0
339	Response	3	23923362	20128	2
341	Sound	78	23926360	300	2			0		other	0
342	Response	3	24132718	39879	3
344	Sound	168	24135853	361	1			0		other	0
345	Response	3	24344476	42204	2
347	Sound	108	24347645	388	1			0		other	0
348	Response	3	24575113	60910	2
350	Sound	29	24578236	387	2			0		other	0
351	Response	3	24777030	32235	2
353	Sound	138	24780129	345	1			0		other	0
354	Response	3	24989187	42624	2
356	Sound	49	24992221	339	1			0		other	0
357	Response	2	25181504	22843	2
359	Sound	169	25184714	394	1			0		other	0
360	Response	3	25375262	23996	1
362	Sound	139	25378407	317	1			0		other	0
363	Response	3	25571018	26148	3
365	Sound	20	25574200	340	1			0		other	0
366	Response	3	25764215	23575	3
368	Sound	109	25767292	327	2			0		other	0
369	Response	3	25958694	24950	1
371	Sound	79	25961785	383	1			0		other	0
372	Response	3	26158931	30583	1
374	Response	1	26382687	221017	2
375	Sound	140	26383069	303	2			0		other	0
376	Response	3	26580845	31300	1
378	Sound	80	26583862	328	1			0		other	0
379	Response	3	26776521	26208	3
381	Sound	170	26779655	351	1			0		other	0
382	Response	3	26967638	21555	3
384	Sound	110	26970748	339	1			0		other	0
385	Response	3	27175237	38049	1
387	Sound	21	27178340	332	1			0		other	0
388	Response	3	27382034	37246	1
390	Sound	50	27385132	357	1			0		other	0
391	Response	3	27582270	30716	2
393	Sound	22	27585425	382	1			0		other	0
394	Response	3	27780028	28039	1
396	Sound	81	27783117	305	2			0		other	0
397	Response	3	27971464	21872	3
399	Sound	171	27974610	360	1			0		other	0
400	Response	3	28157703	16673	1
402	Sound	141	28160903	380	1			0		other	0
403	Response	2	28366899	39430	2
405	Sound	111	28369995	373	2			0		other	0
406	Response	3	28558337	21935	1
408	Sound	51	28561388	327	1			0		other	0
409	Response	3	28748974	21134	2
411	Response	1	29062089	310424	2
412	Sound	52	29062569	337	2			0		other	0
413	Response	3	29249446	20435	3
415	Sound	142	29252562	392	2			0		other	0
416	Response	2	29437045	17929	1
418	Sound	82	29440155	379	1			0		other	0
419	Response	3	29623602	16880	1
421	Sound	112	29626748	366	2			0		other	0
422	Response	3	29814879	21718	2
424	Sound	23	29818041	387	1			0		other	0
425	Response	3	30020716	36117	2
427	Sound	172	30023733	313	2			0		other	0
428	Response	3	30211753	21554	2
430	Sound	24	30214826	301	2			0		other	0
431	Response	3	30406071	24767	1
433	Sound	53	30409119	324	1			0		other	0
434	Response	3	30630387	54812	2
436	Sound	83	30633611	388	1			0		other	0
437	Response	3	30820865	20696	1
439	Sound	143	30824004	343	1			0		other	0
440	Response	2	31007822	17382	2
442	Sound	113	31010996	396	2			0		other	0
443	Response	3	31205340	27794	1
445	Sound	173	31208389	353	1			0		other	0
446	Response	2	31392696	17880	2
448	Sound	114	31395782	306	1			0		other	0
449	Response	3	31594694	32439	2
451	Sound	54	31597774	364	2			0		other	0
452	Response	3	31801730	37540	3
454	Sound	84	31804867	357	1			0		other	0
455	Response	3	31989408	18119	2
457	Sound	174	31992460	344	1			0		other	0
458	Response	3	32187485	28590	2
460	Sound	144	32190552	334	1			0		other	0
461	Response	2	32378043	21045	1
463	Sound	25	32381145	322	1			0		other	0
464	Response	3	32574279	26677	3
466	Quit		32819887	242794
