Scenario - Amelia_Experiment2.sce
Logfile written - 12/14/2018 12:43:16

Trial	Event Type	Code	Time	TTime	Uncertainty	Duration	Uncertainty	ReqTime	ReqDur	Stim Type	Pair Index

1	Response	1	303433	303101	1
2	Response	1	612309	308743	1
3	Response	1	688867	76403	2
4	Sound	90	689267	328	1			0		other	0
5	Response	3	904463	48746	3
7	Sound	60	907557	357	2			0		other	0
8	Response	2	1100621	26642	2
10	Sound	120	1103649	347	1			0		other	0
11	Response	3	1279659	9578	1
13	Sound	150	1282741	331	1			0		other	0
14	Response	2	1463576	14388	2
16	Sound	30	1466733	383	1			0		other	0
17	Response	3	1658533	25238	2
19	Sound	1	1661624	339	2			0		other	0
20	Response	3	1839890	11826	2
22	Sound	91	1843117	391	1			0		other	0
23	Response	3	2022209	12538	1
25	Sound	31	2025309	310	1			0		other	0
26	Response	3	2206606	14829	1
28	Sound	151	2209800	362	2			0		other	0
29	Response	2	2387243	11026	2
31	Sound	121	2390393	348	1			0		other	0
32	Response	3	2565721	8897	1
34	Sound	2	2568785	298	1			0		other	0
35	Response	3	2758437	23172	2
37	Sound	61	2761576	319	2			0		other	0
38	Response	3	2984835	56800	1
40	Response	1	3060593	73077	2
41	Sound	122	3060963	305	2			0		other	0
42	Response	3	3233792	6355	1
44	Sound	152	3236956	356	1			0		other	0
45	Response	3	3464028	60649	2
47	Sound	32	3467246	388	1			0		other	0
48	Response	3	3648345	14542	2
50	Sound	62	3651438	307	1			0		other	0
51	Response	3	3827142	9233	3
53	Sound	92	3830230	325	1			0		other	0
54	Response	3	4002341	5657	1
56	Sound	3	4005523	342	1			0		other	0
57	Response	2	4177298	5338	2
59	Sound	93	4180515	391	2			0		other	0
60	Response	3	4367696	20627	1
62	Sound	4	4370708	313	1			0		other	0
63	Response	2	4542332	5158	3
65	Sound	63	4545501	330	1			0		other	0
66	Response	3	4722250	10300	2
68	Sound	33	4725294	348	1			0		other	0
69	Response	3	4950887	59162	2
71	Sound	153	4954085	380	1			0		other	0
72	Response	2	5126965	6313	1
74	Sound	123	5129978	329	2			0		other	0
75	Response	3	5309281	12853	3
77	Response	1	5335122	23032	1
78	Sound	124	5335571	322	1			0		other	0
79	Response	3	5512639	10610	2
81	Sound	64	5515665	307	1			0		other	0
82	Response	3	5693916	11778	2
84	Sound	94	5696958	325	1			0		other	0
85	Response	3	5879994	16581	2
87	Sound	154	5883051	311	2			0		other	0
88	Response	3	6058472	8953	1
90	Sound	5	6061545	363	1			0		other	0
91	Response	2	6233749	5787	2
93	Sound	34	6236839	380	1			0		other	0
94	Response	2	6504225	100819	2
96	Sound	125	6507429	390	1			0		other	0
97	Response	3	6685502	11517	2
99	Sound	35	6688623	309	1			0		other	0
100	Response	2	6868460	13366	2
102	Sound	155	6871616	361	2			0		other	0
103	Response	2	7049818	11783	1
105	Sound	6	7052910	379	1			0		other	0
106	Response	3	7237415	17938	1
108	Sound	65	7240503	366	2			0		other	0
109	Response	3	7418692	11775	2
111	Sound	95	7421797	385	1			0		other	0
112	Response	3	7604610	16252	1
114	Response	1	7627489	20137	2
115	Sound	66	7627890	378	1			0		other	0
116	Response	3	7815967	21508	1
118	Sound	96	7819083	299	1			0		other	0
119	Response	2	8001484	15920	2
121	Sound	156	8004576	351	1			0		other	0
122	Response	3	8220601	49597	2
124	Sound	36	8223668	347	2			0		other	0
125	Response	3	8429157	39057	3
127	Sound	7	8432261	341	1			0		other	0
128	Response	3	8626995	28295	2
130	Sound	126	8630054	364	1			0		other	0
131	Response	3	8801233	4763	1
133	Sound	97	8804348	381	1			0		other	0
134	Response	3	8979710	8797	2
136	Sound	157	8982741	331	2			0		other	0
137	Response	2	9181627	32438	2
139	Sound	127	9184734	389	1			0		other	0
140	Response	3	9363945	12654	1
142	Sound	37	9367128	342	1			0		other	0
143	Response	2	9544503	10937	1
145	Sound	67	9547621	393	1			0		other	0
146	Response	3	9747700	33526	1
148	Sound	8	9750814	318	1			0		other	0
149	Response	3	9949856	32581	2
151	Response	1	10008736	56139	1
152	Sound	128	10009304	391	2			0		other	0
153	Response	3	10186572	10713	3
155	Sound	9	10189698	344	1			0		other	0
156	Response	3	10370090	13956	2
158	Sound	68	10373191	396	1			0		other	0
159	Response	3	10563207	23466	2
161	Sound	98	10566284	384	1			0		other	0
162	Response	3	10741605	8759	2
164	Sound	38	10744678	336	1			0		other	0
165	Response	3	10921443	10321	2
167	Sound	158	10924671	387	1			0		other	0
168	Response	2	11103999	12769	3
170	Sound	99	11107065	340	1			0		other	0
171	Response	2	11290878	17373	1
173	Sound	10	11294058	393	1			0		other	0
174	Response	3	11482875	22264	2
176	Sound	129	11485951	348	1			0		other	0
177	Response	3	11667753	15370	1
179	Sound	39	11670844	301	1			0		other	0
180	Response	3	11851350	14027	1
182	Sound	159	11854537	386	2			0		other	0
183	Response	2	12042146	21049	3
185	Sound	69	12045230	307	2			0		other	0
186	Response	3	12223665	11963	1
188	Response	1	12317262	90898	3
189	Sound	70	12317721	386	1			0		other	0
190	Response	3	12490780	6499	2
192	Sound	130	12493914	303	1			0		other	0
193	Response	3	12678937	18547	3
195	Sound	100	12682107	390	2			0		other	0
196	Response	3	12862296	13633	1
198	Sound	160	12865301	310	1			0		other	0
199	Response	3	13048693	16922	1
201	Sound	40	13051794	363	1			0		other	0
202	Response	3	13227731	9521	1
204	Sound	11	13230887	347	1			0		other	0
205	Response	3	13414207	16888	2
207	Sound	131	13417280	300	1			0		other	0
208	Response	3	13595805	12046	2
210	Sound	101	13598974	387	1			0		other	0
211	Response	3	13773723	8189	1
213	Sound	161	13776867	337	1			0		other	0
214	Response	2	13952600	9291	2
216	Sound	71	13955660	354	2			0		other	0
217	Response	3	14149877	27792	2
219	Sound	41	14152953	378	2			0		other	0
220	Response	3	14329155	9634	1
222	Sound	22	14332247	397	1			0		other	0
223	Response	3	14547391	48594	2
226	Response	1	14899947	49764	2
227	Sound	23	14900326	326	1			0		other	0
228	Response	3	15075704	8924	2
230	Sound	102	15078819	377	1			0		other	0
231	Response	3	15252422	7034	1
233	Sound	42	15255613	394	1			0		other	0
234	Response	3	15428739	6574	2
236	Sound	132	15431806	311	1			0		other	0
237	Response	3	15604256	5982	2
239	Sound	162	15607300	362	1			0		other	0
240	Response	3	15784415	10697	1
242	Sound	72	15787593	380	1			0		other	0
243	Response	3	15976571	22412	2
245	Sound	43	15979686	368	1			0		other	0
246	Response	3	16163049	16952	2
248	Sound	24	16166079	321	1			0		other	0
249	Response	3	16344966	12429	2
251	Sound	133	16348072	373	1			0		other	0
252	Response	3	16526323	11848	3
254	Sound	103	16529465	325	1			0		other	0
255	Response	3	16705202	9283	1
257	Sound	73	16708259	343	1			0		other	0
258	Response	3	16879918	5223	2
260	Sound	163	16883052	360	1			0		other	0
261	Response	2	17056157	6685	1
263	Response	1	17074956	15988	2
264	Sound	164	17075445	315	1			0		other	0
265	Response	2	17251433	9524	2
267	Sound	74	17254538	299	2			0		other	0
268	Response	3	17447351	26333	1
270	Sound	25	17450531	356	1			0		other	0
271	Response	3	17626947	9993	3
273	Sound	104	17630124	340	1			0		other	0
274	Response	3	17812065	15502	2
276	Sound	44	17815217	327	2			0		other	0
277	Response	3	18040863	59193	1
279	Sound	134	18044009	359	1			0		other	0
280	Response	3	18217420	6991	2
282	Sound	26	18220602	343	1			0		other	0
283	Response	3	18393658	6619	1
285	Sound	105	18396696	327	1			0		other	0
286	Response	3	18579255	16107	2
288	Sound	45	18582289	314	1			0		other	0
289	Response	2	18770532	21777	2
291	Sound	165	18773582	335	1			0		other	0
292	Response	3	18958130	18104	1
294	Sound	135	18961175	322	1			0		other	0
295	Response	3	19132767	5135	2
297	Sound	75	19135768	305	1			0		other	0
298	Response	3	19320205	17963	1
300	Response	1	19379083	56181	2
301	Sound	27	19379559	342	1			0		other	0
302	Response	3	19558041	12045	2
304	Sound	166	19561152	327	1			0		other	0
305	Response	3	19736599	8995	1
307	Sound	136	19739745	311	1			0		other	0
308	Response	3	19922195	15982	3
310	Sound	76	19925338	298	1			0		other	0
311	Response	3	20100834	9014	1
313	Sound	46	20104032	383	1			0		other	0
314	Response	3	20282111	11516	1
316	Sound	106	20285225	301	1			0		other	0
317	Response	3	20460748	9045	2
319	Sound	107	20463918	386	1			0		other	0
320	Response	3	20640105	9627	3
322	Sound	47	20643111	303	2			0		other	0
323	Response	3	20820262	10675	3
325	Sound	28	20823404	322	2			0		other	0
326	Response	3	21013941	24079	1
328	Sound	77	21016997	311	1			0		other	0
329	Response	3	21193218	9752	2
331	Sound	167	21196291	329	1			0		other	0
332	Response	3	21375536	12795	1
334	Sound	137	21378584	348	1			0		other	0
335	Response	3	21558572	13557	2
337	Response	1	21628011	66668	2
338	Sound	29	21628474	319	1			0		other	0
339	Response	3	21807130	12196	1
341	Sound	138	21810267	338	2			0		other	0
342	Response	3	21991527	14818	1
344	Sound	78	21994760	391	2			0		other	0
345	Response	3	22190243	28928	3
347	Sound	108	22193353	381	1			0		other	0
348	Response	3	22373362	13444	1
350	Sound	168	22376446	367	1			0		other	0
351	Response	2	22555839	12981	1
353	Sound	48	22558839	319	1			0		other	0
354	Response	3	22741995	16696	3
356	Sound	49	22745132	339	1			0		other	0
357	Response	3	22972313	60741	1
359	Sound	79	22975423	372	2			0		other	0
360	Response	3	23156871	15040	1
362	Sound	169	23160016	358	2			0		other	0
363	Response	2	23330308	3870	1
365	Sound	139	23333410	308	1			0		other	0
366	Response	3	23505986	6105	1
368	Sound	20	23509103	391	1			0		other	0
369	Response	3	23692303	16645	1
371	Sound	109	23695296	311	1			0		other	0
372	Response	3	23874459	12695	3
374	Response	1	24072698	195439	1
375	Sound	80	24073182	320	1			0		other	0
376	Response	3	24250054	10413	2
378	Sound	21	24253175	371	1			0		other	0
379	Response	3	24431733	12150	1
381	Sound	50	24434768	357	1			0		other	0
382	Response	3	24615329	14138	2
384	Sound	110	24618361	343	1			0		other	0
385	Response	3	24798128	13330	1
387	Sound	170	24801354	395	1			0		other	0
388	Response	2	24979805	11900	1
390	Sound	140	24982947	380	1			0		other	0
391	Response	3	25167482	17969	2
393	Sound	111	25170540	368	1			0		other	0
394	Response	3	25390518	53566	2
396	Sound	22	25393632	365	1			0		other	0
397	Response	3	25577476	17430	2
399	Sound	171	25580525	319	1			0		other	0
400	Response	3	25763314	16329	1
402	Sound	51	25766517	371	2			0		other	0
403	Response	3	25948990	16065	2
405	Sound	141	25952110	358	2			0		other	0
406	Response	3	26132668	14137	2
408	Sound	81	26135704	345	1			0		other	0
409	Response	3	26313065	10927	2
411	Response	1	26364025	48224	2
412	Sound	112	26364495	377	1			0		other	0
413	Response	3	26537142	6078	2
415	Sound	142	26540288	393	1			0		other	0
416	Response	3	26712981	6141	1
418	Sound	23	26715981	310	2			0		other	0
419	Response	3	26915857	33407	2
421	Sound	82	26918974	369	1			0		other	0
422	Response	3	27097294	11910	2
424	Sound	172	27100367	321	1			0		other	0
425	Response	2	27281131	14306	3
427	Sound	52	27284160	340	1			0		other	0
428	Response	3	27465930	15331	1
430	Sound	24	27469153	393	1			0		other	0
431	Response	3	27649767	14061	2
433	Sound	173	27652846	313	1			0		other	0
434	Response	2	27830884	11571	2
436	Sound	83	27833939	298	1			0		other	0
437	Response	3	28010882	10462	2
439	Sound	143	28013932	349	1			0		other	0
440	Response	2	28184239	3877	2
442	Sound	53	28187325	299	2			0		other	0
443	Response	2	28390636	36830	2
445	Sound	113	28393817	358	2			0		other	0
446	Response	2	28572473	12234	3
448	Sound	144	28575611	377	1			0		other	0
449	Response	3	28751112	8933	1
451	Sound	114	28754204	362	1			0		other	0
452	Response	3	28945029	24407	1
454	Sound	54	28948096	317	2			0		other	0
455	Response	3	29147906	33347	1
457	Sound	174	29151089	376	1			0		other	0
458	Response	2	29330063	12404	2
460	Sound	84	29333182	361	1			0		other	0
461	Response	3	29524620	25020	2
463	Sound	25	29527774	350	1			0		other	0
464	Response	3	29711337	17133	3
466	Quit		30269101	555070
