Scenario - Amelia_Experiment2.sce
Logfile written - 12/06/2018 10:21:43

Trial	Event Type	Code	Time	TTime	Uncertainty	Duration	Uncertainty	ReqTime	ReqDur	Stim Type	Pair Index

1	Response	1	74743	74410	1
2	Response	1	383937	309129	2
3	Response	1	455537	71497	2
4	Sound	120	456078	395	1			0		other	0
5	Response	3	751853	129225	1
7	Sound	90	754964	380	1			0		other	0
8	Response	3	968649	47119	2
10	Sound	60	971655	308	1			0		other	0
11	Response	2	1155926	17801	3
13	Sound	30	1158946	328	2			0		other	0
14	Response	3	1355763	30366	3
16	Sound	150	1358937	385	2			0		other	0
17	Response	2	1540161	14663	2
19	Sound	1	1543329	337	1			0		other	0
20	Response	2	1745839	36069	1
22	Sound	2	1748920	329	1			0		other	0
23	Response	3	1941436	26067	1
25	Sound	61	1944511	318	1			0		other	0
26	Response	3	2139112	28141	3
28	Sound	91	2142102	307	2			0		other	0
29	Response	3	2351589	43016	3
31	Sound	121	2354693	302	1			0		other	0
32	Response	3	2568786	47617	3
34	Sound	151	2571883	397	1			0		other	0
35	Response	3	2779744	41313	2
37	Sound	31	2782974	391	1			0		other	0
38	Response	3	3005021	55493	2
40	Response	1	3402695	394853	2
41	Sound	3	3403046	334	1			0		other	0
42	Response	2	3583493	14003	1
44	Sound	62	3586638	320	1			0		other	0
45	Response	3	3778129	25032	3
47	Sound	122	3781229	308	1			0		other	0
48	Response	2	3967808	20109	1
50	Sound	32	3970920	395	1			0		other	0
51	Response	3	4155805	18335	1
53	Sound	92	4159012	383	1			0		other	0
54	Response	3	4358441	32866	2
56	Sound	152	4361603	374	1			0		other	0
57	Response	3	4554039	26031	2
59	Sound	63	4557194	362	1			0		other	0
60	Response	2	4730436	6826	2
62	Sound	153	4733586	313	2			0		other	0
63	Response	2	4904674	4622	2
65	Sound	123	4907779	396	1			0		other	0
66	Response	3	5087071	12743	2
68	Sound	33	5090171	348	1			0		other	0
69	Response	3	5280748	24147	2
71	Sound	4	5283962	370	1			0		other	0
72	Response	2	5454907	4536	1
74	Sound	93	5458054	352	2			0		other	0
75	Response	3	5638743	14263	2
77	Response	1	5726023	84549	1
78	Sound	94	5726443	330	1			0		other	0
79	Response	3	5899940	7048	2
81	Sound	64	5903035	313	1			0		other	0
82	Response	3	6087458	17958	1
84	Sound	34	6090527	367	1			0		other	0
85	Response	2	6264335	7397	2
87	Sound	5	6267419	317	1			0		other	0
88	Response	2	6438013	4133	1
90	Sound	124	6441011	300	2			0		other	0
91	Response	3	6637849	30359	2
93	Sound	154	6641003	358	1			0		other	0
94	Response	3	6820726	13302	3
96	Sound	95	6823795	376	1			0		other	0
97	Response	3	7003365	13001	1
99	Sound	35	7006587	395	1			0		other	0
100	Response	2	7177122	3985	2
102	Sound	155	7180179	378	1			0		other	0
103	Response	3	7369599	22853	2
105	Sound	6	7372771	366	1			0		other	0
106	Response	3	7546236	7053	2
108	Sound	65	7549363	350	1			0		other	0
109	Response	2	7723274	7482	2
111	Sound	125	7726255	300	2			0		other	0
112	Response	3	7914151	21417	2
114	Response	1	7998870	81978	2
115	Sound	156	7999344	312	1			0		other	0
116	Response	3	8175668	9858	2
118	Sound	126	8178836	363	1			0		other	0
119	Response	3	8353025	7773	2
121	Sound	66	8356128	380	1			0		other	0
122	Response	3	8540622	17929	3
124	Sound	36	8543720	367	2			0		other	0
125	Response	3	8728939	18807	3
127	Sound	7	8732013	388	1			0		other	0
128	Response	3	8905418	6847	1
130	Sound	96	8908605	371	2			0		other	0
131	Response	3	9092774	17761	3
133	Sound	8	9095898	391	1			0		other	0
134	Response	3	9287892	25440	2
136	Sound	157	9290991	381	1			0		other	0
137	Response	2	9477410	19854	1
139	Sound	97	9480583	368	2			0		other	0
140	Response	3	9666847	19852	2
142	Sound	67	9669977	323	1			0		other	0
143	Response	2	9879083	42649	2
145	Sound	127	9882269	350	1			0		other	0
146	Response	2	10054441	5742	2
148	Sound	37	10057563	367	1			0		other	0
149	Response	3	10233879	9903	2
151	Response	1	10316998	80360	1
152	Sound	98	10317453	340	1			0		other	0
153	Response	3	10498915	15023	2
155	Sound	38	10502047	327	1			0		other	0
156	Response	3	10678753	10253	1
158	Sound	158	10681840	345	1			0		other	0
159	Response	3	10859231	10956	1
161	Sound	9	10862334	397	1			0		other	0
162	Response	3	11037068	8184	1
164	Sound	128	11040227	347	2			0		other	0
165	Response	3	11214985	8325	2
167	Sound	68	11218121	298	1			0		other	0
168	Response	2	11404663	20060	1
170	Sound	99	11407814	385	2			0		other	0
171	Response	3	11579460	5085	2
173	Sound	159	11582508	302	1			0		other	0
174	Response	2	11764097	15111	2
176	Sound	39	11767202	389	1			0		other	0
177	Response	2	11941694	7934	2
179	Sound	10	11944795	372	2			0		other	0
180	Response	3	12124652	13449	2
182	Sound	69	12127689	325	1			0		other	0
183	Response	3	12331050	36906	1
185	Sound	129	12334181	383	2			0		other	0
186	Response	3	12506886	6142	2
188	Response	1	12660805	151230	1
189	Sound	160	12661170	311	1			0		other	0
190	Response	3	12838642	11003	2
192	Sound	130	12841864	396	1			0		other	0
193	Response	3	13017919	9505	3
195	Sound	70	13021057	314	1			0		other	0
196	Response	3	13197356	9833	3
198	Sound	11	13200551	365	1			0		other	0
199	Response	3	13373354	6389	2
201	Sound	40	13376444	315	2			0		other	0
202	Response	3	13553832	10923	2
204	Sound	100	13556938	367	1			0		other	0
205	Response	3	13733829	10478	2
207	Sound	161	13736832	319	1			0		other	0
208	Response	2	13907268	3975	1
210	Sound	101	13910325	368	2			0		other	0
211	Response	3	14086705	9968	1
213	Sound	41	14089719	320	1			0		other	0
214	Response	3	14264862	8683	2
216	Sound	71	14268012	336	2			0		other	0
217	Response	3	14443019	8564	2
219	Sound	131	14446106	321	1			0		other	0
220	Response	3	14617178	4614	1
222	Sound	22	14620200	305	1			0		other	0
223	Response	3	14798294	11619	2
226	Response	1	15434046	332972	1
227	Sound	132	15434470	337	2			0		other	0
228	Response	3	15619323	18411	2
230	Sound	42	15622464	392	1			0		other	0
231	Response	3	15796840	7822	2
233	Sound	162	15800057	375	1			0		other	0
234	Response	3	15970598	3970	2
236	Sound	102	15973651	359	1			0		other	0
237	Response	3	16152755	12683	2
239	Sound	23	16155944	377	1			0		other	0
240	Response	3	16334032	11519	2
242	Sound	72	16337238	396	1			0		other	0
243	Response	3	16517150	13362	2
245	Sound	43	16520331	382	1			0		other	0
246	Response	2	16691467	4571	2
248	Sound	103	16694525	299	1			0		other	0
249	Response	2	16865946	4940	1
251	Sound	24	16869018	348	1			0		other	0
252	Response	3	17043463	8013	2
254	Sound	163	17046612	332	1			0		other	0
255	Response	2	17220261	7202	1
257	Sound	73	17223405	349	1			0		other	0
258	Response	3	17395138	5303	2
260	Sound	133	17398199	366	1			0		other	0
261	Response	2	17568495	3883	2
263	Response	1	17633455	62178	1
264	Sound	25	17633890	300	2			0		other	0
265	Response	3	17811451	11081	2
267	Sound	74	17814584	386	1			0		other	0
268	Response	3	17990330	9186	1
270	Sound	164	17993477	336	1			0		other	0
271	Response	3	18184487	24567	2
273	Sound	104	18187570	326	1			0		other	0
274	Response	3	18362884	8860	2
276	Sound	44	18366063	376	2			0		other	0
277	Response	3	18543362	10729	1
279	Sound	134	18546457	328	1			0		other	0
280	Response	2	18717920	5012	1
282	Sound	165	18721050	311	2			0		other	0
283	Response	3	18897357	9839	1
285	Sound	105	18900544	363	1			0		other	0
286	Response	3	19076635	9675	1
288	Sound	26	19079837	381	1			0		other	0
289	Response	3	19255992	9590	1
291	Sound	135	19259031	299	1			0		other	0
292	Response	3	19441589	16078	2
294	Sound	75	19444724	386	1			0		other	0
295	Response	3	19626866	15581	2
297	Sound	45	19629917	305	1			0		other	0
298	Response	2	19801184	4793	2
300	Response	1	19868382	64493	3
301	Sound	46	19868908	373	1			0		other	0
302	Response	3	20046940	11629	2
304	Sound	106	20050001	358	2			0		other	0
305	Response	3	20226778	10356	2
307	Sound	27	20229895	310	1			0		other	0
308	Response	3	20400055	3691	2
310	Sound	76	20403188	326	2			0		other	0
311	Response	3	20579332	9690	3
313	Sound	166	20582482	345	1			0		other	0
314	Response	3	20760531	11614	1
316	Sound	136	20763575	329	1			0		other	0
317	Response	3	20945087	15062	2
319	Sound	167	20948169	316	1			0		other	0
320	Response	2	21118206	3574	1
322	Sound	137	21121262	299	1			0		other	0
323	Response	3	21292763	5020	2
325	Sound	28	21295956	382	1			0		other	0
326	Response	3	21474280	11760	2
328	Sound	107	21477349	334	1			0		other	0
329	Response	3	21655397	11603	2
331	Sound	47	21658442	319	1			0		other	0
332	Response	2	21841156	16254	1
334	Sound	77	21844235	339	2			0		other	0
335	Response	3	22015073	4397	2
337	Response	1	22072192	54352	1
338	Sound	78	22072627	304	1			0		other	0
339	Response	3	22258350	19248	1
341	Sound	168	22261420	325	1			0		other	0
342	Response	2	22434106	6232	3
344	Sound	138	22437214	343	1			0		other	0
345	Response	3	22612504	8853	2
347	Sound	108	22615707	393	1			0		other	0
348	Response	3	22788982	6722	2
350	Sound	29	22792100	343	1			0		other	0
351	Response	2	22965299	6763	2
353	Sound	48	22968394	361	1			0		other	0
354	Response	3	23139137	4325	2
356	Sound	49	23142287	310	2			0		other	0
357	Response	3	23319295	10539	1
359	Sound	109	23322481	396	1			0		other	0
360	Response	3	23500412	11381	2
362	Sound	139	23503574	381	1			0		other	0
363	Response	3	23679369	9230	2
365	Sound	169	23682467	332	1			0		other	0
366	Response	3	23860488	11573	1
368	Sound	79	23863560	317	2			0		other	0
369	Response	3	24033284	3261	2
371	Sound	20	24036354	333	1			0		other	0
372	Response	3	24215042	12242	2
374	Response	1	24403838	186043	3
375	Sound	170	24404240	338	2			0		other	0
376	Response	2	24579677	8996	1
378	Sound	21	24582834	324	1			0		other	0
379	Response	3	24753673	4383	3
381	Sound	140	24756827	373	1			0		other	0
382	Response	3	24927271	4037	2
384	Sound	50	24930421	356	1			0		other	0
385	Response	3	25107748	10904	3
387	Sound	80	25110814	308	1			0		other	0
388	Response	3	25289987	12702	1
390	Sound	110	25293107	327	1			0		other	0
391	Response	3	25476703	17143	3
393	Sound	111	25479700	313	1			0		other	0
394	Response	3	25657102	10936	1
396	Sound	171	25660193	365	1			0		other	0
397	Response	2	25831899	5291	2
399	Sound	141	25834987	382	1			0		other	0
400	Response	2	26010296	8745	2
402	Sound	51	26013380	333	1			0		other	0
403	Response	3	26185414	5588	2
405	Sound	81	26188473	316	2			0		other	0
406	Response	3	26359332	4396	1
408	Sound	22	26362467	366	1			0		other	0
409	Response	3	26539168	10288	2
411	Response	1	26569568	27692	2
412	Sound	142	26570059	359	1			0		other	0
413	Response	3	26747965	11486	3
415	Sound	23	26751152	344	2			0		other	0
416	Response	3	26933243	15656	2
418	Sound	112	26936445	364	1			0		other	0
419	Response	3	27111721	8861	2
421	Sound	172	27114839	316	1			0		other	0
422	Response	2	27285799	4496	1
424	Sound	52	27288932	299	1			0		other	0
425	Response	3	27462196	6783	2
427	Sound	82	27465225	315	2			0		other	0
428	Response	3	27645394	13705	1
430	Sound	83	27648518	335	2			0		other	0
431	Response	3	27826751	11788	1
433	Sound	53	27829812	354	1			0		other	0
434	Response	2	28000748	4511	2
436	Sound	24	28003905	337	1			0		other	0
437	Response	3	28178345	7997	2
438	Response	3	28178666	155	1
439	Sound	143	28181498	321	1			0		other	0
440	Response	2	28350983	3027	2
442	Sound	173	28354092	304	1			0		other	0
443	Response	2	28524181	3614	2
445	Sound	113	28527285	386	1			0		other	0
446	Response	3	28703379	9535	1
448	Sound	114	28706478	304	1			0		other	0
449	Response	3	28908016	35063	1
451	Sound	84	28911171	397	1			0		other	0
452	Response	2	29081694	3974	1
454	Sound	54	29084764	380	1			0		other	0
455	Response	3	29259691	8361	1
457	Sound	25	29262857	364	1			0		other	0
458	Response	3	29437127	7855	3
460	Sound	144	29440250	315	2			0		other	0
461	Response	3	29631285	24570	2
463	Sound	174	29634343	304	1			0		other	0
464	Response	3	29817763	16945	1
466	Quit		34532267	4711788
