Scenario - Amelia_Experiment2.sce
Logfile written - 11/23/2018 15:14:38

Trial	Event Type	Code	Time	TTime	Uncertainty	Duration	Uncertainty	ReqTime	ReqDur	Stim Type	Pair Index

1	Response	1	10782	10616	1
2	Response	1	21422	10593	1
3	Response	1	32861	11369	2
4	Sound	90	33296	308	2			0		other	0
5	Response	3	234939	35172	1
7	Sound	30	238087	333	2			0		other	0
8	Response	2	429896	25363	1
10	Sound	30	433079	389	1			0		other	0
11	Response	2	620213	20578	2
13	Sound	120	623270	309	1			0		other	0
14	Response	3	808611	18872	1
16	Sound	1	811762	363	1			0		other	0
17	Response	3	1000447	22270	3
19	Sound	150	1003553	384	2			0		other	0
20	Response	2	1182606	12492	1
22	Sound	2	1185745	303	1			0		other	0
23	Response	3	1373643	21422	1
25	Sound	31	1376736	357	2			0		other	0
26	Response	2	1555880	12722	2
28	Sound	31	1559028	375	2			0		other	0
29	Response	3	1743878	18280	1
31	Sound	91	1746920	329	1			0		other	0
32	Response	3	1932675	19306	1
34	Sound	151	1935712	350	1			0		other	0
35	Response	2	2128352	26212	2
37	Sound	121	2131503	372	1			0		other	0
38	Response	3	2316030	18121	1
40	Response	1	2363708	44972	2
41	Sound	32	2364192	305	1			0		other	0
42	Response	2	2544746	14080	2
44	Sound	92	2547884	390	1			0		other	0
45	Response	3	2729544	15106	1
47	Sound	152	2732576	310	1			0		other	0
48	Response	3	2915221	16177	1
50	Sound	122	2918367	329	2			0		other	0
51	Response	3	3112978	28162	2
53	Sound	3	3116158	352	2			0		other	0
54	Response	2	3293776	11192	1
56	Sound	32	3296950	370	2			0		other	0
57	Response	2	3477453	14095	1
59	Sound	9	3480542	356	1			0		other	0
60	Response	3	3663531	16567	1
62	Sound	153	3666634	343	1			0		other	0
63	Response	2	3850967	17898	2
65	Sound	123	3854125	396	2			0		other	0
66	Response	2	4035044	14370	3
68	Sound	33	4038217	382	2			0		other	0
69	Response	3	4220722	15942	2
71	Sound	33	4223809	368	1			0		other	0
72	Response	3	4409279	19060	2
74	Sound	4	4412401	356	1			0		other	0
75	Response	2	4594717	15893	2
77	Response	1	4658236	60752	2
78	Sound	154	4658690	392	1			0		other	0
79	Response	2	4837913	12670	2
81	Sound	34	4841082	345	1			0		other	0
82	Response	3	5025991	18475	2
84	Sound	9	5028973	297	2			0		other	0
85	Response	3	5212869	17415	1
87	Sound	34	5215965	351	1			0		other	0
88	Response	2	5396466	14074	2
90	Sound	5	5399557	337	1			0		other	0
91	Response	2	5580782	14783	3
93	Sound	124	5583849	356	1			0		other	0
94	Response	3	5766141	15870	1
96	Sound	6	5769241	309	1			0		other	0
97	Response	3	5952937	17227	2
99	Sound	35	5956033	329	1			0		other	0
100	Response	3	6140215	17733	2
102	Sound	9	6143325	350	1			0		other	0
103	Response	3	6330453	20699	1
105	Sound	155	6333616	370	2			0		other	0
106	Response	2	6515010	14986	2
108	Sound	35	6518208	356	1			0		other	0
109	Response	2	6696528	11897	1
111	Sound	125	6699600	308	2			0		other	0
112	Response	3	6880525	14454	2
114	Response	1	6961564	78332	1
115	Sound	36	6962089	383	1			0		other	0
116	Response	3	7160841	32190	2
118	Sound	126	7163980	340	1			0		other	0
119	Response	3	7347158	16740	2
121	Sound	36	7350272	361	1			0		other	0
122	Response	3	7534596	17906	1
124	Sound	156	7537664	314	1			0		other	0
125	Response	2	7718672	14544	3
127	Sound	7	7721756	300	1			0		other	0
128	Response	3	7905151	16916	1
130	Sound	9	7908248	353	1			0		other	0
131	Response	3	8091388	16715	2
133	Sound	37	8094540	373	1			0		other	0
134	Response	3	8276665	15720	2
136	Sound	9	8279832	393	1			0		other	0
137	Response	3	8465143	18759	1
139	Sound	127	8468224	347	1			0		other	0
140	Response	3	8654100	19444	1
142	Sound	157	8657116	301	1			0		other	0
143	Response	2	8837058	13464	1
145	Sound	8	8840108	352	1			0		other	0
146	Response	3	9028815	22281	1
148	Sound	37	9031900	374	1			0		other	0
149	Response	2	9210332	12029	2
151	Response	1	9241452	28318	1
152	Sound	38	9241992	368	1			0		other	0
153	Response	3	9424888	16484	3
155	Sound	128	9428084	353	2			0		other	0
156	Response	3	9611207	16697	1
158	Sound	38	9614377	374	1			0		other	0
159	Response	2	9794403	13623	2
161	Sound	158	9797470	359	1			0		other	0
162	Response	3	9978802	14912	1
164	Sound	9	9981863	312	2			0		other	0
165	Response	2	10161999	13668	1
167	Sound	9	10165157	331	1			0		other	0
168	Response	3	10349276	17671	2
170	Sound	39	10352450	352	1			0		other	0
171	Response	2	10534394	15516	1
173	Sound	129	10537543	338	1			0		other	0
174	Response	3	10720871	16886	1
176	Sound	10	10724036	390	1			0		other	0
177	Response	3	10914708	24116	2
179	Sound	39	10917729	313	2			0		other	0
180	Response	3	11098385	14189	2
182	Sound	99	11101523	332	1			0		other	0
183	Response	3	11283343	15373	1
185	Sound	159	11286516	385	1			0		other	0
186	Response	2	11464861	11784	1
188	Response	1	11487020	19447	2
189	Sound	130	11487409	342	1			0		other	0
190	Response	3	11672938	19092	1
192	Sound	100	11676002	329	1			0		other	0
193	Response	3	11860935	18483	1
195	Sound	160	11864095	316	2			0		other	0
196	Response	2	12044052	13493	2
198	Sound	40	12047189	302	1			0		other	0
199	Response	3	12228530	14864	1
201	Sound	40	12231682	355	2			0		other	0
202	Response	3	12436526	38419	2
204	Sound	11	12439575	315	1			0		other	0
205	Response	3	12626844	20804	2
207	Sound	41	12629868	335	2			0		other	0
208	Response	3	12811641	15329	2
210	Sound	131	12814862	389	1			0		other	0
211	Response	3	12997318	15898	2
213	Sound	161	13000455	375	1			0		other	0
214	Response	3	13182516	15489	2
216	Sound	22	13185749	395	1			0		other	0
217	Response	3	13367073	14773	2
219	Sound	41	13370142	347	1			0		other	0
220	Response	2	13549710	13136	3
222	Sound	101	13552736	333	1			0		other	0
223	Response	3	13733789	14607	1
226	Response	1	14059384	22804	1
227	Sound	162	14059718	312	1			0		other	0
228	Response	3	14241460	15274	3
230	Sound	42	14244511	331	1			0		other	0
231	Response	2	14419618	8658	2
233	Sound	23	14422805	349	1			0		other	0
234	Response	3	14604816	15580	2
236	Sound	42	14607898	335	1			0		other	0
237	Response	3	14788974	14631	1
239	Sound	132	14791992	321	1			0		other	0
240	Response	3	14974491	16040	1
242	Sound	102	14977585	307	1			0		other	0
243	Response	3	15159848	15790	2
245	Sound	133	15162878	327	2			0		other	0
246	Response	3	15345765	16434	2
248	Sound	43	15348872	380	1			0		other	0
249	Response	3	15530003	14565	2
251	Sound	24	15533065	299	1			0		other	0
252	Response	3	15713600	14055	2
254	Sound	163	15716758	385	2			0		other	0
255	Response	2	15897838	14519	1
257	Sound	103	15900952	305	1			0		other	0
258	Response	3	16081676	14249	1
260	Sound	43	16084745	324	1			0		other	0
261	Response	3	16269193	17992	1
263	Response	1	16302952	30924	2
264	Sound	104	16303337	319	2			0		other	0
265	Response	3	16487590	17793	1
267	Sound	44	16490631	340	1			0		other	0
268	Response	2	16670067	12997	1
270	Sound	44	16673224	325	1			0		other	0
271	Response	3	16855185	15507	1
273	Sound	164	16858317	311	2			0		other	0
274	Response	3	17043182	18397	1
276	Sound	134	17046311	366	1			0		other	0
277	Response	3	17229899	17174	2
279	Sound	25	17233104	386	1			0		other	0
280	Response	3	17440616	40952	2
282	Sound	105	17443696	379	2			0		other	0
283	Response	3	17628294	18031	1
285	Sound	26	17631390	300	1			0		other	0
286	Response	3	17814211	16342	2
288	Sound	45	17817383	353	1			0		other	0
289	Response	3	18000928	17118	2
291	Sound	165	18003976	340	1			0		other	0
292	Response	2	18182286	11870	1
294	Sound	45	18185469	391	2			0		other	0
295	Response	2	18365242	13218	2
297	Sound	135	18368363	344	1			0		other	0
298	Response	3	18550601	15802	1
300	Response	1	18585159	31866	2
301	Sound	46	18585655	373	1			0		other	0
302	Response	3	18767958	15896	1
304	Sound	106	18771048	326	1			0		other	0
305	Response	3	18954755	17253	1
307	Sound	166	18957841	346	2			0		other	0
308	Response	3	19148351	24076	3
310	Sound	136	19151434	334	2			0		other	0
311	Response	3	19337629	19750	2
313	Sound	53	19340727	355	2			0		other	0
314	Response	2	19518186	11034	2
316	Sound	27	19521321	341	1			0		other	0
317	Response	3	19714504	26744	2
319	Sound	167	19717614	364	1			0		other	0
320	Response	3	19900022	15992	1
322	Sound	107	19903207	350	1			0		other	0
323	Response	3	20086739	17102	1
325	Sound	28	20089800	336	1			0		other	0
326	Response	3	20272335	16092	3
328	Sound	137	20275393	323	2			0		other	0
329	Response	3	20458974	17124	1
331	Sound	54	20461987	310	1			0		other	0
332	Response	3	20643530	15074	3
334	Sound	47	20646680	396	1			0		other	0
335	Response	3	20828889	15659	1
337	Response	1	20889047	57323	2
338	Sound	46	20889571	366	1			0		other	0
339	Response	3	21069925	13940	2
341	Sound	48	21072964	318	1			0		other	0
342	Response	2	21250723	11297	1
344	Sound	138	21253758	337	1			0		other	0
345	Response	3	21436400	16199	1
347	Sound	168	21439551	356	1			0		other	0
348	Response	3	21622236	16262	3
350	Sound	29	21625344	376	1			0		other	0
351	Response	3	21805355	13441	1
353	Sound	108	21808437	362	2			0		other	0
354	Response	3	21990631	15776	3
356	Sound	49	21993730	381	2			0		other	0
357	Response	3	22175028	14733	3
359	Sound	52	22178124	334	1			0		other	0
360	Response	2	22355266	10697	2
362	Sound	169	22358417	352	1			0		other	0
363	Response	2	22538144	13300	2
365	Sound	20	22541210	371	2			0		other	0
366	Response	3	22734782	27164	1
368	Sound	109	22738003	394	1			0		other	0
369	Response	3	22922219	17664	1
371	Sound	139	22925396	348	1			0		other	0
372	Response	3	23108296	16469	2
374	Response	1	23153976	42988	1
375	Sound	21	23154488	347	1			0		other	0
376	Response	2	23335973	15053	2
378	Sound	170	23339081	333	1			0		other	0
379	Response	2	23519811	14284	1
381	Sound	50	23522874	352	2			0		other	0
382	Response	3	23704688	15387	1
384	Sound	140	23707767	305	2			0		other	0
385	Response	3	23889725	15484	2
387	Sound	47	23892961	392	1			0		other	0
388	Response	3	24074363	14848	1
390	Sound	110	24077554	378	1			0		other	0
391	Response	3	24259639	15517	3
393	Sound	141	24262747	298	1			0		other	0
394	Response	3	24443397	14168	2
396	Sound	111	24446540	317	1			0		other	0
397	Response	3	24631315	18312	1
399	Sound	51	24634333	337	1			0		other	0
400	Response	3	24814912	14137	2
402	Sound	171	24817926	323	2			0		other	0
403	Response	3	24998670	14287	1
405	Sound	48	25001720	343	1			0		other	0
406	Response	3	25183627	15471	1
408	Sound	22	25186713	396	1			0		other	0
409	Response	2	25366664	13401	2
411	Response	1	25400024	30599	1
412	Sound	172	25400405	323	1			0		other	0
413	Response	2	25578901	12040	2
415	Sound	23	25581998	309	1			0		other	0
416	Response	3	25761858	13389	2
418	Sound	112	25764991	361	2			0		other	0
419	Response	2	25942655	11245	3
421	Sound	52	25945785	380	1			0		other	0
422	Response	2	26125213	12862	2
424	Sound	49	26128378	365	1			0		other	0
425	Response	2	26314091	19299	2
427	Sound	142	26317171	386	1			0		other	0
428	Response	2	26495209	11478	1
430	Sound	113	26498264	371	1			0		other	0
431	Response	3	26696006	31334	1
433	Sound	173	26699157	329	1			0		other	0
434	Response	2	26877122	11515	2
436	Sound	143	26880250	314	1			0		other	0
437	Response	2	27059280	12564	2
439	Sound	24	27062343	299	1			0		other	0
440	Response	3	27240718	11895	1
442	Sound	50	27243836	351	2			0		other	0
443	Response	3	27424556	14291	1
445	Sound	53	27427630	371	1			0		other	0
446	Response	3	27615272	21233	2
448	Sound	144	27618423	392	1			0		other	0
449	Response	2	27797030	12053	2
451	Sound	54	27800116	311	1			0		other	0
452	Response	3	27980068	13483	1
454	Sound	25	27983109	363	1			0		other	0
455	Response	3	28165105	15580	1
457	Sound	51	28168202	349	1			0		other	0
458	Response	3	28348222	13590	2
460	Sound	174	28351295	335	2			0		other	0
461	Response	3	28538220	20480	1
463	Sound	114	28541288	389	2			0		other	0
464	Response	3	28723417	15572	2
466	Quit		28804146	77974
