Scenario - Amelia_Experiment2.sce
Logfile written - 11/26/2018 15:33:34

Trial	Event Type	Code	Time	TTime	Uncertainty	Duration	Uncertainty	ReqTime	ReqDur	Stim Type	Pair Index

1	Response	1	137650	137318	3
2	Response	1	402847	265060	2
3	Response	1	526206	123340	1
4	Sound	90	526674	348	2			0		other	0
5	Response	2	716442	23338	2
7	Sound	150	719566	304	1			0		other	0
8	Response	2	903160	17119	2
10	Sound	60	906257	390	2			0		other	0
11	Response	3	1083477	10664	2
13	Sound	1	1086649	341	2			0		other	0
14	Response	3	1270435	17348	2
16	Sound	120	1273641	394	1			0		other	0
17	Response	2	1456912	16720	2
19	Sound	30	1460033	348	1			0		other	0
20	Response	3	1647550	21087	1
22	Sound	61	1650624	335	1			0		other	0
23	Response	2	1830186	13119	2
25	Sound	121	1833216	321	1			0		other	0
26	Response	2	2011064	11390	2
28	Sound	91	2014208	372	1			0		other	0
29	Response	3	2195222	14608	2
31	Sound	151	2198299	357	2			0		other	0
32	Response	2	2377380	12660	1
34	Sound	31	2380591	376	2			0		other	0
35	Response	3	2557457	10297	1
37	Sound	2	2560483	327	2			0		other	0
38	Response	3	2741533	14599	3
40	Response	1	2874572	130311	2
41	Sound	152	2875069	351	1			0		other	0
42	Response	2	3051849	10352	2
44	Sound	32	3054961	302	1			0		other	0
45	Response	3	3234808	13371	1
47	Sound	3	3237953	354	1			0		other	0
48	Response	3	3419925	15548	1
50	Sound	122	3423045	341	1			0		other	0
51	Response	2	3601682	12199	2
53	Sound	62	3604837	359	1			0		other	0
54	Response	3	3789040	17784	1
56	Sound	92	3792128	379	1			0		other	0
57	Response	2	3971357	12663	1
59	Sound	93	3974520	331	1			0		other	0
60	Response	3	4154875	13908	1
62	Sound	123	4158012	383	1			0		other	0
63	Response	2	4338391	13817	2
65	Sound	4	4341604	369	1			0		other	0
66	Response	3	4525028	17015	3
68	Sound	153	4528196	356	1			0		other	0
69	Response	3	4706307	11689	1
71	Sound	63	4709488	374	1			0		other	0
72	Response	3	4889024	13135	1
74	Sound	33	4892079	359	2			0		other	0
75	Response	3	5070862	12363	1
77	Response	1	5316777	243117	2
78	Sound	94	5317261	347	1			0		other	0
79	Response	2	5491416	7724	1
81	Sound	34	5494553	364	1			0		other	0
82	Response	3	5671813	10846	1
84	Sound	64	5674945	316	1			0		other	0
85	Response	3	5854289	12881	3
87	Sound	154	5857437	368	1			0		other	0
88	Response	2	6031728	7881	1
90	Sound	5	6034829	318	2			0		other	0
91	Response	2	6210285	8996	2
93	Sound	124	6213422	304	1			0		other	0
94	Response	2	6397082	17185	2
96	Sound	35	6400213	323	2			0		other	0
97	Response	2	6571159	4490	3
99	Sound	6	6574306	306	1			0		other	0
100	Response	3	6748517	7739	2
102	Sound	155	6751598	323	1			0		other	0
103	Response	2	6924595	6542	2
105	Sound	125	6927690	307	2			0		other	0
106	Response	2	7112672	18510	2
108	Sound	95	7115882	394	1			0		other	0
109	Response	3	7288189	5756	3
111	Sound	65	7291275	345	1			0		other	0
112	Response	3	7472827	15118	2
114	Response	1	7636184	160648	2
115	Sound	126	7636660	343	1			0		other	0
116	Response	2	7809782	6687	2
118	Sound	66	7812952	360	1			0		other	0
119	Response	3	7989299	9928	3
121	Sound	96	7992344	311	2			0		other	0
122	Response	3	8175297	16485	2
124	Sound	156	8178436	297	1			0		other	0
125	Response	2	8355855	10938	2
127	Sound	7	8358929	350	1			0		other	0
128	Response	3	8543611	18253	3
130	Sound	36	8546721	370	1			0		other	0
131	Response	2	8725770	12640	1
133	Sound	8	8728813	355	1			0		other	0
134	Response	3	8905446	10209	3
136	Sound	97	8908606	373	1			0		other	0
137	Response	3	9085125	10113	1
139	Sound	67	9088199	357	1			0		other	0
140	Response	3	9265842	11221	2
142	Sound	157	9268992	376	2			0		other	0
143	Response	2	9443200	7638	1
145	Sound	37	9446286	394	1			0		other	0
146	Response	2	9619757	6918	2
148	Sound	127	9622879	377	2			0		other	0
149	Response	2	9796314	6866	2
151	Response	1	9971511	172399	3
152	Sound	68	9971867	310	1			0		other	0
153	Response	3	10155270	16934	1
155	Sound	38	10158360	363	1			0		other	0
156	Response	2	10334707	9931	2
158	Sound	128	10337754	315	1			0		other	0
159	Response	2	10511904	7686	2
161	Sound	158	10515047	332	1			0		other	0
162	Response	3	10695581	14086	3
164	Sound	9	10698641	318	1			0		other	0
165	Response	3	10875740	10638	1
167	Sound	98	10878734	303	1			0		other	0
168	Response	2	11057897	12686	2
170	Sound	99	11061028	322	1			0		other	0
171	Response	3	11240294	12808	2
173	Sound	39	11243321	340	1			0		other	0
174	Response	3	11426531	16771	2
176	Sound	159	11429615	361	1			0		other	0
177	Response	2	11601970	5936	1
179	Sound	129	11605008	310	2			0		other	0
180	Response	2	11779327	7850	1
182	Sound	69	11782502	361	1			0		other	0
183	Response	3	11957805	8885	1
185	Sound	10	11960896	313	1			0		other	0
186	Response	3	12141001	13638	2
188	Response	1	12244760	101069	2
189	Sound	130	12245186	361	1			0		other	0
190	Response	2	12418837	7232	2
192	Sound	100	12421979	377	2			0		other	0
193	Response	3	12599075	10527	2
195	Sound	11	12602273	396	1			0		other	0
196	Response	3	12789472	20649	2
198	Sound	70	12792666	350	2			0		other	0
199	Response	2	12980750	21654	1
201	Sound	160	12983960	372	1			0		other	0
202	Response	2	13167386	17019	3
204	Sound	40	13170553	359	1			0		other	0
205	Response	3	13352025	15051	1
207	Sound	101	13355146	344	2			0		other	0
208	Response	3	13529782	8201	2
210	Sound	161	13532940	362	1			0		other	0
211	Response	2	13708500	9143	1
213	Sound	71	13711534	347	1			0		other	0
214	Response	3	13889857	11890	2
216	Sound	22	13892927	298	1			0		other	0
217	Response	3	14075695	16287	1
219	Sound	41	14078721	319	1			0		other	0
220	Response	3	14264812	19630	1
222	Sound	131	14267814	306	1			0		other	0
223	Response	2	14441769	7481	2
225	Response	1	14740804	296353	3
226	Response	1	14812964	68443	2
227	Sound	162	14813394	395	2			0		other	0
228	Response	2	14990082	10137	1
230	Sound	72	14993088	313	1			0		other	0
231	Response	3	15168159	8605	2
233	Sound	132	15171182	298	1			0		other	0
234	Response	2	15349197	11534	1
236	Sound	23	15352375	383	1			0		other	0
237	Response	2	15528953	10015	2
239	Sound	102	15532069	301	1			0		other	0
240	Response	3	15709432	10885	1
242	Sound	42	15712562	353	2			0		other	0
243	Response	3	15891829	12840	1
245	Sound	43	15894956	305	1			0		other	0
246	Response	3	16089826	28396	2
248	Sound	103	16092949	362	1			0		other	0
249	Response	2	16265984	6618	1
251	Sound	73	16269042	345	2			0		other	0
252	Response	3	16448700	13224	3
254	Sound	163	16451836	365	1			0		other	0
255	Response	2	16622299	4048	1
257	Sound	24	16625429	347	2			0		other	0
258	Response	3	16800775	8914	2
260	Sound	133	16803823	299	1			0		other	0
261	Response	2	16974374	4070	1
263	Response	1	17038932	61797	2
264	Sound	104	17039315	367	1			0		other	0
265	Response	2	17212370	6642	2
267	Sound	74	17215408	350	1			0		other	0
268	Response	3	17395407	13569	2
270	Sound	134	17398502	336	1			0		other	0
271	Response	2	17572125	7180	2
273	Sound	25	17575295	353	1			0		other	0
274	Response	3	17755243	13521	1
276	Sound	44	17758389	339	1			0		other	0
277	Response	2	17930440	5611	1
279	Sound	164	17933482	322	1			0		other	0
280	Response	2	18107717	7778	2
282	Sound	45	18110776	340	1			0		other	0
283	Response	3	18290514	13298	2
285	Sound	105	18293569	359	1			0		other	0
286	Response	2	18466513	6523	1
288	Sound	75	18469663	343	1			0		other	0
289	Response	3	18653950	17850	1
291	Sound	165	18657156	396	1			0		other	0
292	Response	2	18831068	7362	1
294	Sound	26	18834250	381	1			0		other	0
295	Response	3	19010505	9690	1
297	Sound	135	19013643	332	1			0		other	0
298	Response	2	19187303	7212	1
300	Response	1	19258741	68653	2
301	Sound	46	19259234	335	1			0		other	0
302	Response	2	19433698	8020	2
304	Sound	106	19436828	320	1			0		other	0
305	Response	3	19610577	7289	1
307	Sound	166	19613621	337	1			0		other	0
308	Response	2	19791053	10989	3
310	Sound	76	19794215	322	1			0		other	0
311	Response	3	19974170	13498	3
313	Sound	27	19977308	308	1			0		other	0
314	Response	3	20167209	23429	1
316	Sound	136	20170301	363	1			0		other	0
317	Response	2	20345366	8649	1
319	Sound	77	20348394	347	2			0		other	0
320	Response	3	20526724	11897	1
322	Sound	28	20529788	299	1			0		other	0
323	Response	3	20712800	16532	2
325	Sound	107	20715981	386	1			0		other	0
326	Response	2	20887039	4498	1
328	Sound	47	20890175	303	1			0		other	0
329	Response	3	21067675	11023	2
331	Sound	167	21070868	388	1			0		other	0
332	Response	2	21245032	7606	3
334	Sound	137	21248061	305	2			0		other	0
335	Response	2	21426311	11775	1
337	Response	1	21550468	121437	2
338	Sound	168	21550850	358	2			0		other	0
339	Response	2	21722867	5596	1
341	Sound	29	21725944	342	1			0		other	0
342	Response	3	21908544	16163	1
344	Sound	48	21911737	362	1			0		other	0
345	Response	3	22091022	12867	1
347	Sound	78	22094130	314	2			0		other	0
348	Response	3	22272779	12183	1
350	Sound	138	22275924	333	1			0		other	0
351	Response	2	22454456	12086	2
353	Sound	108	22457517	318	1			0		other	0
354	Response	3	22641093	17115	2
356	Sound	109	22644110	305	1			0		other	0
357	Response	3	22822291	11706	2
359	Sound	79	22825403	323	2			0		other	0
360	Response	2	22998769	6910	1
362	Sound	169	23001897	374	1			0		other	0
363	Response	2	23174206	5737	2
365	Sound	20	23177290	324	2			0		other	0
366	Response	2	23350684	6939	1
368	Sound	49	23353784	375	1			0		other	0
369	Response	3	23533161	12806	2
371	Sound	139	23536177	327	1			0		other	0
372	Response	2	23710598	7969	2
374	Response	1	23836357	123065	1
375	Sound	140	23836766	347	1			0		other	0
376	Response	3	24026274	23075	1
378	Sound	50	24029359	335	1			0		other	0
379	Response	3	24204271	8468	2
381	Sound	170	24207352	386	2			0		other	0
382	Response	2	24379148	5236	2
384	Sound	21	24382246	336	1			0		other	0
385	Response	2	24558266	9577	2
387	Sound	80	24561339	321	2			0		other	0
388	Response	3	24739703	11905	2
390	Sound	110	24742833	374	1			0		other	0
391	Response	3	24924342	15106	1
393	Sound	81	24927426	360	1			0		other	0
394	Response	3	25110179	16333	1
396	Sound	171	25113319	313	1			0		other	0
397	Response	3	25291055	11269	3
399	Sound	51	25294112	331	1			0		other	0
400	Response	2	25464974	4414	1
402	Sound	111	25468106	381	1			0		other	0
403	Response	3	25642731	8060	2
405	Sound	22	25645799	299	1			0		other	0
406	Response	3	25824728	12448	2
408	Sound	141	25827792	350	2			0		other	0
409	Response	2	25999686	5465	2
411	Response	1	26081284	78899	3
412	Sound	52	26081683	324	1			0		other	0
413	Response	2	26257123	8984	1
415	Sound	82	26260176	375	2			0		other	0
416	Response	3	26437121	10374	1
418	Sound	112	26440270	360	1			0		other	0
419	Response	2	26610637	3948	2
421	Sound	172	26613663	309	1			0		other	0
422	Response	2	26785275	5142	2
424	Sound	23	26788357	393	1			0		other	0
425	Response	3	26963592	8682	2
427	Sound	142	26966750	344	1			0		other	0
428	Response	3	27138309	5124	3
430	Sound	143	27141343	327	2			0		other	0
431	Response	2	27311428	3633	1
433	Sound	83	27314437	310	1			0		other	0
434	Response	3	27488145	7239	2
436	Sound	113	27491230	327	2			0		other	0
437	Response	3	27666543	8861	1
439	Sound	53	27669724	379	1			0		other	0
440	Response	3	27849899	13608	2
442	Sound	173	27852917	298	1			0		other	0
443	Response	2	28036457	17059	2
445	Sound	24	28039610	385	1			0		other	0
446	Response	3	28221014	14843	2
448	Sound	144	28224203	371	1			0		other	0
449	Response	2	28394373	3762	1
451	Sound	54	28397497	388	1			0		other	0
452	Response	2	28580370	16315	1
454	Sound	25	28583390	341	1			0		other	0
455	Response	3	28760848	11020	1
457	Sound	174	28763983	326	1			0		other	0
458	Response	2	28939324	8888	2
460	Sound	84	28942476	377	1			0		other	0
461	Response	3	29116841	7796	3
463	Sound	114	29119870	328	1			0		other	0
464	Response	2	29292280	5959	1
466	Quit		29647965	352980
