Scenario - Amelia_Experiment2.sce
Logfile written - 12/13/2018 12:58:03

Trial	Event Type	Code	Time	TTime	Uncertainty	Duration	Uncertainty	ReqTime	ReqDur	Stim Type	Pair Index

1	Response	1	69138	68806	1
2	Response	1	233215	163905	2
3	Response	1	313373	80117	2
4	Sound	30	313784	388	1			0		other	0
5	Response	3	501531	21189	2
7	Sound	120	504676	342	1			0		other	0
8	Response	3	709448	38336	2
10	Sound	1	712566	301	2			0		other	0
11	Response	3	909766	30722	1
13	Sound	150	912858	325	1			0		other	0
14	Response	3	1111683	32372	1
16	Sound	90	1114849	382	1			0		other	0
17	Response	3	1312880	31468	2
19	Sound	60	1315940	373	1			0		other	0
20	Response	3	1518957	36611	2
22	Sound	91	1522031	365	1			0		other	0
23	Response	3	1725754	37310	2
25	Sound	31	1728921	323	2			0		other	0
26	Response	3	1937031	41655	2
28	Sound	61	1940212	350	1			0		other	0
29	Response	3	2189988	83348	1
31	Sound	2	2193101	323	1			0		other	0
32	Response	3	2435423	75866	3
34	Sound	151	2438590	392	1			0		other	0
35	Response	3	2654861	49718	2
37	Sound	121	2657980	355	1			0		other	0
38	Response	3	2870458	46054	2
40	Response	1	2899257	26036	2
41	Sound	3	2899769	390	1			0		other	0
42	Response	3	3117654	51330	2
44	Sound	152	3120859	386	1			0		other	0
45	Response	3	3314050	26632	3
47	Sound	122	3317050	309	2			0		other	0
48	Response	3	3511488	27968	2
50	Sound	62	3514542	366	1			0		other	0
51	Response	3	3699006	18051	2
53	Sound	92	3702133	352	1			0		other	0
54	Response	3	3888764	20205	1
56	Sound	32	3891925	373	1			0		other	0
57	Response	3	4079161	20831	1
59	Sound	123	4082316	327	1			0		other	0
60	Response	3	4260518	11751	2
62	Sound	63	4263608	346	1			0		other	0
63	Response	3	4449956	19915	1
65	Sound	93	4452999	299	2			0		other	0
66	Response	3	4650753	31275	1
68	Sound	4	4653791	324	1			0		other	0
69	Response	3	4846669	26423	3
71	Sound	153	4849782	379	1			0		other	0
72	Response	3	5039227	22879	2
74	Sound	33	5042373	367	1			0		other	0
75	Response	3	5230265	21481	1
77	Response	1	5438902	205959	1
78	Sound	5	5439356	314	1			0		other	0
79	Response	3	5631458	25638	2
81	Sound	34	5634447	303	1			0		other	0
82	Response	3	5840415	39492	3
84	Sound	124	5843638	396	1			0		other	0
85	Response	3	6021933	11746	2
87	Sound	94	6025030	348	1			0		other	0
88	Response	3	6209371	17910	1
90	Sound	64	6212422	302	1			0		other	0
91	Response	3	6396728	17829	2
93	Sound	154	6399913	354	2			0		other	0
94	Response	3	6583045	16708	2
96	Sound	95	6586205	374	2			0		other	0
97	Response	3	6770723	17947	1
99	Sound	155	6773797	361	1			0		other	0
100	Response	3	6961840	21626	2
102	Sound	65	6964889	350	1			0		other	0
103	Response	3	7147917	16599	2
105	Sound	125	7150981	336	1			0		other	0
106	Response	3	7330555	13131	2
108	Sound	6	7333573	321	1			0		other	0
109	Response	3	7526473	26443	1
111	Sound	35	7529564	377	1			0		other	0
112	Response	3	7720950	24818	1
114	Response	1	7912626	188836	2
115	Sound	156	7913047	319	1			0		other	0
116	Response	3	8094624	15118	2
118	Sound	126	8097639	306	1			0		other	0
119	Response	3	8276302	12190	1
121	Sound	36	8279431	324	1			0		other	0
122	Response	3	8467178	21293	3
124	Sound	96	8470223	345	1			0		other	0
125	Response	3	8657895	21239	3
127	Sound	7	8661015	367	1			0		other	0
128	Response	3	8850293	22866	2
130	Sound	66	8853406	321	2			0		other	0
131	Response	3	9042771	22908	2
133	Sound	37	9045898	377	1			0		other	0
134	Response	3	9233248	20781	2
136	Sound	8	9236290	331	1			0		other	0
137	Response	3	9422285	19548	2
139	Sound	97	9425382	319	1			0		other	0
140	Response	3	9608283	16441	1
142	Sound	157	9611374	372	1			0		other	0
143	Response	2	9811639	33858	3
145	Sound	127	9814765	329	1			0		other	0
146	Response	3	10006117	24903	2
148	Sound	67	10009257	385	1			0		other	0
149	Response	3	10201395	25578	1
151	Response	1	10425072	220931	1
152	Sound	158	10425540	304	1			0		other	0
153	Response	3	10610509	18494	1
155	Sound	38	10613732	391	1			0		other	0
156	Response	3	10801946	21659	2
158	Sound	9	10805125	346	1			0		other	0
159	Response	3	10991064	19506	1
161	Sound	128	10994217	333	2			0		other	0
162	Response	3	11178340	17676	2
164	Sound	98	11181510	353	1			0		other	0
165	Response	3	11361858	13922	2
167	Sound	68	11364903	305	2			0		other	0
168	Response	3	11548976	17599	1
170	Sound	39	11552096	392	2			0		other	0
171	Response	3	11735212	16562	2
173	Sound	99	11738290	313	1			0		other	0
174	Response	3	11923450	18693	2
176	Sound	129	11926583	333	1			0		other	0
177	Response	3	12106168	13138	1
179	Sound	10	12109176	318	1			0		other	0
180	Response	3	12292325	16688	2
182	Sound	159	12295469	338	2			0		other	0
183	Response	3	12512882	50971	1
185	Sound	69	12515862	302	1			0		other	0
186	Response	3	12703519	21179	2
188	Response	1	12810318	103986	1
189	Sound	11	12810851	385	1			0		other	0
190	Response	3	12995035	17623	2
192	Sound	100	12998044	305	2			0		other	0
193	Response	3	13178233	13715	1
195	Sound	160	13181338	325	1			0		other	0
196	Response	3	13395190	47397	1
198	Sound	40	13398330	387	1			0		other	0
199	Response	3	13591986	27096	2
201	Sound	70	13595023	310	1			0		other	0
202	Response	3	13812544	51051	1
204	Sound	130	13815615	306	1			0		other	0
205	Response	3	13995900	13811	2
207	Sound	41	13998909	325	1			0		other	0
208	Response	3	14186618	21255	2
210	Sound	71	14189702	346	1			0		other	0
211	Response	3	14383416	27281	1
213	Sound	161	14386495	369	1			0		other	0
214	Response	3	14583013	30107	1
216	Sound	22	14586088	360	1			0		other	0
217	Response	3	14774209	21701	2
219	Sound	101	14777381	381	1			0		other	0
220	Response	3	14969248	25301	1
222	Sound	131	14972274	337	2			0		other	0
223	Response	3	15151565	12848	1
226	Response	1	15604358	149909	2
227	Sound	23	15604752	351	1			0		other	0
228	Response	3	15789156	17975	1
230	Sound	132	15792145	304	1			0		other	0
231	Response	3	15970753	12133	2
233	Sound	162	15973839	390	1			0		other	0
234	Response	3	16159151	18756	1
236	Sound	42	16162232	344	1			0		other	0
237	Response	3	16352588	23920	1
239	Sound	102	16355625	299	1			0		other	0
240	Response	3	16544105	21999	2
242	Sound	72	16547318	387	2			0		other	0
243	Response	3	16734263	20386	1
245	Sound	24	16737412	375	1			0		other	0
246	Response	3	16928820	24837	1
248	Sound	73	16932005	364	1			0		other	0
249	Response	3	17124016	25595	2
251	Sound	103	17127098	353	1			0		other	0
252	Response	3	17333374	39850	1
254	Sound	133	17336490	313	1			0		other	0
255	Response	3	17515212	12255	1
257	Sound	163	17518284	332	1			0		other	0
258	Response	2	17721369	36637	1
260	Sound	43	17724376	323	2			0		other	0
261	Response	3	17913046	22214	1
263	Response	1	18008245	92421	1
264	Sound	164	18008666	372	2			0		other	0
265	Response	3	18228241	53167	2
267	Sound	25	18231358	302	1			0		other	0
268	Response	3	18426399	28563	1
270	Sound	134	18429551	392	1			0		other	0
271	Response	3	18613756	17651	1
273	Sound	104	18616944	345	2			0		other	0
274	Response	3	18809753	26375	2
276	Sound	74	18812837	301	2			0		other	0
277	Response	3	19005431	26116	1
279	Sound	44	19008530	391	2			0		other	0
280	Response	3	19206148	31062	1
282	Sound	75	19209223	315	1			0		other	0
283	Response	3	19400544	24856	2
285	Sound	165	19403716	371	1			0		other	0
286	Response	3	19596942	26817	2
288	Sound	105	19600109	327	1			0		other	0
289	Response	3	19790379	23817	2
291	Sound	45	19793602	382	1			0		other	0
292	Response	2	19983496	23330	2
294	Sound	26	19986695	371	1			0		other	0
295	Response	3	20179414	26310	1
297	Sound	135	20182488	394	1			0		other	0
298	Response	3	20360530	11489	3
300	Response	1	20565089	201720	1
301	Sound	76	20565474	336	1			0		other	0
302	Response	3	20767885	35968	2
304	Sound	46	20770967	395	1			0		other	0
305	Response	3	20955563	18045	2
307	Sound	106	20958660	316	1			0		other	0
308	Response	3	21142279	17155	3
310	Sound	27	21145453	336	2			0		other	0
311	Response	3	21331158	19261	1
313	Sound	166	21334247	357	1			0		other	0
314	Response	3	21531395	30726	1
316	Sound	136	21534539	380	2			0		other	0
317	Response	3	21715872	14767	2
319	Sound	167	21718933	334	1			0		other	0
320	Response	3	21907790	22411	1
322	Sound	137	21910926	389	1			0		other	0
323	Response	3	22105946	28462	2
325	Sound	107	22109018	378	2			0		other	0
326	Response	3	22293863	18277	2
328	Sound	77	22296912	333	1			0		other	0
329	Response	3	22484261	20902	2
331	Sound	28	22487405	387	1			0		other	0
332	Response	3	22674019	20055	1
334	Sound	47	22677098	308	1			0		other	0
335	Response	3	22863375	19805	3
337	Response	1	22982494	116432	2
338	Sound	138	22982887	362	1			0		other	0
339	Response	3	23164652	15348	1
341	Sound	29	23167780	315	1			0		other	0
342	Response	3	23356729	22484	2
344	Sound	48	23359873	303	1			0		other	0
345	Response	3	23543525	17176	3
347	Sound	168	23546666	323	1			0		other	0
348	Response	3	23741604	28482	1
350	Sound	108	23744759	313	1			0		other	0
351	Response	3	23931601	20376	1
353	Sound	78	23934752	368	1			0		other	0
354	Response	3	24136717	35553	2
356	Sound	109	24139844	359	2			0		other	0
357	Response	3	24319116	12852	1
359	Sound	49	24322238	312	1			0		other	0
360	Response	2	24505192	16487	2
362	Sound	169	24508331	299	1			0		other	0
363	Response	3	24709110	34298	1
365	Sound	20	24712123	323	2			0		other	0
366	Response	3	24898467	19887	2
368	Sound	139	24901617	378	1			0		other	0
369	Response	3	25080225	12040	1
371	Sound	79	25083410	397	1			0		other	0
372	Response	3	25264382	14422	2
374	Response	1	25382460	115339	2
375	Sound	21	25382899	316	1			0		other	0
376	Response	3	25578298	28935	1
378	Sound	50	25581392	373	1			0		other	0
379	Response	3	25762855	15056	2
381	Sound	140	25765985	359	1			0		other	0
382	Response	3	25945092	12686	2
384	Sound	110	25948278	377	1			0		other	0
385	Response	3	26127171	12324	1
387	Sound	170	26130371	362	2			0		other	0
388	Response	3	26310368	13580	1
390	Sound	80	26313465	349	1			0		other	0
391	Response	3	26494605	14710	1
393	Sound	141	26497758	368	1			0		other	0
394	Response	3	26676682	12513	2
396	Sound	171	26679851	353	1			0		other	0
397	Response	3	26863639	17362	2
399	Sound	22	26866744	307	1			0		other	0
400	Response	3	27056677	23460	1
402	Sound	81	27059737	362	1			0		other	0
403	Response	3	27255074	28920	2
405	Sound	111	27258130	319	1			0		other	0
406	Response	3	27440350	15760	3
408	Sound	51	27443423	339	1			0		other	0
409	Response	3	27626509	16645	1
411	Response	1	27713148	83957	1
412	Sound	172	27713513	350	1			0		other	0
413	Response	2	27947224	67281	2
415	Sound	82	27950304	384	1			0		other	0
416	Response	3	28141302	24436	1
418	Sound	52	28144397	373	1			0		other	0
419	Response	3	28329059	18255	1
421	Sound	23	28332190	393	1			0		other	0
422	Response	3	28513616	14873	2
424	Sound	112	28516783	379	1			0		other	0
425	Response	2	28695374	12024	1
427	Sound	142	28698476	298	1			0		other	0
428	Response	2	28877450	12492	3
430	Sound	24	28880670	384	1			0		other	0
431	Response	3	29059369	12137	1
433	Sound	143	29062363	302	1			0		other	0
434	Response	3	29240166	11326	2
436	Sound	53	29243356	354	1			0		other	0
437	Response	3	29422243	12462	2
439	Sound	113	29425249	306	2			0		other	0
440	Response	3	29612641	20918	1
442	Sound	83	29615742	360	2			0		other	0
443	Response	3	29801598	19437	2
445	Sound	173	29804635	315	2			0		other	0
446	Response	3	29983676	12576	1
448	Sound	114	29986728	300	2			0		other	0
449	Response	3	30169273	16065	2
451	Sound	84	30172422	387	1			0		other	0
452	Response	3	30353590	14609	2
454	Sound	144	30356615	306	1			0		other	0
455	Response	3	30534388	11300	1
457	Sound	25	30537408	325	1			0		other	0
458	Response	3	30713985	10122	2
460	Sound	54	30717001	309	1			0		other	0
461	Response	3	30895103	11632	1
463	Sound	174	30898195	395	1			0		other	0
464	Response	3	31081100	16354	2
466	Quit		32005018	921112
