Scenario - Amelia_Experiment2.sce
Logfile written - 12/19/2018 13:07:11

Trial	Event Type	Code	Time	TTime	Uncertainty	Duration	Uncertainty	ReqTime	ReqDur	Stim Type	Pair Index

1	Response	1	92923	92591	1
2	Response	1	405479	312510	1
3	Response	1	472678	67146	1
4	Sound	60	473178	334	1			0		other	0
5	Response	3	672275	32653	2
7	Sound	30	675469	359	1			0		other	0
8	Response	3	857392	15503	2
10	Sound	90	860560	344	2			0		other	0
11	Response	3	1058190	31196	1
13	Sound	120	1061351	368	2			0		other	0
14	Response	3	1248667	20906	1
16	Sound	1	1251743	323	1			0		other	0
17	Response	3	1423864	5665	2
19	Sound	150	1427035	339	1			0		other	0
20	Response	3	1598902	5428	1
22	Sound	121	1602027	389	1			0		other	0
23	Response	3	1772980	4397	1
25	Sound	2	1776119	372	2			0		other	0
26	Response	3	1965376	22850	2
28	Sound	151	1968511	327	1			0		other	0
29	Response	3	2140653	5691	3
31	Sound	61	2143803	343	1			0		other	0
32	Response	2	2356251	46013	2
34	Sound	91	2359393	338	1			0		other	0
35	Response	3	2530329	4496	1
37	Sound	31	2533485	321	1			0		other	0
38	Response	3	2703125	3182	3
40	Response	1	2766406	60465	1
41	Sound	62	2766775	354	1			0		other	0
42	Response	3	2936963	3764	2
44	Sound	3	2940067	370	1			0		other	0
45	Response	3	3111201	4726	1
47	Sound	92	3114359	386	1			0		other	0
48	Response	3	3284957	4039	3
50	Sound	122	3288051	302	2			0		other	0
51	Response	3	3458476	3949	1
53	Sound	32	3461544	353	1			0		other	0
54	Response	2	3635433	7463	2
56	Sound	152	3638436	303	1			0		other	0
57	Response	3	3812950	8038	2
59	Sound	33	3816128	387	1			0		other	0
60	Response	3	3989348	6662	2
62	Sound	4	3992520	337	1			0		other	0
63	Response	2	4165025	6063	2
65	Sound	93	4168112	320	1			0		other	0
66	Response	3	4345263	10693	2
68	Sound	123	4348404	338	1			0		other	0
69	Response	3	4523741	8897	1
71	Sound	153	4526896	389	1			0		other	0
72	Response	3	4702778	9326	2
74	Sound	63	4705988	373	2			0		other	0
75	Response	3	4877656	5263	1
77	Response	1	5023413	143022	2
78	Sound	124	5023874	364	2			0		other	0
79	Response	3	5195811	5522	2
81	Sound	34	5198967	348	1			0		other	0
82	Response	2	5378049	12651	1
84	Sound	154	5381259	366	1			0		other	0
85	Response	3	5555886	8215	1
87	Sound	64	5559051	384	1			0		other	0
88	Response	2	5734123	8510	2
90	Sound	5	5737243	301	1			0		other	0
91	Response	3	5920761	17041	2
93	Sound	94	5923935	388	1			0		other	0
94	Response	3	6099398	8906	2
96	Sound	35	6102527	372	1			0		other	0
97	Response	2	6273076	4142	1
99	Sound	6	6276120	355	1			0		other	0
100	Response	3	6476833	34290	2
102	Sound	155	6479911	380	1			0		other	0
103	Response	2	6678591	32115	1
105	Sound	125	6681602	304	1			0		other	0
106	Response	3	6866507	18431	2
108	Sound	95	6869594	358	1			0		other	0
109	Response	3	7048665	12650	2
111	Sound	65	7051686	343	1			0		other	0
112	Response	3	7227463	9342	1
114	Response	1	7370501	140217	1
115	Sound	126	7370872	301	1			0		other	0
116	Response	3	7543298	5948	2
118	Sound	66	7546364	351	1			0		other	0
119	Response	3	7783535	70743	1
121	Sound	156	7786654	386	1			0		other	0
122	Response	3	7961052	7839	2
124	Sound	36	7964246	370	2			0		other	0
125	Response	2	8140890	10235	1
127	Sound	96	8144039	389	1			0		other	0
128	Response	3	8315607	5011	2
130	Sound	7	8318731	305	2			0		other	0
131	Response	3	8489285	4080	1
133	Sound	127	8492424	388	1			0		other	0
134	Response	3	8667042	8060	2
136	Sound	37	8670117	305	1			0		other	0
137	Response	3	8851760	15169	1
139	Sound	97	8854909	324	2			0		other	0
140	Response	3	9028797	7433	2
142	Sound	8	9031903	376	1			0		other	0
143	Response	3	9203914	5441	2
145	Sound	157	9206996	359	1			0		other	0
146	Response	3	9387592	14175	2
148	Sound	67	9390789	378	1			0		other	0
149	Response	3	9565110	7753	1
151	Response	1	9823986	256132	1
152	Sound	98	9824473	368	1			0		other	0
153	Response	3	9994543	3659	2
155	Sound	158	9997767	385	1			0		other	0
156	Response	3	10168061	3732	2
158	Sound	68	10171161	334	1			0		other	0
159	Response	3	10349099	11493	1
161	Sound	9	10352254	319	1			0		other	0
162	Response	3	10526216	7501	2
164	Sound	128	10529348	303	1			0		other	0
165	Response	3	10705893	10069	2
167	Sound	38	10709041	387	2			0		other	0
168	Response	3	10882771	7171	1
170	Sound	99	10885935	338	1			0		other	0
171	Response	3	11067169	14793	1
173	Sound	10	11070229	358	1			0		other	0
174	Response	3	11246206	9556	1
176	Sound	39	11249322	342	1			0		other	0
177	Response	3	11421243	5483	2
179	Sound	69	11424316	392	1			0		other	0
180	Response	3	11597641	6771	2
182	Sound	129	11600710	343	1			0		other	0
183	Response	3	11781878	14731	2
185	Sound	159	11785003	362	1			0		other	0
186	Response	3	11961635	10214	2
188	Response	1	12207793	243376	1
189	Sound	70	12208188	350	1			0		other	0
190	Response	3	12391150	16532	1
192	Sound	160	12394281	336	2			0		other	0
193	Response	3	12581627	20902	2
195	Sound	40	12584775	391	1			0		other	0
196	Response	3	12758825	7495	1
198	Sound	100	12761968	308	2			0		other	0
199	Response	3	12933622	5182	2
201	Sound	130	12936762	325	1			0		other	0
202	Response	3	13113139	9922	2
204	Sound	11	13116256	376	1			0		other	0
205	Response	3	13292977	10151	2
207	Sound	41	13296049	394	2			0		other	0
208	Response	3	13474655	12054	1
210	Sound	131	13477743	313	1			0		other	0
211	Response	3	13656812	12602	1
213	Sound	22	13659836	298	2			0		other	0
214	Response	3	13835209	8891	2
216	Sound	161	13838330	349	1			0		other	0
217	Response	3	14013206	8446	2
219	Sound	101	14016224	301	1			0		other	0
220	Response	3	14189365	6662	1
222	Sound	71	14192517	317	2			0		other	0
223	Response	3	14364802	5822	1
226	Response	1	14923034	255320	2
227	Sound	72	14923491	360	1			0		other	0
228	Response	3	15098392	8481	1
230	Sound	132	15101385	311	1			0		other	0
231	Response	3	15274869	7015	2
233	Sound	102	15278078	394	2			0		other	0
234	Response	3	15449987	5357	1
236	Sound	162	15453172	378	1			0		other	0
237	Response	3	15626624	6884	2
239	Sound	42	15629766	362	1			0		other	0
240	Response	3	15804142	7959	1
242	Sound	23	15807159	312	1			0		other	0
243	Response	3	15989018	15392	3
245	Sound	73	15992152	365	2			0		other	0
246	Response	3	16168857	10290	1
248	Sound	24	16171946	384	1			0		other	0
249	Response	3	16351334	12825	1
251	Sound	133	16354539	369	2			0		other	0
252	Response	3	16526051	5101	2
254	Sound	103	16529133	352	1			0		other	0
255	Response	2	16700369	4809	1
257	Sound	43	16703427	369	1			0		other	0
258	Response	3	16874207	4370	1
260	Sound	163	16877320	318	2			0		other	0
261	Response	3	17049644	5863	2
263	Response	1	17196441	143996	2
264	Sound	74	17196909	344	1			0		other	0
265	Response	3	17383000	19655	1
267	Sound	164	17386202	365	1			0		other	0
268	Response	3	17574837	22220	1
270	Sound	104	17577995	386	1			0		other	0
271	Response	2	17760034	15479	2
273	Sound	44	17763088	372	1			0		other	0
274	Response	3	17966350	36854	3
276	Sound	134	17969481	332	1			0		other	0
277	Response	3	18140908	4979	2
279	Sound	25	18143974	381	1			0		other	0
280	Response	3	18314985	4446	3
282	Sound	135	18318068	364	1			0		other	0
283	Response	3	18493784	9301	1
285	Sound	105	18496861	382	2			0		other	0
286	Response	3	18667621	4196	2
288	Sound	45	18670755	332	1			0		other	0
289	Response	3	18853539	16336	1
291	Sound	165	18856748	385	2			0		other	0
292	Response	3	19027695	4386	2
294	Sound	26	19030842	369	1			0		other	0
295	Response	3	19204253	7000	2
297	Sound	75	19207435	352	2			0		other	0
298	Response	3	19378811	4948	2
300	Response	1	19858245	476718	1
301	Sound	166	19858712	339	1			0		other	0
302	Response	3	20029522	4370	1
304	Sound	106	20032705	388	1			0		other	0
305	Response	3	20203840	4577	1
307	Sound	76	20206899	305	1			0		other	0
308	Response	3	20378317	4944	2
310	Sound	136	20381392	355	1			0		other	0
311	Response	3	20552555	4738	1
313	Sound	46	20555686	372	1			0		other	0
314	Response	3	20726712	4618	2
316	Sound	27	20729780	355	1			0		other	0
317	Response	3	20903350	7146	1
319	Sound	28	20906373	339	1			0		other	0
320	Response	3	21078707	5893	2
322	Sound	107	21081867	389	1			0		other	0
323	Response	3	21265584	17160	2
325	Sound	137	21268760	343	1			0		other	0
326	Response	3	21440302	5105	2
328	Sound	167	21443353	326	1			0		other	0
329	Response	2	21633418	23611	3
331	Sound	77	21636446	314	1			0		other	0
332	Response	3	21812776	9865	2
334	Sound	47	21815939	365	2			0		other	0
335	Response	3	21988374	6021	2
337	Response	1	22237571	246387	1
338	Sound	108	22237924	320	1			0		other	0
339	Response	3	22411969	7586	1
341	Sound	29	22415017	304	1			0		other	0
342	Response	3	22590685	9192	2
344	Sound	168	22593811	322	1			0		other	0
345	Response	3	22768043	7775	2
347	Sound	78	22771104	339	1			0		other	0
348	Response	3	22941480	3936	2
350	Sound	48	22944598	389	1			0		other	0
351	Response	3	23117479	6324	1
353	Sound	138	23120691	372	1			0		other	0
354	Response	3	23306836	19738	1
356	Sound	49	23309984	393	1			0		other	0
357	Response	2	23484593	8056	2
359	Sound	139	23487677	311	2			0		other	0
360	Response	3	23661551	7405	1
362	Sound	109	23664671	362	1			0		other	0
363	Response	3	23836667	5578	3
365	Sound	169	23839764	345	2			0		other	0
366	Response	3	24015705	9506	2
368	Sound	79	24018858	330	1			0		other	0
369	Response	3	24189702	4395	3
371	Sound	20	24192851	379	1			0		other	0
372	Response	2	24363861	4443	1
374	Response	1	24667296	300714	2
375	Sound	80	24667633	315	2			0		other	0
376	Response	3	24853774	19677	2
378	Sound	110	24856926	336	2			0		other	0
379	Response	3	25026972	3602	1
381	Sound	21	25030020	319	1			0		other	0
382	Response	3	25200969	4489	2
384	Sound	140	25204114	303	1			0		other	0
385	Response	3	25373927	3337	1
387	Sound	50	25377107	352	1			0		other	0
388	Response	3	25547603	4068	3
390	Sound	170	25550701	335	1			0		other	0
391	Response	3	25722401	5256	3
393	Sound	111	25725494	352	1			0		other	0
394	Response	3	25902559	10637	2
396	Sound	22	25905587	336	1			0		other	0
397	Response	2	26075197	3167	1
399	Sound	51	26078381	353	1			0		other	0
400	Response	3	26249114	4307	2
402	Sound	81	26252174	369	2			0		other	0
403	Response	3	26424471	5887	3
405	Sound	171	26427568	320	1			0		other	0
406	Response	3	26599110	5082	1
408	Sound	141	26602161	303	1			0		other	0
409	Response	3	26773187	4549	1
411	Response	1	26942385	166417	1
412	Sound	112	26942748	333	2			0		other	0
413	Response	3	27115501	6307	2
415	Sound	52	27118542	351	1			0		other	0
416	Response	3	27288780	3809	1
418	Sound	142	27291835	367	2			0		other	0
419	Response	3	27463336	5088	3
421	Sound	82	27466429	350	1			0		other	0
422	Response	3	27637415	4557	1
424	Sound	172	27640522	333	1			0		other	0
425	Response	2	27811012	4044	2
427	Sound	23	27814116	317	1			0		other	0
428	Response	3	27986610	6031	1
430	Sound	83	27989709	300	1			0		other	0
431	Response	3	28161248	5060	1
433	Sound	143	28164402	383	2			0		other	0
434	Response	3	28337805	6840	1
436	Sound	24	28340996	368	1			0		other	0
437	Response	3	28513083	5675	1
439	Sound	173	28516289	384	2			0		other	0
440	Response	3	28689320	6469	1
442	Sound	113	28692383	369	1			0		other	0
443	Response	3	28865158	6364	1
445	Sound	53	28868276	318	1			0		other	0
446	Response	3	29038515	3778	1
448	Sound	174	29041569	334	2			0		other	0
449	Response	3	29213312	5298	2
450	Response	3	29214112	766	1
451	Sound	25	29216363	352	1			0		other	0
452	Response	3	29386750	3959	2
454	Sound	114	29389756	301	2			0		other	0
455	Response	3	29560827	4592	2
457	Sound	84	29563950	384	1			0		other	0
458	Response	3	29736105	5594	2
460	Sound	54	29739143	301	2			0		other	0
461	Response	3	29918903	13282	1
463	Sound	144	29921936	320	2			0		other	0
464	Response	3	30093220	4825	2
466	Quit		31009857	913797
