Scenario - Amelia_Experiment2.sce
Logfile written - 11/27/2018 10:39:18

Trial	Event Type	Code	Time	TTime	Uncertainty	Duration	Uncertainty	ReqTime	ReqDur	Stim Type	Pair Index

1	Response	1	69871	69705	2
2	Response	1	296189	226213	1
3	Response	1	362027	65792	2
4	Sound	150	362382	335	1			0		other	0
5	Response	3	583383	54558	3
7	Sound	1	586471	332	2			0		other	0
8	Response	3	773222	20304	1
10	Sound	60	776263	353	1			0		other	0
11	Response	3	967459	24771	2
13	Sound	120	970554	375	1			0		other	0
14	Response	2	1188335	51211	2
16	Sound	30	1191444	338	1			0		other	0
17	Response	2	1374572	16687	3
19	Sound	90	1377736	358	1			0		other	0
20	Response	3	1560731	16574	1
22	Sound	91	1563827	343	2			0		other	0
23	Response	3	1753207	22945	2
25	Sound	121	1756219	299	1			0		other	0
26	Response	3	1957285	34587	2
28	Sound	31	1960410	390	1			0		other	0
29	Response	3	2155922	28958	2
31	Sound	2	2159001	380	1			0		other	0
32	Response	2	2359920	34355	1
34	Sound	61	2363092	372	1			0		other	0
35	Response	2	2548157	18659	1
37	Sound	151	2551383	392	1			0		other	0
38	Response	2	2743034	25098	1
40	Response	1	2844233	98473	1
41	Sound	3	2844770	376	1			0		other	0
42	Response	2	3028790	17451	1
44	Sound	32	3031862	363	1			0		other	0
45	Response	3	3223427	25149	2
47	Sound	152	3226653	385	1			0		other	0
48	Response	3	3421824	28611	2
50	Sound	62	3424844	308	1			0		other	0
51	Response	2	3611022	19707	1
53	Sound	92	3614135	328	2			0		other	0
54	Response	3	3801338	20752	2
56	Sound	122	3804427	349	1			0		other	0
57	Response	3	4012536	41680	1
59	Sound	123	4015718	376	1			0		other	0
60	Response	3	4230933	48646	1
62	Sound	33	4234108	338	1			0		other	0
63	Response	3	4463009	62461	2
65	Sound	4	4465998	305	1			0		other	0
66	Response	2	4648767	16295	2
68	Sound	93	4651790	325	1			0		other	0
69	Response	3	4837324	19080	2
71	Sound	63	4840381	311	1			0		other	0
72	Response	3	5037241	30393	2
74	Sound	153	5040372	368	2			0		other	0
75	Response	2	5225078	18295	2
77	Response	1	5267478	39702	2
78	Sound	5	5267962	366	2			0		other	0
79	Response	2	5449235	14861	2
81	Sound	124	5452354	319	1			0		other	0
82	Response	3	5638193	19379	2
84	Sound	64	5641346	373	1			0		other	0
85	Response	3	5840270	32519	2
87	Sound	154	5843437	364	1			0		other	0
88	Response	2	6029147	19295	2
90	Sound	94	6032229	385	1			0		other	0
91	Response	3	6230505	31716	1
93	Sound	34	6233620	342	1			0		other	0
94	Response	3	6421062	21005	1
96	Sound	6	6424212	330	1			0		other	0
97	Response	3	6629939	39279	1
99	Sound	35	6633003	357	1			0		other	0
100	Response	2	6819776	20351	2
102	Sound	95	6822894	310	2			0		other	0
103	Response	3	7014173	24811	2
105	Sound	65	7017186	333	1			0		other	0
106	Response	3	7226011	42379	1
108	Sound	155	7229176	392	2			0		other	0
109	Response	2	7414248	18519	1
111	Sound	125	7417368	313	1			0		other	0
112	Response	3	7658085	74252	1
114	Response	1	7761922	101114	2
115	Sound	7	7762253	312	1			0		other	0
116	Response	2	7950960	22240	2
118	Sound	156	7954045	333	1			0		other	0
119	Response	2	8136798	16308	1
121	Sound	36	8139837	353	1			0		other	0
122	Response	2	8339995	33733	1
124	Sound	66	8343128	378	1			0		other	0
125	Response	2	8527671	17976	3
127	Sound	126	8530720	365	1			0		other	0
128	Response	3	8720949	23815	2
130	Sound	96	8724111	319	1			0		other	0
131	Response	3	8927347	36777	1
133	Sound	8	8930402	345	2			0		other	0
134	Response	3	9151023	54187	2
136	Sound	127	9154193	376	1			0		other	0
137	Response	3	9347980	27218	2
139	Sound	97	9351084	332	1			0		other	0
140	Response	3	9536618	19087	2
142	Sound	37	9539676	319	1			0		other	0
143	Response	3	9731415	25279	2
145	Sound	157	9734468	342	1			0		other	0
146	Response	2	9920932	20027	2
148	Sound	67	9924060	329	1			0		other	0
149	Response	3	10113890	23381	1
151	Response	1	10229007	112340	3
152	Sound	9	10229447	316	1			0		other	0
153	Response	3	10427725	31816	2
155	Sound	158	10430938	374	1			0		other	0
156	Response	3	10630842	33501	2
158	Sound	98	10634030	365	1			0		other	0
159	Response	3	10842119	41676	2
161	Sound	38	10845321	392	1			0		other	0
162	Response	2	11040196	28322	2
164	Sound	128	11043413	382	1			0		other	0
165	Response	3	11238754	28778	2
167	Sound	68	11241805	339	1			0		other	0
168	Response	3	11432510	24265	3
170	Sound	159	11435597	361	1			0		other	0
171	Response	2	11622508	20493	2
173	Sound	129	11625689	348	2			0		other	0
174	Response	3	11812105	19985	3
176	Sound	99	11815282	336	1			0		other	0
177	Response	3	12012582	30857	3
179	Sound	69	12015774	393	1			0		other	0
180	Response	2	12229700	47373	2
182	Sound	39	12232866	389	1			0		other	0
183	Response	3	12432656	33233	3
185	Sound	10	12435758	346	1			0		other	0
186	Response	3	12624654	22463	2
188	Response	1	12795291	167941	3
189	Sound	11	12795845	383	1			0		other	0
190	Response	2	12980490	18082	1
192	Sound	160	12983538	303	1			0		other	0
193	Response	2	13175206	25191	2
195	Sound	130	13178331	325	1			0		other	0
196	Response	2	13364884	20099	2
198	Sound	100	13367924	313	1			0		other	0
199	Response	3	13577040	42649	2
201	Sound	40	13580216	340	1			0		other	0
202	Response	2	13764078	17422	2
204	Sound	70	13767209	393	2			0		other	0
205	Response	2	13950396	16634	1
207	Sound	101	13953403	314	1			0		other	0
208	Response	3	14141433	21564	2
210	Sound	41	14144496	302	1			0		other	0
211	Response	3	14338231	27257	1
213	Sound	22	14341289	325	1			0		other	0
214	Response	2	14529347	21603	2
216	Sound	71	14532382	312	1			0		other	0
217	Response	2	14717025	18176	2
219	Sound	131	14720175	332	1			0		other	0
220	Response	3	14907901	21279	3
222	Sound	161	14910968	354	1			0		other	0
223	Response	3	15129899	52505	2
226	Response	1	15510614	77834	1
227	Sound	132	15511147	392	1			0		other	0
228	Response	3	15707651	29950	1
230	Sound	102	15710740	383	1			0		other	0
231	Response	3	15902047	24743	3
233	Sound	72	15905133	338	1			0		other	0
234	Response	3	16097165	25590	2
236	Sound	42	16100226	327	1			0		other	0
237	Response	2	16299322	32643	2
239	Sound	162	16302519	352	1			0		other	0
240	Response	2	16497640	28693	1
242	Sound	23	16500812	375	1			0		other	0
243	Response	3	16701716	34333	3
245	Sound	73	16704904	366	1			0		other	0
246	Response	3	16906353	35035	3
248	Sound	103	16909497	358	1			0		other	0
249	Response	3	17102990	27072	3
251	Sound	43	17106090	348	1			0		other	0
252	Response	2	17287149	14627	1
254	Sound	133	17290184	334	1			0		other	0
255	Response	3	17485066	28437	2
257	Sound	24	17488176	390	2			0		other	0
258	Response	3	17701143	46411	1
260	Sound	163	17704269	386	1			0		other	0
261	Response	2	17888099	17269	3
263	Response	1	18051858	161035	2
264	Sound	25	18052256	318	2			0		other	0
265	Response	2	18264255	45537	1
267	Sound	44	18267349	313	1			0		other	0
268	Response	3	18508091	74276	2
270	Sound	104	18511140	349	1			0		other	0
271	Response	3	18698168	20598	2
273	Sound	164	18701233	337	2			0		other	0
274	Response	3	18884406	16730	2
276	Sound	134	18887527	357	1			0		other	0
277	Response	3	19110402	56453	3
279	Sound	74	19113419	322	1			0		other	0
280	Response	3	19361119	81242	2
282	Sound	45	19364210	360	1			0		other	0
283	Response	2	19547357	16728	1
285	Sound	26	19550503	380	1			0		other	0
286	Response	2	19747834	30764	1
288	Sound	165	19750896	337	1			0		other	0
289	Response	2	19931512	14173	1
291	Sound	105	19934690	357	1			0		other	0
292	Response	3	20128628	27515	2
294	Sound	135	20131782	346	2			0		other	0
295	Response	3	20319346	21130	2
297	Sound	75	20322376	334	1			0		other	0
298	Response	2	20544542	55721	2
300	Response	1	20733660	186357	2
301	Sound	46	20734061	318	1			0		other	0
302	Response	3	20918858	18336	1
304	Sound	166	20922054	372	2			0		other	0
305	Response	2	21113175	24713	1
307	Sound	27	21116348	395	1			0		other	0
308	Response	2	21317572	34673	1
310	Sound	136	21320740	353	1			0		other	0
311	Response	3	21512128	24961	3
313	Sound	106	21515133	308	2			0		other	0
314	Response	3	21715486	33882	2
316	Sound	76	21718626	367	1			0		other	0
317	Response	2	21899324	14285	2
319	Sound	47	21902419	385	2			0		other	0
320	Response	3	22092600	23620	3
322	Sound	77	22095613	308	1			0		other	0
323	Response	3	22296917	34832	3
325	Sound	28	22300105	366	2			0		other	0
326	Response	2	22486596	20077	1
328	Sound	107	22489699	354	1			0		other	0
329	Response	3	22683553	27428	1
331	Sound	137	22686592	311	1			0		other	0
332	Response	2	22890350	37289	1
334	Sound	167	22893384	336	1			0		other	0
335	Response	2	23084107	24279	2
337	Response	1	23276744	189925	2
338	Sound	48	23277070	312	2			0		other	0
339	Response	2	23465222	21684	1
341	Sound	29	23468364	334	1			0		other	0
342	Response	3	23667378	32568	2
344	Sound	108	23670457	325	1			0		other	0
345	Response	3	23904015	67104	2
347	Sound	78	23907048	326	1			0		other	0
348	Response	3	24115692	42190	2
350	Sound	168	24118840	353	2			0		other	0
351	Response	2	24302489	17222	2
353	Sound	138	24305634	373	1			0		other	0
354	Response	3	24491206	19166	3
356	Sound	79	24494427	394	1			0		other	0
357	Response	2	24682964	21985	2
359	Sound	49	24686120	315	1			0		other	0
360	Response	3	24896081	43497	2
362	Sound	109	24899213	310	1			0		other	0
363	Response	3	25091998	26315	2
365	Sound	20	25095206	366	1			0		other	0
366	Response	3	25291756	30136	1
368	Sound	169	25294798	356	2			0		other	0
369	Response	2	25473192	11970	3
371	Sound	139	25476192	308	1			0		other	0
372	Response	3	25666951	24287	1
374	Response	1	25804229	134574	1
375	Sound	50	25804580	302	1			0		other	0
376	Response	3	26009985	38927	2
378	Sound	170	26013073	362	1			0		other	0
379	Response	2	26198623	19132	2
381	Sound	80	26201666	349	1			0		other	0
382	Response	3	26391740	23643	2
384	Sound	21	26394759	337	1			0		other	0
385	Response	3	26584457	23256	2
387	Sound	110	26587552	359	1			0		other	0
388	Response	2	26768375	14402	2
390	Sound	140	26771446	312	1			0		other	0
391	Response	3	26955573	17660	1
393	Sound	171	26958739	332	1			0		other	0
394	Response	2	27138369	13183	2
396	Sound	81	27141532	351	2			0		other	0
397	Response	2	27325566	17605	3
399	Sound	141	27328626	338	1			0		other	0
400	Response	3	27538523	43456	3
402	Sound	22	27541518	299	1			0		other	0
403	Response	3	27745961	37962	2
405	Sound	51	27749011	359	1			0		other	0
406	Response	2	27932198	16766	2
408	Sound	111	27935304	378	1			0		other	0
409	Response	3	28118756	16884	2
411	Response	1	28218114	96582	2
412	Sound	172	28218494	326	1			0		other	0
413	Response	2	28405312	20364	1
415	Sound	112	28408487	380	1			0		other	0
416	Response	2	28585630	10577	1
418	Sound	142	28588680	298	2			0		other	0
419	Response	2	28765467	10305	1
421	Sound	82	28768474	317	1			0		other	0
422	Response	3	28954103	19166	3
424	Sound	52	28957267	337	1			0		other	0
425	Response	2	29136022	12312	1
427	Sound	23	29139061	356	1			0		other	0
428	Response	3	29340899	35414	1
430	Sound	173	29343953	314	2			0		other	0
431	Response	3	29555696	45277	1
433	Sound	24	29558746	343	1			0		other	0
434	Response	3	29755933	30750	1
436	Sound	113	29759038	366	2			0		other	0
437	Response	3	29944810	19359	2
439	Sound	143	29947932	321	1			0		other	0
440	Response	2	30117928	3537	1
442	Sound	53	30121025	303	2			0		other	0
443	Response	2	30302245	14743	2
445	Sound	83	30305319	323	1			0		other	0
446	Response	3	30485842	14067	2
448	Sound	174	30488912	308	1			0		other	0
449	Response	3	30670720	15337	1
451	Sound	114	30673906	362	1			0		other	0
452	Response	3	30856797	16473	2
454	Sound	54	30859799	315	1			0		other	0
455	Response	3	31055754	29490	2
457	Sound	25	31058892	305	1			0		other	0
458	Response	2	31248151	22785	2
460	Sound	144	31251185	327	1			0		other	0
461	Response	3	31435428	17790	3
463	Sound	84	31438478	347	1			0		other	0
464	Response	3	31693025	88114	2
466	Quit		34956590	3260875
