Scenario - Amelia_Experiment2.sce
Logfile written - 11/22/2018 15:56:13

Trial	Event Type	Code	Time	TTime	Uncertainty	Duration	Uncertainty	ReqTime	ReqDur	Stim Type	Pair Index

1	Response	1	44831	44499	2
2	Response	1	387467	342483	1
3	Response	1	474185	86646	2
4	Sound	1	474678	334	1			0		other	0
5	Response	3	667623	26501	1
7	Sound	120	670769	323	2			0		other	0
8	Response	3	864260	27036	2
10	Sound	30	867361	313	1			0		other	0
11	Response	3	1062336	28510	3
13	Sound	90	1065452	303	1			0		other	0
14	Response	3	1277214	45286	2
16	Sound	30	1280243	331	1			0		other	0
17	Response	3	1496890	50200	3
19	Sound	150	1499933	260	1			0		other	0
20	Response	3	1690249	23797	1
22	Sound	2	1693224	281	1			0		other	0
23	Response	3	1889445	29724	2
25	Sound	31	1892515	304	1			0		other	0
26	Response	2	2150082	91093	1
28	Sound	121	2153104	312	1			0		other	0
29	Response	3	2396719	77149	1
31	Sound	91	2399793	250	1			0		other	0
32	Response	3	2609355	43033	2
34	Sound	31	2612483	343	1			0		other	0
35	Response	2	2808313	29395	1
37	Sound	151	2811374	299	1			0		other	0
38	Response	3	3055829	77976	2
40	Response	1	3275186	216526	2
41	Sound	3	3275553	298	2			0		other	0
42	Response	3	3453984	11951	1
44	Sound	152	3456945	250	1			0		other	0
45	Response	3	3636060	12587	3
47	Sound	92	3639137	335	1			0		other	0
48	Response	3	3819978	14398	2
50	Sound	32	3823029	288	1			0		other	0
51	Response	3	3998056	8537	1
53	Sound	32	4001121	272	1			0		other	0
54	Response	2	4176532	8905	3
56	Sound	122	4179613	323	1			0		other	0
57	Response	3	4359651	13583	1
59	Sound	9	4362705	309	1			0		other	0
60	Response	3	4633647	104472	1
62	Sound	33	4636792	319	2			0		other	0
63	Response	3	4868763	65512	2
65	Sound	123	4871882	320	1			0		other	0
66	Response	3	5095400	57060	2
68	Sound	33	5098472	318	1			0		other	0
69	Response	2	5284038	19106	1
71	Sound	153	5287063	305	2			0		other	0
72	Response	3	5472114	18577	3
74	Sound	4	5475155	292	1			0		other	0
75	Response	3	5715871	74230	2
77	Response	1	6066266	347650	2
78	Sound	124	6066629	294	1			0		other	0
79	Response	3	6271543	38430	3
81	Sound	5	6274520	254	1			0		other	0
82	Response	3	6507701	66656	1
84	Sound	34	6510809	287	2			0		other	0
85	Response	3	6693298	15997	1
87	Sound	154	6696401	273	1			0		other	0
88	Response	2	6879535	16629	2
90	Sound	9	6882493	260	1			0		other	0
91	Response	3	7081692	32680	2
93	Sound	34	7084784	284	1			0		other	0
94	Response	3	7265050	13772	1
96	Sound	9	7268076	303	1			0		other	0
97	Response	3	7461527	26976	2
99	Sound	125	7464468	260	1			0		other	0
100	Response	3	7645605	14618	1
102	Sound	6	7648559	245	2			0		other	0
103	Response	3	7826881	11788	2
105	Sound	35	7829852	264	1			0		other	0
106	Response	3	8006640	10274	1
108	Sound	35	8009644	282	1			0		other	0
109	Response	3	8198716	22575	2
111	Sound	155	8201735	269	2			0		other	0
112	Response	2	8377913	9669	2
114	Response	1	8577591	196851	2
115	Sound	156	8578019	344	2			0		other	0
116	Response	3	8770869	26415	1
118	Sound	36	8773910	300	2			0		other	0
119	Response	3	9089584	149195	2
121	Sound	7	9092596	257	2			0		other	0
122	Response	3	9309581	50463	1
124	Sound	9	9312587	320	1			0		other	0
125	Response	3	9495818	16773	2
127	Sound	126	9498879	340	1			0		other	0
128	Response	3	9700135	34818	2
130	Sound	36	9703270	298	1			0		other	0
131	Response	2	9915571	45821	3
133	Sound	8	9918661	260	1			0		other	0
134	Response	3	10099730	14551	1
136	Sound	9	10102753	246	1			0		other	0
137	Response	3	10284926	15640	3
139	Sound	127	10287945	332	1			0		other	0
140	Response	3	10466445	12053	1
142	Sound	37	10469537	317	1			0		other	0
143	Response	2	10700840	64842	3
145	Sound	37	10703927	284	1			0		other	0
146	Response	3	10891639	21217	1
148	Sound	157	10894719	305	1			0		other	0
149	Response	2	11075716	14523	2
151	Response	1	11318032	239512	2
152	Sound	38	11318402	294	1			0		other	0
153	Response	3	11493950	9063	2
155	Sound	158	11496994	277	1			0		other	0
156	Response	3	11671147	7651	2
158	Sound	9	11674087	261	1			0		other	0
159	Response	3	11848905	8300	2
161	Sound	128	11851880	279	1			0		other	0
162	Response	3	12046903	28523	1
164	Sound	9	12049972	268	2			0		other	0
165	Response	3	12226819	10336	2
167	Sound	38	12229966	321	1			0		other	0
168	Response	2	12415137	18712	2
170	Sound	10	12418259	341	1			0		other	0
171	Response	3	12596495	11798	1
173	Sound	39	12599452	259	1			0		other	0
174	Response	3	12776891	10919	2
176	Sound	39	12779945	311	1			0		other	0
177	Response	2	12956970	10556	1
179	Sound	159	12960039	296	1			0		other	0
180	Response	3	13222325	95802	2
182	Sound	99	13225429	271	1			0		other	0
183	Response	3	13407683	15746	2
185	Sound	129	13410722	291	2			0		other	0
186	Response	3	13586801	9590	1
188	Response	1	13722158	132618	3
189	Sound	130	13722611	280	1			0		other	0
190	Response	3	13907355	18244	3
192	Sound	100	13910404	300	2			0		other	0
193	Response	3	14092153	15269	2
195	Sound	160	14095198	320	1			0		other	0
196	Response	2	14276870	15212	2
198	Sound	40	14279991	339	1			0		other	0
199	Response	3	14454387	7955	3
201	Sound	40	14457385	290	1			0		other	0
202	Response	3	14630866	6991	2
204	Sound	11	14633979	274	1			0		other	0
205	Response	3	14908862	108377	2
207	Sound	41	14911869	254	1			0		other	0
208	Response	3	15093579	15184	2
210	Sound	131	15096662	273	1			0		other	0
211	Response	3	15291097	27928	1
213	Sound	41	15294155	329	1			0		other	0
214	Response	3	15486373	25768	2
216	Sound	161	15489348	252	2			0		other	0
217	Response	2	15667330	11454	3
219	Sound	101	15670342	304	1			0		other	0
220	Response	3	15845808	8990	2
222	Sound	22	15848936	288	1			0		other	0
223	Response	3	16059885	44458	2
226	Response	1	16467399	104750	3
227	Sound	42	16467714	265	1			0		other	0
228	Response	3	16654517	20289	2
230	Sound	102	16657507	286	1			0		other	0
231	Response	3	16844755	20754	1
233	Sound	162	16847800	307	1			0		other	0
234	Response	2	17043631	29358	3
236	Sound	23	17046693	264	1			0		other	0
237	Response	3	17232189	18980	2
239	Sound	132	17235186	317	2			0		other	0
240	Response	3	17432346	30698	2
242	Sound	42	17435479	342	1			0		other	0
243	Response	3	17613704	11787	1
245	Sound	133	17616673	261	1			0		other	0
246	Response	3	17802740	19548	3
248	Sound	43	17805766	248	1			0		other	0
249	Response	2	17987698	15400	2
251	Sound	163	17990759	300	1			0		other	0
252	Response	2	18161295	4057	3
254	Sound	24	18164353	284	1			0		other	0
255	Response	3	18341133	10284	2
257	Sound	103	18344146	301	2			0		other	0
258	Response	3	18544971	34347	1
260	Sound	43	18548039	260	1			0		other	0
261	Response	3	18738168	23609	2
263	Response	1	18867046	126162	2
264	Sound	44	18867428	252	1			0		other	0
265	Response	3	19047604	13648	1
267	Sound	25	19050621	337	1			0		other	0
268	Response	3	19227361	10298	2
270	Sound	134	19230315	256	1			0		other	0
271	Response	3	19402318	5479	2
273	Sound	164	19405308	305	1			0		other	0
274	Response	2	19607115	35333	2
276	Sound	44	19610201	264	1			0		other	0
277	Response	3	19851912	75196	2
279	Sound	104	19854992	301	1			0		other	0
280	Response	3	20031510	10039	1
282	Sound	45	20034585	285	2			0		other	0
283	Response	3	20225186	24107	3
285	Sound	165	20228178	274	2			0		other	0
286	Response	2	20435984	41300	2
288	Sound	45	20438971	302	1			0		other	0
289	Response	3	20633501	28052	2
291	Sound	105	20636563	291	2			0		other	0
292	Response	3	20813899	10847	1
294	Sound	135	20817057	343	1			0		other	0
295	Response	3	20989416	5922	2
297	Sound	26	20992451	293	1			0		other	0
298	Response	3	21170293	11356	2
300	Response	1	21451969	278870	2
301	Sound	166	21452334	325	1			0		other	0
302	Response	3	21633166	14377	3
304	Sound	27	21636227	277	1			0		other	0
305	Response	3	21812525	9796	1
307	Sound	53	21815521	296	1			0		other	0
308	Response	2	22006042	24037	1
310	Sound	106	22009113	283	2			0		other	0
311	Response	3	22216679	41070	1
313	Sound	46	22219706	278	1			0		other	0
314	Response	3	22396677	10469	1
316	Sound	136	22399699	329	1			0		other	0
317	Response	3	22587314	21164	1
319	Sound	54	22590392	250	1			0		other	0
320	Response	3	22767390	10469	3
322	Sound	107	22770386	302	1			0		other	0
323	Response	3	22954429	17566	1
325	Sound	137	22957479	289	1			0		other	0
326	Response	3	23132026	8056	2
328	Sound	47	23135072	273	1			0		other	0
329	Response	3	23307064	5485	1
331	Sound	167	23310066	323	1			0		other	0
332	Response	3	23566660	90138	1
334	Sound	28	23569756	264	2			0		other	0
335	Response	3	23744096	7824	3
337	Response	1	23827296	80361	2
338	Sound	168	23827747	338	1			0		other	0
339	Response	2	24057612	63423	3
341	Sound	108	24060638	304	1			0		other	0
342	Response	3	24244569	17456	3
344	Sound	138	24247531	257	2			0		other	0
345	Response	3	24421927	7874	2
347	Sound	46	24425025	309	1			0		other	0
348	Response	3	24603045	11549	2
350	Sound	29	24606118	294	1			0		other	0
351	Response	2	24802722	30118	2
353	Sound	48	24805711	285	1			0		other	0
354	Response	3	24981039	8833	3
356	Sound	49	24984204	335	2			0		other	0
357	Response	3	25159678	9030	1
359	Sound	139	25162798	320	1			0		other	0
360	Response	3	25333354	4097	2
362	Sound	109	25336391	303	2			0		other	0
363	Response	3	25509352	6484	2
365	Sound	169	25512285	253	1			0		other	0
366	Response	3	25746628	67817	3
368	Sound	20	25749776	321	1			0		other	0
369	Response	3	25925746	9512	2
371	Sound	52	25928870	306	1			0		other	0
372	Response	2	26102863	7520	2
374	Response	1	26315261	209588	2
375	Sound	110	26315755	316	1			0		other	0
376	Response	3	26498699	16481	1
378	Sound	170	26501648	270	2			0		other	0
379	Response	3	26676776	8618	2
381	Sound	140	26679742	254	1			0		other	0
382	Response	3	26890932	44665	2
384	Sound	50	26894034	282	1			0		other	0
385	Response	3	27065730	5199	2
387	Sound	47	27068827	298	2			0		other	0
388	Response	3	27247408	12100	2
390	Sound	21	27250421	284	1			0		other	0
391	Response	3	27422046	5130	1
393	Sound	111	27425014	267	1			0		other	0
394	Response	3	27601243	9717	1
396	Sound	51	27604308	286	1			0		other	0
397	Response	3	27777640	6839	2
399	Sound	48	27780801	336	1			0		other	0
400	Response	3	27963798	16554	1
402	Sound	22	27966894	322	1			0		other	0
403	Response	3	28146435	13084	2
405	Sound	171	28149487	308	2			0		other	0
406	Response	3	28363072	47113	2
408	Sound	141	28366079	303	2			0		other	0
409	Response	3	28602508	69953	3
411	Response	1	28843065	237867	2
412	Sound	112	28843462	341	1			0		other	0
413	Response	3	29044422	34521	2
415	Sound	142	29047554	332	1			0		other	0
416	Response	2	29239940	25938	1
418	Sound	23	29242947	288	1			0		other	0
419	Response	3	29435537	26099	2
421	Sound	172	29438540	278	1			0		other	0
422	Response	2	29615215	10173	1
424	Sound	49	29618333	295	1			0		other	0
425	Response	2	29792892	8075	2
427	Sound	52	29795926	279	2			0		other	0
428	Response	3	29967129	4703	2
430	Sound	143	29970220	296	1			0		other	0
431	Response	3	30145447	8744	2
433	Sound	113	30148513	313	2			0		other	0
434	Response	3	30334725	19746	1
436	Sound	24	30337806	335	1			0		other	0
437	Response	3	30519042	14791	1
439	Sound	53	30521999	254	2			0		other	0
440	Response	3	30693520	4995	1
442	Sound	173	30696693	337	1			0		other	0
443	Response	2	30876396	13261	2
445	Sound	50	30879386	256	1			0		other	0
446	Response	3	31063753	17844	3
448	Sound	114	31066879	310	1			0		other	0
449	Response	3	31254712	21363	1
451	Sound	25	31257772	265	1			0		other	0
452	Response	3	31462708	38421	2
454	Sound	51	31465765	325	1			0		other	0
455	Response	3	31641025	8806	3
457	Sound	144	31644058	342	1			0		other	0
458	Response	3	31827903	17408	2
460	Sound	54	31830951	296	1			0		other	0
461	Response	3	32030140	32706	2
463	Sound	174	32033243	320	2			0		other	0
464	Response	3	32241097	41395	2
466	Quit		40078358	7834503
