Scenario - Amelia_Experiment2.sce
Logfile written - 12/06/2018 12:57:10

Trial	Event Type	Code	Time	TTime	Uncertainty	Duration	Uncertainty	ReqTime	ReqDur	Stim Type	Pair Index

1	Response	1	78686	78520	2
2	Response	1	313643	234836	2
3	Response	1	382762	69032	1
4	Sound	1	383181	307	1			0		other	0
5	Response	3	627558	77905	2
7	Sound	150	630670	377	1			0		other	0
8	Response	2	829716	32478	1
10	Sound	120	832861	301	1			0		other	0
11	Response	3	1027713	28375	1
13	Sound	30	1030853	358	1			0		other	0
14	Response	3	1222190	24917	2
16	Sound	60	1225244	313	1			0		other	0
17	Response	2	1416988	25278	1
19	Sound	90	1420036	335	1			0		other	0
20	Response	3	1601064	14585	2
22	Sound	91	1604128	321	1			0		other	0
23	Response	2	1793302	22716	2
25	Sound	151	1796419	342	1			0		other	0
26	Response	2	1989220	26364	1
28	Sound	61	1992311	298	1			0		other	0
29	Response	3	2178336	19545	2
31	Sound	2	2181502	385	1			0		other	0
32	Response	3	2371293	23230	3
34	Sound	121	2374394	340	1			0		other	0
35	Response	3	2562651	21818	2
37	Sound	31	2565885	394	1			0		other	0
38	Response	2	2748489	16053	1
40	Response	1	2826488	75225	1
41	Sound	92	2826874	302	1			0		other	0
42	Response	2	3010245	16895	2
44	Sound	62	3013365	354	2			0		other	0
45	Response	2	3195283	15494	1
47	Sound	152	3198457	341	1			0		other	0
48	Response	3	3385920	21025	1
50	Sound	32	3389049	329	1			0		other	0
51	Response	2	3577037	21538	2
53	Sound	122	3580140	316	1			0		other	0
54	Response	3	3761754	15152	2
56	Sound	3	3764932	336	1			0		other	0
57	Response	2	3943032	11657	2
59	Sound	4	3946224	354	1			0		other	0
60	Response	2	4123829	11181	2
62	Sound	93	4127016	372	1			0		other	0
63	Response	3	4346866	53444	2
65	Sound	33	4349906	336	1			0		other	0
66	Response	3	4534704	18355	1
68	Sound	63	4537897	389	1			0		other	0
69	Response	3	4743101	38648	1
71	Sound	153	4746288	348	1			0		other	0
72	Response	2	4923337	10619	3
74	Sound	123	4926380	333	1			0		other	0
75	Response	3	5104615	11790	2
77	Response	1	5199174	91854	2
78	Sound	34	5199667	377	2			0		other	0
79	Response	3	5381652	15417	2
81	Sound	154	5384759	363	1			0		other	0
82	Response	2	5572768	21594	2
84	Sound	64	5575851	352	1			0		other	0
85	Response	3	5774606	32328	2
87	Sound	5	5777741	308	2			0		other	0
88	Response	3	5965564	21353	1
90	Sound	124	5968733	363	1			0		other	0
91	Response	3	6149400	14252	2
93	Sound	94	6152525	382	1			0		other	0
94	Response	2	6341557	22470	2
96	Sound	6	6344616	370	1			0		other	0
97	Response	2	6521715	10691	2
99	Sound	65	6524908	388	1			0		other	0
100	Response	2	6705793	14328	1
102	Sound	155	6709000	374	1			0		other	0
103	Response	2	6887150	11748	2
105	Sound	125	6890292	393	1			0		other	0
106	Response	3	7070187	13343	2
108	Sound	95	7073384	378	1			0		other	0
109	Response	3	7256265	16314	2
111	Sound	35	7259276	331	1			0		other	0
112	Response	3	7444023	18300	1
114	Response	1	7483302	36586	1
115	Sound	7	7483766	396	1			0		other	0
116	Response	3	7670018	19702	3
118	Sound	156	7673157	349	1			0		other	0
119	Response	2	7854577	14991	1
121	Sound	66	7857749	335	1			0		other	0
122	Response	3	8058973	34780	2
124	Sound	126	8062040	360	1			0		other	0
125	Response	3	8240732	12274	1
127	Sound	36	8243832	378	1			0		other	0
128	Response	3	8442248	31849	2
130	Sound	96	8445423	369	1			0		other	0
131	Response	3	8624006	12174	1
133	Sound	97	8627215	388	1			0		other	0
134	Response	3	8808403	14631	2
136	Sound	157	8811407	307	1			0		other	0
137	Response	2	8990081	12202	1
139	Sound	127	8993199	325	1			0		other	0
140	Response	3	9170638	10986	2
142	Sound	8	9173791	310	1			0		other	0
143	Response	3	9354075	13816	2
145	Sound	67	9357083	329	2			0		other	0
146	Response	3	9538153	14621	2
148	Sound	37	9541175	315	1			0		other	0
149	Response	2	9719591	11953	1
151	Response	1	9818868	96568	2
152	Sound	38	9819263	328	1			0		other	0
153	Response	3	10002066	16352	2
155	Sound	128	10005255	381	1			0		other	0
156	Response	3	10182543	10724	2
158	Sound	9	10185647	332	1			0		other	0
159	Response	3	10366301	14208	2
161	Sound	98	10369439	352	1			0		other	0
162	Response	3	10552618	16752	2
164	Sound	158	10555731	372	1			0		other	0
165	Response	2	10734375	12237	3
167	Sound	68	10737523	390	1			0		other	0
168	Response	2	10923094	19016	1
170	Sound	99	10926215	311	1			0		other	0
171	Response	3	11106851	14168	1
173	Sound	69	11110007	330	1			0		other	0
174	Response	3	11292287	15831	3
176	Sound	129	11295499	383	1			0		other	0
177	Response	3	11476766	14705	1
179	Sound	10	11479891	335	1			0		other	0
180	Response	3	11663883	17549	1
182	Sound	159	11666983	322	1			0		other	0
183	Response	2	11846680	13241	2
185	Sound	39	11849775	341	1			0		other	0
186	Response	3	12048997	32784	2
188	Response	1	12174116	122415	1
189	Sound	11	12174461	300	2			0		other	0
190	Response	2	12358193	17253	2
192	Sound	40	12361254	321	1			0		other	0
193	Response	3	12539551	11839	1
195	Sound	100	12542746	372	1			0		other	0
196	Response	3	12724667	15514	3
198	Sound	160	12727839	359	1			0		other	0
199	Response	2	12910746	16486	1
201	Sound	130	12913932	345	1			0		other	0
202	Response	3	13097622	17256	2
204	Sound	70	13100725	365	1			0		other	0
205	Response	2	13289700	22561	2
207	Sound	22	13292817	353	2			0		other	0
208	Response	3	13484336	25092	3
210	Sound	41	13487410	342	1			0		other	0
211	Response	2	13666334	12486	2
213	Sound	131	13669504	328	1			0		other	0
214	Response	3	13849691	13736	3
216	Sound	161	13852797	347	1			0		other	0
217	Response	3	14037610	18380	1
219	Sound	101	14040690	300	1			0		other	0
220	Response	3	14221446	14277	2
222	Sound	71	14224483	319	1			0		other	0
223	Response	3	14419604	28661	2
226	Response	1	14808638	86135	2
227	Sound	132	14809162	353	2			0		other	0
228	Response	3	14992876	17287	1
230	Sound	102	14995956	374	1			0		other	0
231	Response	3	15174714	12352	1
233	Sound	162	15177849	325	1			0		other	0
234	Response	2	15358071	13767	2
236	Sound	42	15361143	345	1			0		other	0
237	Response	2	15539428	11850	2
239	Sound	72	15542636	396	1			0		other	0
240	Response	3	15723506	14320	1
242	Sound	23	15726730	383	1			0		other	0
243	Response	3	15908943	15649	2
245	Sound	24	15911923	302	1			0		other	0
246	Response	3	16090701	12300	1
248	Sound	103	16093717	321	1			0		other	0
249	Response	3	16280938	20762	1
251	Sound	133	16284010	342	1			0		other	0
252	Response	3	16464695	14247	2
254	Sound	43	16467803	361	1			0		other	0
255	Response	3	16646293	12071	1
257	Sound	73	16649397	346	1			0		other	0
258	Response	3	16831009	15178	3
260	Sound	163	16834190	365	1			0		other	0
261	Response	2	17014847	14242	2
263	Response	1	17069086	51487	2
264	Sound	44	17069582	333	1			0		other	0
265	Response	2	17255564	19535	2
267	Sound	74	17258675	320	1			0		other	0
268	Response	3	17451162	26027	1
270	Sound	134	17454268	309	2			0		other	0
271	Response	3	17632039	11300	1
273	Sound	164	17635062	328	1			0		other	0
274	Response	2	17813556	12042	2
276	Sound	25	17816655	313	2			0		other	0
277	Response	3	17997233	14111	2
279	Sound	104	18000249	299	1			0		other	0
280	Response	3	18180990	14260	2
282	Sound	45	18184042	318	2			0		other	0
283	Response	3	18363388	12884	2
285	Sound	165	18366536	370	1			0		other	0
286	Response	3	18545546	12601	1
288	Sound	105	18548629	355	2			0		other	0
289	Response	3	18728584	13531	1
291	Sound	75	18731723	342	1			0		other	0
292	Response	2	18911541	13380	1
294	Sound	135	18914716	393	2			0		other	0
295	Response	3	19091138	9869	2
297	Sound	26	19094310	379	1			0		other	0
298	Response	3	19275296	14418	1
300	Response	1	19374974	96935	2
301	Sound	166	19375400	392	1			0		other	0
302	Response	3	19561771	19817	2
304	Sound	136	19564993	380	1			0		other	0
305	Response	3	19745288	13728	2
307	Sound	106	19748386	332	2			0		other	0
308	Response	3	19935287	20453	1
310	Sound	46	19938380	387	1			0		other	0
311	Response	3	20142723	37783	2
313	Sound	27	20145772	346	2			0		other	0
314	Response	3	20331360	19154	3
316	Sound	76	20334566	367	1			0		other	0
317	Response	2	20515038	14059	2
319	Sound	77	20518159	352	1			0		other	0
320	Response	2	20708955	24369	2
322	Sound	28	20712052	308	1			0		other	0
323	Response	3	20892153	13629	1
325	Sound	137	20895246	394	1			0		other	0
326	Response	3	21072951	11153	1
328	Sound	167	21076139	345	1			0		other	0
329	Response	2	21254868	12295	1
331	Sound	47	21257932	363	2			0		other	0
332	Response	3	21442305	17957	2
334	Sound	107	21445326	318	1			0		other	0
335	Response	3	21623023	11235	1
337	Response	1	21730701	104918	1
338	Sound	78	21731115	366	2			0		other	0
339	Response	3	21914059	16530	1
341	Sound	48	21917209	353	1			0		other	0
342	Response	3	22101095	17459	2
344	Sound	168	22104102	306	1			0		other	0
345	Response	2	22283972	13396	3
347	Sound	108	22287095	358	2			0		other	0
348	Response	3	22468611	15095	1
350	Sound	29	22471689	345	1			0		other	0
351	Response	2	22656847	18723	2
353	Sound	138	22659982	365	1			0		other	0
354	Response	3	22836206	9810	1
356	Sound	20	22839275	383	2			0		other	0
357	Response	3	23017803	11965	1
359	Sound	49	23020869	368	1			0		other	0
360	Response	2	23199959	12679	3
362	Sound	169	23203162	387	1			0		other	0
363	Response	2	23380757	11036	2
365	Sound	79	23383856	306	1			0		other	0
366	Response	3	23563075	12745	2
368	Sound	109	23566149	324	1			0		other	0
369	Response	2	23754752	22148	2
371	Sound	139	23757942	346	1			0		other	0
372	Response	3	23934190	9814	2
374	Response	1	23996989	60117	1
375	Sound	80	23997334	315	1			0		other	0
376	Response	3	24193146	29348	2
378	Sound	21	24196326	371	1			0		other	0
379	Response	2	24392344	29610	1
381	Sound	140	24395419	362	1			0		other	0
382	Response	3	24574501	12664	1
384	Sound	110	24577712	380	2			0		other	0
385	Response	3	24757697	13419	3
387	Sound	50	24760806	367	1			0		other	0
388	Response	2	24944976	17757	1
390	Sound	170	24948099	387	1			0		other	0
391	Response	2	25135453	20795	2
393	Sound	141	25138492	341	1			0		other	0
394	Response	3	25317531	12601	1
396	Sound	51	25320585	326	1			0		other	0
397	Response	3	25512568	25530	1
399	Sound	111	25515678	316	1			0		other	0
400	Response	3	25694724	12582	3
402	Sound	171	25697772	302	1			0		other	0
403	Response	2	25879602	15352	2
405	Sound	22	25882765	354	1			0		other	0
406	Response	3	26063359	14169	3
408	Sound	81	26066558	373	1			0		other	0
409	Response	3	26246397	13436	2
411	Response	1	26325036	75911	2
412	Sound	112	26325449	348	1			0		other	0
413	Response	3	26507113	15233	2
415	Sound	82	26510242	367	1			0		other	0
416	Response	3	26689750	13096	2
418	Sound	23	26692835	353	1			0		other	0
419	Response	3	26872788	13526	2
421	Sound	52	26875928	338	2			0		other	0
422	Response	3	27057906	15537	2
424	Sound	172	27061022	325	1			0		other	0
425	Response	2	27238303	10827	2
427	Sound	142	27241515	377	1			0		other	0
428	Response	2	27421741	13657	2
430	Sound	173	27424908	329	1			0		other	0
431	Response	2	27601019	9660	1
433	Sound	83	27604202	347	1			0		other	0
434	Response	3	27780856	10222	1
436	Sound	113	27783995	365	1			0		other	0
437	Response	3	27961652	11243	3
439	Sound	24	27964788	383	1			0		other	0
440	Response	3	28145971	14620	1
442	Sound	143	28148981	303	2			0		other	0
443	Response	2	28326367	10909	3
445	Sound	53	28329475	355	1			0		other	0
446	Response	3	28510844	14944	3
448	Sound	54	28513868	307	1			0		other	0
449	Response	3	28707083	26743	1
451	Sound	174	28710161	331	1			0		other	0
452	Response	3	28890840	14230	2
454	Sound	84	28893954	350	1			0		other	0
455	Response	3	29073317	12933	2
457	Sound	114	29076347	302	1			0		other	0
458	Response	3	29256194	13369	2
460	Sound	25	29259340	354	2			0		other	0
461	Response	3	29439233	13467	1
463	Sound	144	29442234	307	1			0		other	0
464	Response	2	29619230	10524	1
466	Quit		38391597	8769562
