Scenario - Amelia_Experiment2.sce
Logfile written - 12/11/2018 13:17:41

Trial	Event Type	Code	Time	TTime	Uncertainty	Duration	Uncertainty	ReqTime	ReqDur	Stim Type	Pair Index

1	Response	1	67645	67479	1
2	Response	1	331161	263351	1
3	Response	1	426519	95296	2
4	Sound	1	427079	387	1			0		other	0
5	Response	3	607236	13599	2
7	Sound	30	610271	306	1			0		other	0
8	Response	3	788834	12091	2
10	Sound	150	791962	391	2			0		other	0
11	Response	2	971071	12555	2
13	Sound	90	974154	309	2			0		other	0
14	Response	3	1152509	11886	2
16	Sound	60	1155646	361	1			0		other	0
17	Response	3	1334347	12284	1
19	Sound	120	1337438	380	1			0		other	0
20	Response	3	1522904	18901	1
22	Sound	2	1526030	367	1			0		other	0
23	Response	3	1730261	37820	2
25	Sound	121	1733421	326	1			0		other	0
26	Response	3	1921458	21585	2
28	Sound	151	1924512	314	1			0		other	0
29	Response	2	2105616	14639	1
31	Sound	61	2108604	300	1			0		other	0
32	Response	2	2312973	37890	1
34	Sound	31	2316095	359	1			0		other	0
35	Response	3	2494251	11736	1
37	Sound	91	2497387	377	1			0		other	0
38	Response	3	2669927	5972	2
40	Response	1	2720807	48189	2
41	Sound	92	2721277	341	1			0		other	0
42	Response	3	2894485	6771	1
44	Sound	122	2897570	359	1			0		other	0
45	Response	3	3069202	5212	2
47	Sound	3	3072362	375	1			0		other	0
48	Response	3	3250320	11388	1
50	Sound	152	3253454	360	1			0		other	0
51	Response	3	3425677	5804	2
53	Sound	62	3428746	376	2			0		other	0
54	Response	2	3623515	28200	1
56	Sound	32	3626638	333	1			0		other	0
57	Response	3	3796872	3789	2
59	Sound	63	3799930	349	1			0		other	0
60	Response	3	3977430	11071	1
62	Sound	33	3980522	334	1			0		other	0
63	Response	2	4163026	16059	2
65	Sound	153	4166114	320	1			0		other	0
66	Response	3	4350144	17572	2
68	Sound	4	4353206	307	1			0		other	0
69	Response	3	4545580	25903	3
71	Sound	93	4548698	363	1			0		other	0
72	Response	3	4729818	14705	2
74	Sound	123	4732990	383	1			0		other	0
75	Response	3	4913576	14024	2
77	Response	1	4930936	14556	1
78	Sound	5	4931381	339	1			0		other	0
79	Response	2	5108054	10233	1
81	Sound	154	5111174	358	1			0		other	0
82	Response	3	5289331	11736	1
84	Sound	124	5292466	376	1			0		other	0
85	Response	3	5468289	9253	1
87	Sound	64	5471358	326	2			0		other	0
88	Response	3	5657966	20155	1
90	Sound	94	5661151	348	1			0		other	0
91	Response	3	5842443	14861	2
93	Sound	34	5845544	301	1			0		other	0
94	Response	3	6027081	15058	1
96	Sound	155	6030237	387	1			0		other	0
97	Response	3	6219398	22602	1
99	Sound	35	6222429	308	2			0		other	0
100	Response	2	6408275	19374	2
102	Sound	65	6411422	362	1			0		other	0
103	Response	2	6599072	21232	2
105	Sound	125	6602215	383	2			0		other	0
106	Response	3	6782430	13652	1
108	Sound	6	6785609	336	1			0		other	0
109	Response	3	6964827	12774	2
111	Sound	95	6967902	354	1			0		other	0
112	Response	3	7154425	20098	1
114	Response	1	7173304	16151	2
115	Sound	7	7173795	314	1			0		other	0
116	Response	3	7361382	21121	1
118	Sound	96	7364388	301	1			0		other	0
119	Response	3	7543058	12191	3
121	Sound	66	7546181	319	2			0		other	0
122	Response	3	7730497	17856	1
124	Sound	156	7733675	374	1			0		other	0
125	Response	2	7912414	12333	2
127	Sound	36	7915568	325	2			0		other	0
128	Response	3	8124811	42788	1
130	Sound	126	8127861	353	1			0		other	0
131	Response	3	8307127	12839	3
133	Sound	8	8310254	304	1			0		other	0
134	Response	3	8491286	14557	1
136	Sound	97	8494448	391	1			0		other	0
137	Response	3	8667604	6601	1
139	Sound	157	8670641	307	2			0		other	0
140	Response	2	8858960	21847	2
142	Sound	127	8862135	363	1			0		other	0
143	Response	3	9041918	13366	1
145	Sound	37	9045028	315	1			0		other	0
146	Response	2	9228874	17381	3
148	Sound	67	9232022	369	1			0		other	0
149	Response	2	9414553	16120	1
151	Response	1	9428392	11132	2
152	Sound	9	9428815	392	1			0		other	0
153	Response	3	9609910	14540	2
155	Sound	98	9613008	311	1			0		other	0
156	Response	3	9790948	11471	1
158	Sound	158	9794002	363	1			0		other	0
159	Response	3	9973664	13245	2
161	Sound	68	9976795	381	1			0		other	0
162	Response	3	10149103	5743	1
164	Sound	128	10152189	331	1			0		other	0
165	Response	3	10325339	6702	2
167	Sound	38	10328483	349	1			0		other	0
168	Response	3	10500937	6023	2
170	Sound	159	10504076	332	2			0		other	0
171	Response	2	10705415	34891	1
173	Sound	99	10708569	390	1			0		other	0
174	Response	3	10882692	7567	2
176	Sound	129	10885763	308	1			0		other	0
177	Response	3	11074769	22534	2
179	Sound	39	11077956	396	1			0		other	0
180	Response	3	11256207	11701	1
182	Sound	10	11259350	349	1			0		other	0
183	Response	3	11440844	15063	2
185	Sound	69	11443943	334	1			0		other	0
186	Response	3	11625562	15173	1
188	Response	1	11686601	58218	1
189	Sound	130	11687034	337	2			0		other	0
190	Response	3	11872678	19201	2
192	Sound	70	11875828	358	1			0		other	0
193	Response	2	12058275	16026	2
195	Sound	11	12061421	344	1			0		other	0
196	Response	3	12244192	16335	2
197	Response	3	12244833	482	1
198	Sound	100	12247314	297	1			0		other	0
199	Response	3	12430270	16473	2
201	Sound	160	12433308	351	1			0		other	0
202	Response	3	12615628	15891	1
204	Sound	40	12618701	303	1			0		other	0
205	Response	3	12801704	16527	3
207	Sound	101	12804894	390	2			0		other	0
208	Response	3	12991223	19773	1
210	Sound	71	12994288	345	1			0		other	0
211	Response	3	13172660	11937	1
213	Sound	161	13175781	396	1			0		other	0
214	Response	2	13382737	40406	1
216	Sound	41	13385874	390	1			0		other	0
217	Response	3	13568093	15663	3
219	Sound	131	13571267	343	1			0		other	0
220	Response	3	13758252	20548	1
222	Sound	22	13761360	330	1			0		other	0
223	Response	3	13953529	25720	1
225	Response	1	14228085	271785	1
226	Response	1	14277203	20833	3
227	Sound	102	14277741	378	2			0		other	0
228	Response	3	14454082	9773	1
230	Sound	72	14457135	330	1			0		other	0
231	Response	3	14635918	12333	3
233	Sound	132	14639128	381	2			0		other	0
234	Response	3	14819997	14304	1
236	Sound	162	14823022	335	1			0		other	0
237	Response	3	15006154	16687	1
239	Sound	42	15009315	354	1			0		other	0
240	Response	2	15192071	16331	2
242	Sound	23	15195208	307	2			0		other	0
243	Response	3	15376789	15109	1
245	Sound	24	15379902	394	1			0		other	0
246	Response	3	15559586	13132	2
248	Sound	103	15562595	313	1			0		other	0
249	Response	3	15733183	4121	2
251	Sound	163	15736289	396	1			0		other	0
252	Response	2	15928780	25941	2
254	Sound	73	15931882	385	1			0		other	0
255	Response	3	16111658	13215	2
257	Sound	133	16114775	337	1			0		other	0
258	Response	3	16295895	14678	2
260	Sound	43	16299068	356	2			0		other	0
261	Response	3	16489973	24482	2
263	Response	1	16578052	85236	1
264	Sound	104	16578458	336	1			0		other	0
265	Response	3	16763009	18108	2
267	Sound	44	16766051	323	2			0		other	0
268	Response	3	16945326	12819	2
270	Sound	134	16948545	376	1			0		other	0
271	Response	3	17137723	22608	2
273	Sound	164	17140738	298	1			0		other	0
274	Response	2	17359081	51861	1
276	Sound	74	17362230	361	1			0		other	0
277	Response	3	17594597	65949	2
279	Sound	25	17597621	328	1			0		other	0
280	Response	3	17780195	16123	1
282	Sound	45	17783214	315	2			0		other	0
283	Response	2	17962511	12832	3
285	Sound	26	17965708	367	1			0		other	0
286	Response	3	18149309	17189	2
288	Sound	135	18152501	387	1			0		other	0
289	Response	3	18332987	13927	1
291	Sound	105	18336094	373	1			0		other	0
292	Response	3	18520105	17604	1
294	Sound	75	18523187	360	2			0		other	0
295	Response	3	18721702	32095	1
297	Sound	165	18724780	351	1			0		other	0
298	Response	3	18959138	67929	2
300	Response	1	18997698	35846	1
301	Sound	106	18998170	329	1			0		other	0
302	Response	3	19170015	5395	2
304	Sound	76	19173164	380	1			0		other	0
305	Response	3	19354493	14763	1
307	Sound	136	19357557	332	1			0		other	0
308	Response	3	19541530	17526	1
310	Sound	46	19544650	319	1			0		other	0
311	Response	3	19724568	13458	1
313	Sound	27	19727643	371	2			0		other	0
314	Response	3	19932004	37953	2
316	Sound	166	19935036	331	1			0		other	0
317	Response	2	20140722	39238	1
319	Sound	107	20143828	357	1			0		other	0
320	Response	3	20340959	30709	1
322	Sound	28	20344121	382	1			0		other	0
323	Response	3	20545356	34671	1
325	Sound	77	20548513	340	1			0		other	0
326	Response	3	20736793	21840	2
328	Sound	137	20740006	395	1			0		other	0
329	Response	3	20950469	43912	2
331	Sound	47	20953598	389	1			0		other	0
332	Response	3	21134548	14393	1
334	Sound	167	21137692	376	1			0		other	0
335	Response	2	21341265	37003	1
337	Response	1	21362623	18540	3
338	Sound	108	21363083	340	1			0		other	0
339	Response	3	21547101	17578	2
341	Sound	78	21550176	326	2			0		other	0
342	Response	3	21737818	21189	2
344	Sound	168	21740969	348	1			0		other	0
345	Response	3	21928456	21056	2
347	Sound	138	21931562	336	1			0		other	0
348	Response	3	22116854	18848	1
350	Sound	29	22120055	390	1			0		other	0
351	Response	3	22303811	17200	1
353	Sound	48	22306948	343	1			0		other	0
354	Response	2	22509328	35944	2
356	Sound	49	22512341	303	1			0		other	0
357	Response	2	22688846	10028	1
359	Sound	169	22692034	387	1			0		other	0
360	Response	2	22873323	14730	1
362	Sound	79	22876427	340	1			0		other	0
363	Response	3	23057879	15012	3
365	Sound	20	23061020	326	1			0		other	0
366	Response	3	23297317	69844	1
368	Sound	109	23300511	394	1			0		other	0
369	Response	3	23483875	16812	1
371	Sound	139	23486904	348	2			0		other	0
372	Response	3	23669231	15895	2
374	Response	1	23705631	33635	2
375	Sound	170	23705996	344	2			0		other	0
376	Response	2	23927308	54877	2
378	Sound	140	23930388	309	1			0		other	0
379	Response	3	24108826	11967	1
381	Sound	21	24111881	360	1			0		other	0
382	Response	2	24296103	17803	1
384	Sound	50	24299174	380	1			0		other	0
385	Response	3	24479939	14200	3
387	Sound	110	24483067	333	2			0		other	0
388	Response	3	24676498	26985	1
390	Sound	80	24679660	323	1			0		other	0
391	Response	3	24861455	15339	2
393	Sound	81	24864653	376	1			0		other	0
394	Response	3	25036253	5030	1
396	Sound	111	25039447	393	1			0		other	0
397	Response	3	25224010	18010	1
399	Sound	22	25227140	314	1			0		other	0
400	Response	3	25450407	56801	1
402	Sound	141	25453431	345	1			0		other	0
403	Response	3	25636244	16378	2
405	Sound	51	25639324	298	1			0		other	0
406	Response	3	25826721	20916	2
408	Sound	171	25829817	353	1			0		other	0
409	Response	2	26025599	29355	1
411	Response	1	26043038	14638	2
412	Sound	52	26043409	347	1			0		other	0
413	Response	2	26243756	33915	1
415	Sound	112	26246801	305	2			0		other	0
416	Response	2	26417113	3838	1
418	Sound	23	26420295	355	1			0		other	0
419	Response	3	26602710	15991	2
421	Sound	82	26605888	342	1			0		other	0
422	Response	3	26798628	26302	1
424	Sound	172	26801681	365	1			0		other	0
425	Response	3	27002465	34370	1
427	Sound	142	27005573	323	1			0		other	0
428	Response	2	27192542	20512	2
430	Sound	173	27195666	311	1			0		other	0
431	Response	2	27365340	3205	1
433	Sound	143	27368459	326	1			0		other	0
434	Response	2	27550457	15545	2
436	Sound	24	27553552	313	1			0		other	0
437	Response	3	27745574	25556	2
439	Sound	83	27748645	302	1			0		other	0
440	Response	3	27931412	16290	1
442	Sound	53	27934438	322	1			0		other	0
443	Response	3	28117249	16354	1
445	Sound	113	28120431	376	1			0		other	0
446	Response	2	28299807	12806	1
448	Sound	84	28302824	328	1			0		other	0
449	Response	3	28515004	45728	1
451	Sound	54	28518116	356	1			0		other	0
452	Response	3	28700920	16381	2
454	Sound	25	28704009	309	1			0		other	0
455	Response	3	28892437	21958	3
457	Sound	174	28895502	364	1			0		other	0
458	Response	3	29077876	15959	1
460	Sound	114	29080895	318	1			0		other	0
461	Response	3	29263233	15876	1
463	Sound	144	29266388	371	1			0		other	0
464	Response	3	29447630	14834	2
466	Quit		30282509	832052
