Scenario - Amelia_Experiment2.sce
Logfile written - 11/21/2018 15:40:58

Trial	Event Type	Code	Time	TTime	Uncertainty	Duration	Uncertainty	ReqTime	ReqDur	Stim Type	Pair Index

1	Response	1	34345	34012	2
2	Response	1	211063	176575	2
3	Response	1	261302	50207	2
4	Sound	30	261789	376	1			0		other	0
5	Response	2	444020	15662	1
7	Sound	30	447180	328	2			0		other	0
8	Response	3	623777	10147	2
10	Sound	150	626772	313	1			0		other	0
11	Response	2	801294	8056	2
13	Sound	90	804364	297	1			0		other	0
14	Response	3	977773	6927	1
16	Sound	120	980856	347	2			0		other	0
17	Response	3	1156410	9122	1
19	Sound	1	1159448	331	2			0		other	0
20	Response	3	1334247	8352	2
22	Sound	2	1337440	382	2			0		other	0
23	Response	2	1510245	6242	1
25	Sound	31	1513333	333	1			0		other	0
26	Response	2	1688401	8622	3
28	Sound	151	1691425	317	1			0		other	0
29	Response	2	1870560	12674	1
31	Sound	31	1873716	335	1			0		other	0
32	Response	3	2047597	7437	2
34	Sound	91	2050708	385	1			0		other	0
35	Response	3	2227674	10406	2
37	Sound	121	2230800	370	1			0		other	0
38	Response	2	2405592	8383	1
40	Response	1	2452952	44580	1
41	Sound	32	2453390	366	2			0		other	0
42	Response	3	2627029	7227	1
44	Sound	92	2630182	383	2			0		other	0
45	Response	3	2802946	6202	2
47	Sound	122	2806074	333	2			0		other	0
48	Response	2	2979343	6824	3
50	Sound	152	2982567	384	1			0		other	0
51	Response	3	3154621	5494	2
53	Sound	32	3157759	301	1			0		other	0
54	Response	3	3333019	8783	2
56	Sound	3	3336051	318	1			0		other	0
57	Response	2	3507337	4826	2
59	Sound	123	3510543	368	1			0		other	0
60	Response	2	3690454	13500	2
62	Sound	9	3693635	353	1			0		other	0
63	Response	3	3865172	5112	1
65	Sound	33	3868227	336	2			0		other	0
66	Response	2	4041168	6499	3
68	Sound	4	4044320	321	1			0		other	0
69	Response	2	4216767	5989	1
71	Sound	153	4219912	304	1			0		other	0
72	Response	2	4392283	5896	2
74	Sound	33	4395404	354	2			0		other	0
75	Response	3	4569722	7893	1
77	Response	1	4651640	79148	2
78	Sound	154	4652093	294	1			0		other	0
79	Response	2	4823717	5139	2
81	Sound	124	4826785	376	2			0		other	0
82	Response	2	5003315	9962	2
84	Sound	5	5006377	361	2			0		other	0
85	Response	3	5177153	4359	2
87	Sound	9	5180270	311	1			0		other	0
88	Response	3	5351150	4413	2
90	Sound	34	5354262	360	1			0		other	0
91	Response	3	5525069	4389	1
93	Sound	34	5528155	311	1			0		other	0
94	Response	2	5699065	4442	2
96	Sound	125	5702147	360	1			0		other	0
97	Response	3	5876583	8018	2
99	Sound	155	5879739	344	2			0		other	0
100	Response	2	6049461	3287	1
102	Sound	35	6052532	360	1			0		other	0
103	Response	3	6228337	9387	3
105	Sound	35	6231424	311	1			0		other	0
106	Response	3	6402655	4764	2
108	Sound	9	6405716	327	2			0		other	0
109	Response	3	6581853	9686	2
111	Sound	6	6585009	346	1			0		other	0
112	Response	3	6760491	9049	1
114	Response	1	6914089	150818	1
115	Sound	36	6914594	373	2			0		other	0
116	Response	2	7088085	7085	2
118	Sound	126	7091187	357	1			0		other	0
119	Response	2	7261924	4315	1
121	Sound	9	7264979	373	1			0		other	0
122	Response	3	7438561	7176	2
124	Sound	36	7441672	291	1			0		other	0
125	Response	2	7613038	4878	2
127	Sound	156	7616164	340	1			0		other	0
128	Response	2	7793915	11312	3
130	Sound	7	7796956	358	2			0		other	0
131	Response	3	7981434	18057	1
133	Sound	37	7984549	346	1			0		other	0
134	Response	3	8155591	4609	2
136	Sound	37	8158641	328	2			0		other	0
137	Response	2	8330069	4977	1
139	Sound	157	8333134	378	2			0		other	0
140	Response	3	8511106	11404	2
142	Sound	8	8514227	363	2			0		other	0
143	Response	3	8687423	6779	2
145	Sound	127	8690521	380	1			0		other	0
146	Response	2	8862461	5374	1
148	Sound	9	8865614	364	1			0		other	0
149	Response	3	9047178	15148	2
151	Response	1	9243255	193397	2
152	Sound	38	9243600	305	1			0		other	0
153	Response	3	9419973	9898	2
155	Sound	9	9423094	357	1			0		other	0
156	Response	3	9598930	9413	2
158	Sound	38	9601987	307	1			0		other	0
159	Response	3	9773807	5347	3
161	Sound	9	9776981	357	1			0		other	0
162	Response	3	9948846	5443	1
164	Sound	128	9951875	308	1			0		other	0
165	Response	2	10124683	6336	2
167	Sound	158	10127868	357	2			0		other	0
168	Response	3	10302441	8150	1
170	Sound	10	10305462	342	1			0		other	0
171	Response	3	10475958	4058	2
173	Sound	99	10479056	325	1			0		other	0
174	Response	3	10649396	3885	2
176	Sound	39	10652550	375	1			0		other	0
177	Response	2	10824274	5152	1
179	Sound	129	10827243	290	2			0		other	0
180	Response	2	10998111	4379	2
182	Sound	39	11001237	340	1			0		other	0
183	Response	3	11175789	8113	1
185	Sound	159	11178831	325	1			0		other	0
186	Response	2	11353545	8259	2
188	Response	1	11570263	213981	1
189	Sound	130	11570717	337	1			0		other	0
190	Response	2	11744021	6861	1
192	Sound	40	11747211	388	1			0		other	0
193	Response	2	11918578	4808	1
195	Sound	100	11921604	336	2			0		other	0
196	Response	2	12109456	21409	1
198	Sound	40	12112498	292	1			0		other	0
199	Response	3	12284013	5027	1
201	Sound	11	12287192	375	1			0		other	0
202	Response	3	12458649	4886	3
204	Sound	160	12461785	358	2			0		other	0
205	Response	2	12632887	4680	2
207	Sound	41	12636079	374	1			0		other	0
208	Response	3	12815606	12955	1
210	Sound	41	12818673	360	1			0		other	0
211	Response	3	12991603	6511	1
213	Sound	131	12994766	343	2			0		other	0
214	Response	2	13166961	5759	1
216	Sound	101	13170060	360	2			0		other	0
217	Response	3	13345598	9119	1
219	Sound	22	13348654	345	1			0		other	0
220	Response	3	13519836	4747	1
222	Sound	161	13522948	362	1			0		other	0
223	Response	2	13694793	5427	1
226	Response	1	14118627	121027	2
227	Sound	132	14119027	299	1			0		other	0
228	Response	2	14289985	4477	1
230	Sound	102	14293020	348	2			0		other	0
231	Response	3	14463501	4049	3
233	Sound	42	14466614	331	1			0		other	0
234	Response	2	14636780	3717	1
236	Sound	23	14639908	348	1			0		other	0
237	Response	2	14810058	3718	1
239	Sound	162	14813202	364	1			0		other	0
240	Response	3	14983575	3957	1
242	Sound	42	14986596	314	1			0		other	0
243	Response	3	15160691	7629	3
245	Sound	24	15163689	297	2			0		other	0
246	Response	3	15335009	4837	2
248	Sound	163	15338183	347	1			0		other	0
249	Response	3	15510288	5672	1
251	Sound	103	15513477	364	1			0		other	0
252	Response	3	15684365	4473	1
254	Sound	133	15687371	314	1			0		other	0
255	Response	2	15857723	3887	1
257	Sound	43	15860864	363	2			0		other	0
258	Response	3	16031080	3799	1
260	Sound	43	16034158	379	2			0		other	0
261	Response	3	16206918	6193	1
263	Response	1	16465553	255831	2
264	Sound	134	16465943	303	1			0		other	0
265	Response	3	16636351	3932	2
267	Sound	25	16639437	353	1			0		other	0
268	Response	3	16810268	4404	2
270	Sound	104	16813330	302	2			0		other	0
271	Response	3	16985307	5499	1
273	Sound	44	16988524	386	1			0		other	0
274	Response	2	17160504	5420	2
276	Sound	164	17163618	369	1			0		other	0
277	Response	2	17335142	5114	1
279	Sound	44	17338212	353	1			0		other	0
280	Response	3	17514339	9701	2
282	Sound	45	17517505	370	1			0		other	0
283	Response	3	17691137	7223	1
285	Sound	165	17694199	288	1			0		other	0
286	Response	3	17866414	5724	2
288	Sound	26	17869492	304	2			0		other	0
289	Response	3	18041372	5405	1
291	Sound	135	18044486	355	1			0		other	0
292	Response	2	18220009	9098	2
294	Sound	45	18223080	339	1			0		other	0
295	Response	3	18397367	7847	1
297	Sound	105	18400473	290	2			0		other	0
298	Response	3	18572563	5600	3
300	Response	1	18886639	311345	2
301	Sound	166	18887056	363	1			0		other	0
302	Response	2	19057117	3644	2
304	Sound	136	19060150	346	1			0		other	0
305	Response	3	19233354	6770	2
307	Sound	106	19236443	362	1			0		other	0
308	Response	2	19409591	6731	3
310	Sound	46	19412737	380	1			0		other	0
311	Response	3	19583910	4607	2
313	Sound	53	19586930	296	2			0		other	0
314	Response	3	19758948	5534	1
316	Sound	27	19762124	379	1			0		other	0
317	Response	3	19934545	5854	2
319	Sound	54	19937718	363	1			0		other	0
320	Response	3	20108863	4729	1
322	Sound	47	20112012	380	1			0		other	0
323	Response	3	20283820	5242	2
325	Sound	28	20286905	330	1			0		other	0
326	Response	3	20458778	5423	1
328	Sound	137	20461899	380	1			0		other	0
329	Response	2	20632215	3750	2
331	Sound	167	20635293	330	1			0		other	0
332	Response	3	20807972	6229	2
334	Sound	107	20811086	346	1			0		other	0
335	Response	3	20983970	6451	2
337	Response	1	21299006	312323	1
338	Sound	168	21299469	387	1			0		other	0
339	Response	3	21474682	8653	3
341	Sound	29	21477862	337	1			0		other	0
342	Response	3	21651320	7016	2
344	Sound	108	21654456	322	1			0		other	0
345	Response	2	21825477	4563	3
347	Sound	48	21828549	304	2			0		other	0
348	Response	3	21999716	4692	1
350	Sound	46	22002843	321	1			0		other	0
351	Response	3	22174273	4971	2
353	Sound	138	22177337	371	1			0		other	0
354	Response	3	22348831	5086	2
356	Sound	49	22351930	354	1			0		other	0
357	Response	2	22524268	5912	2
359	Sound	109	22527324	305	1			0		other	0
360	Response	3	22701306	7507	1
362	Sound	169	22704417	288	2			0		other	0
363	Response	3	22879223	8314	2
365	Sound	52	22882211	306	1			0		other	0
366	Response	3	23055541	6857	1
368	Sound	139	23058705	357	1			0		other	0
369	Response	2	23230099	4972	1
371	Sound	20	23233098	306	1			0		other	0
372	Response	3	23403935	4364	2
374	Response	1	23600732	193996	3
375	Sound	110	23601185	345	1			0		other	0
376	Response	3	23774971	7352	1
378	Sound	50	23778078	295	1			0		other	0
379	Response	3	23958568	14006	2
381	Sound	170	23961771	381	2			0		other	0
382	Response	2	24137286	8950	1
384	Sound	21	24140365	366	1			0		other	0
385	Response	3	24310483	3705	2
387	Sound	47	24313659	383	1			0		other	0
388	Response	3	24488560	8338	2
390	Sound	140	24491752	367	1			0		other	0
391	Response	2	24663437	5272	3
393	Sound	22	24666546	384	1			0		other	0
394	Response	3	24838875	5766	2
396	Sound	141	24841939	333	1			0		other	0
397	Response	3	25011993	3608	2
399	Sound	171	25015033	317	1			0		other	0
400	Response	3	25186231	4735	1
402	Sound	111	25189326	332	2			0		other	0
403	Response	3	25360788	5015	2
405	Sound	48	25363920	316	1			0		other	0
406	Response	3	25539186	8803	1
408	Sound	51	25542214	335	1			0		other	0
409	Response	3	25715183	6524	2
411	Response	1	25954460	236471	2
412	Sound	23	25954898	318	1			0		other	0
413	Response	3	26129418	8059	1
415	Sound	172	26132492	303	1			0		other	0
416	Response	3	26303815	4847	2
418	Sound	49	26306985	353	2			0		other	0
419	Response	3	26477333	3921	1
421	Sound	112	26480379	302	1			0		other	0
422	Response	3	26651251	4395	1
424	Sound	142	26654373	353	1			0		other	0
425	Response	2	26824768	3968	1
427	Sound	52	26827766	302	1			0		other	0
428	Response	3	27001564	7320	3
430	Sound	113	27004760	353	1			0		other	0
431	Response	2	27176923	5736	1
433	Sound	50	27180053	369	1			0		other	0
434	Response	2	27351800	5337	2
436	Sound	24	27354947	320	1			0		other	0
437	Response	3	27526358	4951	1
439	Sound	143	27529440	369	2			0		other	0
440	Response	3	27699715	3865	2
442	Sound	173	27702834	319	1			0		other	0
443	Response	3	27873633	4339	2
445	Sound	53	27876828	369	1			0		other	0
446	Response	2	28047391	4153	1
448	Sound	114	28050421	352	1			0		other	0
449	Response	3	28221868	5019	2
451	Sound	144	28225015	335	1			0		other	0
452	Response	3	28397946	6487	1
454	Sound	25	28401108	319	1			0		other	0
455	Response	2	28572663	5094	2
457	Sound	54	28575702	303	1			0		other	0
458	Response	2	28745701	3522	1
460	Sound	51	28748895	385	2			0		other	0
461	Response	3	28920737	5281	3
463	Sound	174	28923789	335	1			0		other	0
464	Response	2	29094255	4022	2
466	Quit		33097890	4000826
