Scenario - Amelia_Experiment2.sce
Logfile written - 12/11/2018 10:34:49

Trial	Event Type	Code	Time	TTime	Uncertainty	Duration	Uncertainty	ReqTime	ReqDur	Stim Type	Pair Index

1	Response	1	41345	41179	3
2	Response	1	283342	241856	2
3	Response	1	347022	63616	1
4	Sound	120	347382	330	2			0		other	0
5	Response	3	589819	75988	1
7	Sound	60	592971	333	2			0		other	0
8	Response	3	767415	7998	3
10	Sound	1	770564	318	1			0		other	0
11	Response	3	944533	7508	2
13	Sound	90	947656	301	1			0		other	0
14	Response	3	1121171	7038	2
16	Sound	30	1124348	385	1			0		other	0
17	Response	3	1299169	8260	1
19	Sound	150	1302240	335	1			0		other	0
20	Response	3	1482286	13602	1
22	Sound	91	1485332	321	1			0		other	0
23	Response	3	1661403	9613	2
25	Sound	61	1664424	305	1			0		other	0
26	Response	3	1862121	31223	1
28	Sound	31	1865215	328	1			0		other	0
29	Response	3	2047558	15893	1
31	Sound	151	2050707	381	1			0		other	0
32	Response	3	2240515	23244	2
34	Sound	2	2243598	336	2			0		other	0
35	Response	3	2433233	23193	1
37	Sound	121	2436390	358	1			0		other	0
38	Response	2	2632750	29940	1
40	Response	1	3419778	784312	2
41	Sound	62	3420246	371	1			0		other	0
42	Response	3	3592975	6322	3
44	Sound	32	3596138	321	1			0		other	0
45	Response	3	3777774	15179	1
47	Sound	152	3780930	341	1			0		other	0
48	Response	3	3985850	38483	2
50	Sound	3	3989020	333	2			0		other	0
51	Response	3	4170647	15182	2
53	Sound	122	4173812	353	1			0		other	0
54	Response	2	4346485	6247	2
56	Sound	92	4349604	369	1			0		other	0
57	Response	3	4533682	17669	2
59	Sound	33	4536896	390	1			0		other	0
60	Response	3	4714799	11348	3
62	Sound	123	4717988	375	1			0		other	0
63	Response	2	4892877	8319	2
65	Sound	93	4896080	359	1			0		other	0
66	Response	3	5067516	5017	1
68	Sound	4	5070672	342	1			0		other	0
69	Response	2	5245032	7923	2
71	Sound	63	5248164	392	1			0		other	0
72	Response	3	5421671	6954	1
74	Sound	153	5424756	376	1			0		other	0
75	Response	3	5600227	8902	2
77	Response	1	5618868	15880	1
78	Sound	94	5619348	365	1			0		other	0
79	Response	3	5789664	3903	3
81	Sound	5	5792740	315	1			0		other	0
82	Response	3	5970063	10859	1
84	Sound	124	5973232	366	1			0		other	0
85	Response	3	6155019	15374	2
87	Sound	34	6158124	319	1			0		other	0
88	Response	3	6342458	17874	1
90	Sound	154	6345616	372	1			0		other	0
91	Response	3	6525335	13313	1
93	Sound	64	6528408	391	1			0		other	0
94	Response	3	6704371	9409	3
96	Sound	155	6707500	376	1			0		other	0
97	Response	3	6883890	9820	1
99	Sound	6	6887092	360	1			0		other	0
100	Response	3	7065887	12377	2
102	Sound	125	7068984	312	1			0		other	0
103	Response	3	7260525	25074	1
105	Sound	35	7263575	300	2			0		other	0
106	Response	3	7444122	14069	1
108	Sound	65	7447267	386	2			0		other	0
109	Response	3	7626758	12932	3
111	Sound	95	7629859	372	2			0		other	0
112	Response	3	7803316	7050	2
114	Response	1	7916275	110179	2
115	Sound	36	7916747	354	1			0		other	0
116	Response	3	8148752	65581	1
118	Sound	96	8151837	355	1			0		other	0
119	Response	3	8327630	9369	1
121	Sound	7	8330729	305	1			0		other	0
122	Response	3	8505867	8665	2
124	Sound	126	8509021	323	1			0		other	0
125	Response	3	8689783	14306	3
127	Sound	156	8692813	342	1			0		other	0
128	Response	3	8869861	10611	2
130	Sound	66	8872905	326	2			0		other	0
131	Response	3	9048498	9141	3
133	Sound	67	9051498	312	1			0		other	0
134	Response	3	9228976	11011	2
136	Sound	127	9232190	396	1			0		other	0
137	Response	3	9407453	8714	3
139	Sound	37	9410582	347	1			0		other	0
140	Response	3	9586891	9877	2
142	Sound	157	9589975	299	1			0		other	0
143	Response	3	9767289	10834	2
145	Sound	8	9770467	350	1			0		other	0
146	Response	3	9947287	10391	1
148	Sound	97	9950360	301	1			0		other	0
149	Response	3	10124883	8046	3
151	Response	1	10312082	184415	1
152	Sound	158	10312445	338	1			0		other	0
153	Response	3	10491439	12553	1
155	Sound	9	10494538	323	1			0		other	0
156	Response	3	10679756	18762	2
158	Sound	68	10682831	344	1			0		other	0
159	Response	3	10856874	7607	1
161	Sound	128	10859924	327	2			0		other	0
162	Response	3	11037671	11295	2
164	Sound	38	11040718	346	1			0		other	0
165	Response	3	11220389	13238	1
167	Sound	98	11223511	365	1			0		other	0
168	Response	3	11399505	9579	3
170	Sound	129	11402605	350	1			0		other	0
171	Response	2	11685902	116867	2
173	Sound	159	11688994	331	2			0		other	0
174	Response	3	11875260	19817	1
176	Sound	69	11878488	386	1			0		other	0
177	Response	3	12053256	8208	2
179	Sound	10	12056381	336	2			0		other	0
180	Response	3	12230373	7548	3
182	Sound	99	12233475	320	1			0		other	0
183	Response	3	12410132	10198	1
185	Sound	39	12413269	339	1			0		other	0
186	Response	3	12589009	9299	2
188	Response	1	12764767	173061	1
189	Sound	130	12765156	339	1			0		other	0
190	Response	2	13000363	68766	2
192	Sound	100	13003448	374	1			0		other	0
193	Response	3	13177960	7940	3
195	Sound	70	13181041	358	2			0		other	0
196	Response	3	13354359	6896	1
198	Sound	160	13357435	308	1			0		other	0
199	Response	3	13540036	16130	1
201	Sound	11	13543129	395	1			0		other	0
202	Response	3	13730913	21233	2
204	Sound	40	13734022	350	1			0		other	0
205	Response	3	13922911	22459	1
207	Sound	161	13925915	304	1			0		other	0
208	Response	2	14101628	9238	2
210	Sound	101	14104709	322	1			0		other	0
211	Response	3	14308105	36939	2
213	Sound	71	14311201	381	2			0		other	0
214	Response	3	14485783	8016	1
216	Sound	131	14488895	299	1			0		other	0
217	Response	3	14675139	19763	3
219	Sound	22	14678188	319	2			0		other	0
220	Response	3	14867696	23047	3
222	Sound	41	14870782	309	1			0		other	0
223	Response	3	15049455	12202	1
226	Response	1	15463208	110889	3
227	Sound	72	15463660	377	2			0		other	0
228	Response	3	15637846	7617	2
230	Sound	23	15640954	395	1			0		other	0
231	Response	3	15820884	13378	1
233	Sound	102	15824047	380	2			0		other	0
234	Response	3	16006480	15867	3
236	Sound	162	16009641	367	1			0		other	0
237	Response	3	16194877	18823	3
239	Sound	132	16198034	321	1			0		other	0
240	Response	3	16373036	8543	2
242	Sound	42	16376128	305	1			0		other	0
243	Response	3	16550074	7472	1
245	Sound	73	16553121	355	2			0		other	0
246	Response	3	16743511	23966	1
248	Sound	133	16746514	310	2			0		other	0
249	Response	3	16920148	7165	2
251	Sound	103	16923308	328	1			0		other	0
252	Response	3	17107425	17666	2
254	Sound	24	17110602	349	1			0		other	0
255	Response	3	17284702	7669	2
257	Sound	43	17287895	366	1			0		other	0
258	Response	3	17462061	7752	1
260	Sound	163	17465189	384	1			0		other	0
261	Response	3	17643738	11986	2
263	Response	1	17714537	67957	1
264	Sound	134	17714880	322	1			0		other	0
265	Response	3	17897574	16236	2
267	Sound	164	17900673	341	1			0		other	0
268	Response	3	18118130	51019	3
270	Sound	104	18121265	338	1			0		other	0
271	Response	3	18298768	11061	2
273	Sound	44	18301859	323	1			0		other	0
274	Response	3	18492205	23890	2
276	Sound	74	18495352	378	1			0		other	0
277	Response	3	18676683	14763	2
279	Sound	25	18679745	331	1			0		other	0
280	Response	3	18865721	19527	1
282	Sound	45	18868838	318	1			0		other	0
283	Response	3	19055717	20418	3
285	Sound	165	19058831	372	1			0		other	0
286	Response	3	19246196	20958	1
288	Sound	26	19249225	328	1			0		other	0
289	Response	3	19428353	12676	1
291	Sound	75	19431518	346	1			0		other	0
292	Response	3	19625150	27199	2
294	Sound	135	19628311	369	1			0		other	0
295	Response	3	19811228	16507	1
297	Sound	105	19814404	356	1			0		other	0
298	Response	3	20035464	54636	2
300	Response	1	20154582	116439	2
301	Sound	76	20154991	386	2			0		other	0
302	Response	3	20334659	13108	2
304	Sound	136	20337685	306	1			0		other	0
305	Response	3	20527777	23618	2
307	Sound	166	20530878	394	1			0		other	0
308	Response	3	20716975	19545	2
310	Sound	27	20720071	315	1			0		other	0
311	Response	3	20894572	8036	2
313	Sound	106	20897665	300	1			0		other	0
314	Response	3	21108169	44024	2
316	Sound	46	21111357	394	1			0		other	0
317	Response	3	21297846	19937	2
319	Sound	107	21300950	381	1			0		other	0
320	Response	3	21481124	13609	2
322	Sound	137	21484143	300	1			0		other	0
323	Response	3	21753040	102418	2
325	Sound	28	21756133	378	1			0		other	0
326	Response	3	21941677	18976	2
328	Sound	77	21944726	365	1			0		other	0
329	Response	3	22129115	17975	1
331	Sound	167	22132119	319	2			0		other	0
332	Response	3	22328712	30132	2
334	Sound	47	22331712	310	1			0		other	0
335	Response	3	22512070	13888	1
337	Response	1	22650068	135225	1
338	Sound	78	22650500	367	1			0		other	0
339	Response	3	22846305	29393	1
341	Sound	168	22849393	325	1			0		other	0
342	Response	3	23046141	30293	2
344	Sound	108	23049186	349	1			0		other	0
345	Response	3	23279978	64361	2
347	Sound	138	23283077	315	1			0		other	0
348	Response	2	23468296	18755	1
350	Sound	48	23471370	336	1			0		other	0
351	Response	3	23654774	16960	1
353	Sound	29	23657863	389	1			0		other	0
354	Response	3	23851090	26670	2
356	Sound	49	23854256	346	1			0		other	0
357	Response	3	24059088	38398	1
359	Sound	109	24062148	305	1			0		other	0
360	Response	3	24247805	19182	2
362	Sound	79	24250941	326	1			0		other	0
363	Response	3	24439642	22247	2
365	Sound	139	24442734	347	1			0		other	0
366	Response	3	24717318	108152	2
368	Sound	169	24720524	394	1			0		other	0
369	Response	2	24923076	36000	1
371	Sound	20	24926216	319	2			0		other	0
372	Response	3	25112912	20235	2
374	Response	1	25423308	307639	2
375	Sound	50	25423798	395	1			0		other	0
376	Response	3	25620985	30636	2
378	Sound	140	25623990	319	2			0		other	0
379	Response	3	25812343	21892	1
381	Sound	170	25815483	373	2			0		other	0
382	Response	2	26045780	63894	1
384	Sound	21	26048875	341	1			0		other	0
385	Response	3	26232496	17183	3
387	Sound	80	26235668	361	1			0		other	0
388	Response	3	26424494	22408	2
390	Sound	110	26427561	316	1			0		other	0
391	Response	3	26610251	16227	2
393	Sound	171	26613354	336	1			0		other	0
394	Response	2	26859528	79731	2
396	Sound	22	26862644	373	2			0		other	0
397	Response	3	27049286	20239	1
399	Sound	81	27052437	395	2			0		other	0
400	Response	3	27267121	48133	3
402	Sound	111	27270129	324	1			0		other	0
403	Response	3	27457200	20615	1
405	Sound	51	27460222	311	1			0		other	0
406	Response	3	27645196	18506	3
408	Sound	141	27648315	299	1			0		other	0
409	Response	3	27883593	68797	2
411	Response	1	28015671	129399	2
412	Sound	82	28016101	370	2			0		other	0
413	Response	3	28195669	13159	2
415	Sound	112	28198895	390	1			0		other	0
416	Response	2	28391746	26295	2
418	Sound	172	28394787	346	1			0		other	0
419	Response	2	28579504	18283	1
421	Sound	52	28582580	366	1			0		other	0
422	Response	3	28760380	11387	3
424	Sound	142	28763473	318	2			0		other	0
425	Response	2	28937419	7485	1
427	Sound	23	28940467	369	1			0		other	0
428	Response	3	29171896	65019	1
430	Sound	143	29175058	369	1			0		other	0
431	Response	3	29380212	38744	2
433	Sound	53	29383350	396	1			0		other	0
434	Response	3	29561250	11350	1
436	Sound	113	29564443	381	2			0		other	0
437	Response	3	29745007	13999	2
439	Sound	83	29748136	300	2			0		other	0
440	Response	3	29938204	23589	2
442	Sound	173	29941329	389	1			0		other	0
443	Response	2	30114842	6956	2
445	Sound	24	30117923	373	1			0		other	0
446	Response	3	30298119	13790	2
448	Sound	84	30301216	392	1			0		other	0
449	Response	2	30474357	6588	2
451	Sound	174	30477409	309	1			0		other	0
452	Response	3	30681633	37754	3
454	Sound	114	30684701	335	1			0		other	0
455	Response	2	30855471	4326	2
457	Sound	144	30858695	385	1			0		other	0
458	Response	2	31032828	7573	3
460	Sound	54	31035888	303	1			0		other	0
461	Response	3	31216827	14462	1
463	Sound	25	31219881	355	1			0		other	0
464	Response	3	31432023	45718	2
466	Quit		31515713	80924
