Scenario - Amelia_Experiment2.sce
Logfile written - 12/04/2018 14:34:04

Trial	Event Type	Code	Time	TTime	Uncertainty	Duration	Uncertainty	ReqTime	ReqDur	Stim Type	Pair Index

1	Response	1	78872	78706	1
2	Response	1	313429	234456	1
3	Response	1	367187	53624	2
4	Sound	150	367581	369	2			0		other	0
5	Response	3	547585	13596	2
7	Sound	30	550673	355	1			0		other	0
8	Response	3	746063	28967	1
10	Sound	1	749064	312	1			0		other	0
11	Response	3	926060	10529	2
13	Sound	90	929256	396	2			0		other	0
14	Response	3	1111576	15771	3
16	Sound	60	1114648	349	1			0		other	0
17	Response	3	1294935	13858	1
19	Sound	120	1298040	302	1			0		other	0
20	Response	3	1475812	11296	2
22	Sound	121	1478832	320	1			0		other	0
23	Response	3	1655250	9960	1
25	Sound	151	1658324	371	1			0		other	0
26	Response	2	1866527	41796	1
28	Sound	61	1869515	298	1			0		other	0
29	Response	2	2050044	14049	2
31	Sound	91	2053207	384	1			0		other	0
32	Response	3	2238442	18674	1
34	Sound	2	2241598	337	1			0		other	0
35	Response	3	2445639	37600	1
37	Sound	31	2448689	330	1			0		other	0
38	Response	3	2640356	25218	1
40	Response	1	2672035	28907	2
41	Sound	3	2672479	360	2			0		other	0
42	Response	3	2846993	8096	1
44	Sound	32	2850072	345	1			0		other	0
45	Response	3	3025710	9205	2
47	Sound	152	3028864	363	1			0		other	0
48	Response	3	3212587	17307	2
50	Sound	122	3215656	383	1			0		other	0
51	Response	2	3390585	8367	2
53	Sound	62	3393748	367	1			0		other	0
54	Response	3	3579703	19543	1
56	Sound	92	3582840	354	1			0		other	0
57	Response	3	3776660	27396	1
59	Sound	123	3779731	310	1			0		other	0
60	Response	3	3988737	42538	1
62	Sound	4	3991822	304	1			0		other	0
63	Response	3	4178014	19718	1
65	Sound	93	4181113	324	2			0		other	0
66	Response	3	4370651	23084	2
68	Sound	153	4373705	313	1			0		other	0
69	Response	2	4548248	8077	2
71	Sound	33	4551397	397	2			0		other	0
72	Response	3	4743046	25101	2
74	Sound	63	4746089	319	1			0		other	0
75	Response	3	4917684	5136	1
77	Response	1	4938003	17624	2
78	Sound	94	4938380	340	2			0		other	0
79	Response	3	5128001	23183	1
81	Sound	64	5131172	362	1			0		other	0
82	Response	3	5322958	25370	1
84	Sound	5	5326064	319	1			0		other	0
85	Response	3	5519995	27471	2
87	Sound	34	5523055	374	1			0		other	0
88	Response	3	5709351	19725	3
90	Sound	154	5712448	329	1			0		other	0
91	Response	2	5885750	6853	2
93	Sound	124	5888940	379	1			0		other	0
94	Response	3	6058868	3362	1
96	Sound	65	6062032	361	2			0		other	0
97	Response	3	6237985	9536	1
99	Sound	35	6241125	346	1			0		other	0
100	Response	3	6422463	14905	1
102	Sound	95	6425518	299	1			0		other	0
103	Response	3	6607980	15982	1
105	Sound	155	6611010	352	1			0		other	0
106	Response	2	6786617	9180	2
108	Sound	6	6789803	370	2			0		other	0
109	Response	3	6973734	17521	2
111	Sound	125	6976896	356	1			0		other	0
112	Response	2	7169412	26093	1
114	Response	1	7185411	13268	2
115	Sound	7	7185788	316	2			0		other	0
116	Response	3	7367249	14997	1
118	Sound	66	7370382	303	1			0		other	0
119	Response	3	7550927	14068	1
121	Sound	126	7554075	388	1			0		other	0
122	Response	3	7725083	4450	3
124	Sound	96	7728168	371	2			0		other	0
125	Response	3	7911721	17144	2
127	Sound	156	7914762	358	1			0		other	0
128	Response	3	8089639	8455	1
130	Sound	36	8092655	308	2			0		other	0
131	Response	3	8272996	13870	2
133	Sound	127	8276149	361	1			0		other	0
134	Response	3	8453394	10827	1
136	Sound	97	8456542	312	2			0		other	0
137	Response	3	8627791	4782	2
139	Sound	67	8630836	329	2			0		other	0
140	Response	3	8809148	11861	2
142	Sound	157	8812330	381	1			0		other	0
143	Response	3	8991066	12171	2
145	Sound	8	8994223	333	2			0		other	0
146	Response	3	9167543	6873	2
148	Sound	37	9170717	383	1			0		other	0
149	Response	3	9344981	7701	2
151	Response	1	9366020	18244	2
152	Sound	98	9366410	306	1			0		other	0
153	Response	3	9538019	5135	1
155	Sound	68	9541104	390	1			0		other	0
156	Response	3	9712015	4354	3
158	Sound	9	9715198	373	1			0		other	0
159	Response	3	9898493	16888	2
161	Sound	128	9901591	326	1			0		other	0
162	Response	3	10073850	5805	2
164	Sound	38	10076885	343	1			0		other	0
165	Response	3	10254169	10847	1
167	Sound	158	10257379	395	1			0		other	0
168	Response	3	10429045	5114	2
170	Sound	39	10432072	311	2			0		other	0
171	Response	3	10614803	16262	2
173	Sound	129	10617866	331	1			0		other	0
174	Response	3	10800881	16566	1
176	Sound	159	10803959	317	1			0		other	0
177	Response	3	10980318	9896	2
179	Sound	69	10983453	369	1			0		other	0
180	Response	3	11159916	10052	1
182	Sound	99	11163046	353	2			0		other	0
183	Response	3	11339112	9639	3
185	Sound	10	11342140	338	1			0		other	0
186	Response	3	11547909	39327	3
188	Response	1	11569989	19254	2
189	Sound	100	11570432	370	1			0		other	0
190	Response	3	11741347	4505	2
192	Sound	160	11744526	353	1			0		other	0
193	Response	3	11919025	8073	1
195	Sound	40	11922119	337	2			0		other	0
196	Response	3	12100461	11899	3
198	Sound	130	12103613	389	1			0		other	0
199	Response	3	12276619	6449	2
201	Sound	11	12279707	373	1			0		other	0
202	Response	3	12450538	4425	1
204	Sound	70	12453600	322	2			0		other	0
205	Response	3	12630055	9998	1
207	Sound	41	12633194	307	1			0		other	0
208	Response	3	12815332	15666	2
210	Sound	22	12818488	328	1			0		other	0
211	Response	3	12993170	8230	1
213	Sound	71	12996281	344	1			0		other	0
214	Response	3	13170367	7651	2
216	Sound	101	13173374	328	2			0		other	0
217	Response	3	13351165	11339	1
219	Sound	131	13354368	380	1			0		other	0
220	Response	2	13530121	9187	3
222	Sound	161	13533262	332	1			0		other	0
223	Response	3	13705480	5770	1
226	Response	1	14054515	46238	1
227	Sound	132	14054943	347	1			0		other	0
228	Response	3	14225633	4258	1
230	Sound	102	14228737	364	1			0		other	0
231	Response	3	14399950	4798	1
233	Sound	23	14403030	380	2			0		other	0
234	Response	3	14582428	12832	1
236	Sound	162	14585624	366	1			0		other	0
237	Response	3	14760985	8948	1
239	Sound	42	14764017	317	2			0		other	0
240	Response	3	14941863	11383	1
242	Sound	72	14945011	369	1			0		other	0
243	Response	3	15117619	6197	2
245	Sound	163	15120804	385	2			0		other	0
246	Response	3	15292178	4813	1
248	Sound	24	15295198	335	1			0		other	0
249	Response	3	15465215	3573	1
251	Sound	103	15468292	319	1			0		other	0
252	Response	3	15654172	19419	2
254	Sound	43	15657285	373	1			0		other	0
255	Response	3	15831929	8237	2
257	Sound	73	15835079	390	1			0		other	0
258	Response	3	16017287	15652	2
260	Sound	133	16020472	343	1			0		other	0
261	Response	3	16202485	15577	1
263	Response	1	16307922	102686	3
264	Sound	134	16308361	325	2			0		other	0
265	Response	3	16490161	15346	1
267	Sound	25	16493355	379	1			0		other	0
268	Response	3	16677598	17676	1
270	Sound	74	16680748	332	1			0		other	0
271	Response	3	16860955	13760	2
273	Sound	164	16864041	351	2			0		other	0
274	Response	2	17049193	18724	1
276	Sound	104	17052334	371	2			0		other	0
277	Response	3	17239030	20288	1
279	Sound	44	17242127	392	2			0		other	0
280	Response	3	17425907	17226	2
282	Sound	75	17429021	347	1			0		other	0
283	Response	3	17601984	6530	2
285	Sound	105	17605114	330	1			0		other	0
286	Response	3	17783582	12018	2
288	Sound	45	17786708	316	1			0		other	0
289	Response	3	17981980	28808	1
291	Sound	135	17985000	338	2			0		other	0
292	Response	3	18209816	58375	2
294	Sound	26	18212892	304	1			0		other	0
295	Response	3	18390694	11326	1
297	Sound	165	18393885	355	2			0		other	0
298	Response	3	18574051	13742	1
300	Response	1	18598371	21567	1
301	Sound	106	18598778	314	1			0		other	0
302	Response	3	18773569	8326	1
304	Sound	166	18776771	365	2			0		other	0
305	Response	3	18951166	7980	1
307	Sound	27	18954165	316	1			0		other	0
308	Response	3	19128043	7415	2
310	Sound	136	19131158	366	2			0		other	0
311	Response	2	19303641	6070	1
313	Sound	76	19306752	351	1			0		other	0
314	Response	3	19482357	9176	3
316	Sound	46	19485545	368	2			0		other	0
317	Response	3	19661555	9599	2
319	Sound	28	19664639	353	1			0		other	0
320	Response	3	19837553	6488	2
322	Sound	167	19840732	336	2			0		other	0
323	Response	2	20023391	16216	1
325	Sound	107	20026526	357	1			0		other	0
326	Response	3	20226668	33720	1
328	Sound	77	20229818	381	1			0		other	0
329	Response	3	20416665	20282	1
331	Sound	47	20419711	336	1			0		other	0
332	Response	3	20593303	7148	1
334	Sound	137	20596304	319	2			0		other	0
335	Response	3	20772740	9976	2
337	Response	1	20797700	22273	1
338	Sound	78	20798097	344	1			0		other	0
339	Response	3	20973937	9405	2
341	Sound	29	20977091	396	1			0		other	0
342	Response	3	21153454	9813	2
344	Sound	108	21156484	347	1			0		other	0
345	Response	3	21332491	9574	3
347	Sound	168	21335577	331	2			0		other	0
348	Response	2	21506250	4225	1
350	Sound	48	21509371	348	1			0		other	0
351	Response	3	21679526	3723	3
353	Sound	138	21682664	364	2			0		other	0
354	Response	2	21859445	10365	1
356	Sound	139	21862558	316	1			0		other	0
357	Response	3	22040082	11060	2
359	Sound	49	22043151	301	1			0		other	0
360	Response	2	22212959	3329	3
362	Sound	109	22216145	350	1			0		other	0
363	Response	3	22387596	5022	3
365	Sound	169	22390738	333	2			0		other	0
366	Response	3	22566075	8891	1
368	Sound	79	22569232	385	1			0		other	0
369	Response	3	22740472	4679	2
371	Sound	20	22743625	334	1			0		other	0
372	Response	3	22917190	7120	1
374	Response	1	22940949	21049	2
375	Sound	21	22941418	358	1			0		other	0
376	Response	2	23113347	5507	2
378	Sound	110	23116511	341	2			0		other	0
379	Response	3	23292463	9513	3
381	Sound	50	23295605	326	1			0		other	0
382	Response	3	23468542	6484	2
384	Sound	170	23471598	376	2			0		other	0
385	Response	2	23642859	4691	2
387	Sound	140	23645992	326	1			0		other	0
388	Response	2	23816137	3692	2
390	Sound	80	23819285	342	2			0		other	0
391	Response	3	23994695	8973	1
393	Sound	51	23997779	394	1			0		other	0
394	Response	3	24171333	7002	1
396	Sound	171	24174472	311	1			0		other	0
397	Response	3	24349169	8228	2
399	Sound	111	24352266	329	1			0		other	0
400	Response	3	24525247	6531	2
402	Sound	81	24528359	312	1			0		other	0
403	Response	3	24700925	6099	1
405	Sound	141	24704053	396	1			0		other	0
406	Response	3	24879561	8959	3
408	Sound	22	24882646	381	1			0		other	0
409	Response	3	25056279	7068	2
411	Response	1	25076519	17477	2
412	Sound	172	25076839	303	1			0		other	0
413	Response	3	25250756	7441	2
415	Sound	112	25253832	353	1			0		other	0
416	Response	3	25427635	7377	1
418	Sound	52	25430726	305	1			0		other	0
419	Response	3	25603871	6670	2
421	Sound	23	25607019	321	1			0		other	0
422	Response	3	25779788	6311	3
424	Sound	82	25782812	338	2			0		other	0
425	Response	3	25955066	5812	3
427	Sound	142	25958106	355	1			0		other	0
428	Response	3	26133703	9173	3
430	Sound	113	26136899	373	2			0		other	0
431	Response	2	26308661	5355	2
433	Sound	83	26311793	323	1			0		other	0
434	Response	3	26499859	21610	2
436	Sound	143	26502886	312	1			0		other	0
437	Response	2	26692657	23303	1
439	Sound	53	26695678	333	2			0		other	0
440	Response	3	26870174	8049	1
442	Sound	173	26873272	318	1			0		other	0
443	Response	3	27048251	8517	2
445	Sound	24	27051365	301	1			0		other	0
446	Response	3	27232569	14726	1
448	Sound	174	27235658	321	1			0		other	0
449	Response	3	27431446	29330	2
451	Sound	84	27434651	378	1			0		other	0
452	Response	3	27610403	9184	2
454	Sound	25	27613544	329	1			0		other	0
455	Response	3	27790401	10407	2
457	Sound	144	27793537	380	2			0		other	0
458	Response	2	27965679	5577	1
460	Sound	114	27968731	298	1			0		other	0
461	Response	3	28155516	20303	1
463	Sound	54	28158524	319	1			0		other	0
464	Response	3	28335194	10210	1
466	Quit		29147512	809532
