Scenario - Amelia_Experiment2.sce
Logfile written - 12/20/2018 12:43:20

Trial	Event Type	Code	Time	TTime	Uncertainty	Duration	Uncertainty	ReqTime	ReqDur	Stim Type	Pair Index

1	Response	1	81916	81583	1
2	Response	1	239192	157220	3
3	Response	1	314391	75137	2
4	Sound	150	314884	322	1			0		other	0
5	Response	3	504950	23610	1
7	Sound	90	507975	310	1			0		other	0
8	Response	3	695027	20583	1
10	Sound	1	698066	297	2			0		other	0
11	Response	3	881104	16557	2
13	Sound	120	884258	384	1			0		other	0
14	Response	3	1068462	17643	1
16	Sound	60	1071450	304	1			0		other	0
17	Response	3	1246858	8934	2
19	Sound	30	1249942	355	1			0		other	0
20	Response	3	1429497	13132	1
22	Sound	91	1432533	340	2			0		other	0
23	Response	3	1607334	8362	1
25	Sound	151	1610525	390	2			0		other	0
26	Response	3	1787651	10571	2
28	Sound	2	1790717	308	2			0		other	0
29	Response	3	1976128	18941	2
31	Sound	61	1979209	363	1			0		other	0
32	Response	3	2159325	13700	3
34	Sound	31	2162501	382	1			0		other	0
35	Response	3	2341883	12819	2
37	Sound	121	2345092	366	2			0		other	0
38	Response	3	2526441	14937	1
40	Response	1	2575480	46315	2
41	Sound	32	2575982	332	1			0		other	0
42	Response	3	2759717	17289	2
44	Sound	3	2762774	352	1			0		other	0
45	Response	2	2980274	51074	2
47	Sound	152	2983364	348	1			0		other	0
48	Response	3	3157072	7278	2
50	Sound	122	3160156	365	2			0		other	0
51	Response	2	3337790	11221	1
53	Sound	62	3340948	384	2			0		other	0
54	Response	3	3518667	11158	1
56	Sound	92	3521840	335	2			0		other	0
57	Response	3	3704904	16621	2
59	Sound	93	3707932	322	1			0		other	0
60	Response	3	3893382	18993	1
62	Sound	63	3896524	309	1			0		other	0
63	Response	3	4087139	24146	1
65	Sound	4	4090115	297	2			0		other	0
66	Response	3	4265537	8941	1
68	Sound	123	4268608	349	1			0		other	0
69	Response	3	4452013	16976	2
71	Sound	153	4454999	301	2			0		other	0
72	Response	2	4640971	19495	2
74	Sound	33	4644191	389	1			0		other	0
75	Response	3	4826729	15982	1
77	Response	1	4893287	63879	2
78	Sound	94	4893780	394	1			0		other	0
79	Response	3	5070164	9832	2
81	Sound	5	5073372	378	1			0		other	0
82	Response	3	5248883	8944	1
84	Sound	154	5251964	362	2			0		other	0
85	Response	2	5427199	8819	2
87	Sound	64	5430357	314	1			0		other	0
88	Response	3	5606237	9415	2
90	Sound	124	5609349	365	1			0		other	0
91	Response	2	5785435	9672	2
93	Sound	34	5788641	383	1			0		other	0
94	Response	3	5967033	11829	1
96	Sound	35	5970233	368	1			0		other	0
97	Response	2	6147590	10946	1
99	Sound	155	6150625	319	1			0		other	0
100	Response	2	6326067	8982	2
102	Sound	125	6329117	370	1			0		other	0
103	Response	2	6499505	3979	1
105	Sound	6	6502510	320	1			0		other	0
106	Response	3	6680942	11973	2
108	Sound	65	6684002	371	1			0		other	0
109	Response	3	6861899	11490	2
111	Sound	95	6865094	356	1			0		other	0
112	Response	3	7041817	10301	2
114	Response	1	7092936	48424	2
115	Sound	126	7093384	388	1			0		other	0
116	Response	2	7278133	18192	2
118	Sound	156	7281276	342	1			0		other	0
119	Response	2	7458771	11058	2
121	Sound	66	7461868	327	2			0		other	0
122	Response	3	7641169	12849	1
124	Sound	96	7644360	379	1			0		other	0
125	Response	3	7820766	9840	2
127	Sound	36	7823952	363	2			0		other	0
128	Response	3	8002684	12316	1
130	Sound	7	8005745	382	1			0		other	0
131	Response	3	8196360	24052	3
133	Sound	97	8199436	304	1			0		other	0
134	Response	3	8386279	20368	1
136	Sound	157	8389428	358	2			0		other	0
137	Response	2	8569395	13546	2
139	Sound	67	8572521	344	1			0		other	0
140	Response	3	8750432	11477	3
142	Sound	37	8753513	396	1			0		other	0
143	Response	3	8930591	10528	1
145	Sound	8	8933705	313	2			0		other	0
146	Response	3	9121068	20898	2
148	Sound	127	9124198	369	1			0		other	0
149	Response	2	9300505	9897	2
151	Response	1	9390344	87073	2
152	Sound	128	9390787	378	1			0		other	0
153	Response	2	9565862	8507	1
155	Sound	38	9569080	395	1			0		other	0
156	Response	3	9758098	22468	2
158	Sound	158	9761172	383	1			0		other	0
159	Response	3	9939136	11401	2
161	Sound	9	9942265	368	2			0		other	0
162	Response	3	10121454	12778	1
164	Sound	68	10124558	387	2			0		other	0
165	Response	3	10300250	9133	3
167	Sound	98	10303252	305	1			0		other	0
168	Response	3	10478408	8682	2
170	Sound	129	10481545	322	1			0		other	0
171	Response	2	10663286	15284	2
173	Sound	39	10666338	342	1			0		other	0
174	Response	3	10847044	14268	1
176	Sound	69	10850132	362	1			0		other	0
177	Response	3	11030721	14171	2
179	Sound	159	11033925	381	1			0		other	0
180	Response	2	11211759	11268	1
182	Sound	99	11214818	332	1			0		other	0
183	Response	3	11393035	11769	2
185	Sound	10	11396112	351	1			0		other	0
186	Response	3	11571112	8571	3
188	Response	1	11636632	62761	2
189	Sound	70	11637003	319	1			0		other	0
190	Response	2	11815270	11807	1
192	Sound	40	11818297	338	1			0		other	0
193	Response	3	11990067	5329	2
195	Sound	130	11993290	388	1			0		other	0
196	Response	2	12164384	4535	2
198	Sound	100	12167484	304	1			0		other	0
199	Response	3	12347423	13464	1
201	Sound	11	12350477	356	2			0		other	0
202	Response	3	12524460	7559	1
204	Sound	160	12527571	340	1			0		other	0
205	Response	2	12704458	10448	1
207	Sound	101	12707565	392	1			0		other	0
208	Response	3	12884614	10495	2
210	Sound	41	12887758	310	2			0		other	0
211	Response	3	13063011	8783	3
213	Sound	71	13066052	328	1			0		other	0
214	Response	3	13249730	17226	1
216	Sound	22	13252845	348	2			0		other	0
217	Response	3	13449407	30130	1
219	Sound	131	13452438	338	2			0		other	0
220	Response	2	13622365	3485	1
222	Sound	161	13625432	388	1			0		other	0
223	Response	2	13796041	4050	3
226	Response	1	14125398	26506	1
227	Sound	23	14125914	364	1			0		other	0
228	Response	3	14301875	9545	1
230	Sound	162	14305008	349	1			0		other	0
231	Response	3	14478431	6992	3
233	Sound	72	14481602	333	1			0		other	0
234	Response	3	14666990	18941	1
236	Sound	132	14670095	386	1			0		other	0
237	Response	2	14839387	2732	2
239	Sound	102	14842489	336	1			0		other	0
240	Response	3	15017864	8931	2
242	Sound	42	15020983	387	1			0		other	0
243	Response	2	15212902	25360	1
245	Sound	133	15216076	376	1			0		other	0
246	Response	2	15388100	5454	1
248	Sound	103	15391169	359	2			0		other	0
249	Response	3	15566017	8427	2
251	Sound	24	15569063	310	1			0		other	0
252	Response	3	15740414	4881	2
254	Sound	43	15743557	360	1			0		other	0
255	Response	3	15920892	10915	1
257	Sound	73	15923950	311	2			0		other	0
258	Response	3	16100170	9751	1
260	Sound	163	16103244	329	1			0		other	0
261	Response	2	16280167	10473	2
263	Response	1	16327285	44428	2
264	Sound	74	16327736	394	1			0		other	0
265	Response	3	16504084	9795	1
267	Sound	25	16507130	345	1			0		other	0
268	Response	3	16690001	16436	2
270	Sound	134	16693023	298	1			0		other	0
271	Response	2	16862958	3453	2
273	Sound	44	16866017	347	1			0		other	0
274	Response	3	17041195	8746	3
276	Sound	104	17044311	366	1			0		other	0
277	Response	3	17218074	7349	1
279	Sound	164	17221204	315	2			0		other	0
280	Response	2	17391351	3683	2
282	Sound	105	17394498	332	1			0		other	0
283	Response	3	17571668	10722	2
285	Sound	26	17574792	350	1			0		other	0
286	Response	3	17749746	8525	2
288	Sound	135	17752885	334	2			0		other	0
289	Response	2	17924703	5372	2
291	Sound	165	17927879	384	1			0		other	0
292	Response	2	18104781	10340	2
294	Sound	45	18107973	370	1			0		other	0
295	Response	2	18306217	31834	3
297	Sound	75	18309366	327	1			0		other	0
298	Response	3	18491015	15197	2
300	Response	1	18532294	38481	3
301	Sound	76	18532858	391	1			0		other	0
302	Response	3	18708692	9279	2
304	Sound	106	18711751	342	2			0		other	0
305	Response	3	18887410	9221	2
307	Sound	136	18890545	360	1			0		other	0
308	Response	2	19060847	3882	2
310	Sound	46	19063939	310	1			0		other	0
311	Response	3	19241324	10915	3
313	Sound	27	19244432	361	1			0		other	0
314	Response	3	19428683	17832	1
316	Sound	166	19431825	314	2			0		other	0
317	Response	3	19617480	19189	1
319	Sound	107	19620619	336	1			0		other	0
320	Response	3	19797958	10895	1
322	Sound	167	19801112	387	1			0		other	0
323	Response	3	19971235	3563	1
325	Sound	47	19974306	303	1			0		other	0
326	Response	3	20150112	9330	2
328	Sound	137	20153300	355	1			0		other	0
329	Response	2	20324989	5264	2
331	Sound	28	20328093	371	2			0		other	0
332	Response	3	20508586	14084	3
334	Sound	77	20511687	357	1			0		other	0
335	Response	3	20683225	5115	1
337	Response	1	20786103	100163	2
338	Sound	48	20786577	335	1			0		other	0
339	Response	3	20964501	11480	1
341	Sound	168	20967570	387	2			0		other	0
342	Response	2	21145699	11569	1
344	Sound	78	21148764	306	1			0		other	0
345	Response	3	21336416	21178	1
347	Sound	138	21339557	327	2			0		other	0
348	Response	2	21519773	13763	2
350	Sound	108	21522851	346	1			0		other	0
351	Response	3	21705531	16247	1
353	Sound	29	21708644	366	1			0		other	0
354	Response	3	21887848	12790	1
356	Sound	79	21890937	385	2			0		other	0
357	Response	3	22076324	18825	3
359	Sound	169	22079531	372	1			0		other	0
360	Response	2	22256723	10785	1
362	Sound	109	22259824	390	1			0		other	0
363	Response	3	22436239	9859	2
365	Sound	139	22439418	375	1			0		other	0
366	Response	2	22614958	8969	1
368	Sound	20	22618011	359	1			0		other	0
369	Response	3	22794314	9883	2
371	Sound	49	22797405	311	1			0		other	0
372	Response	3	22975592	11719	2
374	Response	1	23008632	30263	1
375	Sound	110	23008997	305	1			0		other	0
376	Response	2	23185190	9718	1
378	Sound	170	23188291	323	1			0		other	0
379	Response	2	23363426	8678	3
381	Sound	140	23366584	340	1			0		other	0
382	Response	2	23547904	14880	2
384	Sound	50	23551077	393	2			0		other	0
385	Response	3	23729342	11711	1
387	Sound	21	23732471	345	1			0		other	0
388	Response	3	23911100	12194	1
390	Sound	80	23914264	363	2			0		other	0
391	Response	3	24090057	9377	1
393	Sound	141	24093158	315	1			0		other	0
394	Response	2	24272935	13312	1
396	Sound	111	24275951	334	1			0		other	0
397	Response	2	24452052	9655	1
399	Sound	22	24455245	352	1			0		other	0
400	Response	2	24632369	10696	2
402	Sound	81	24635538	370	2			0		other	0
403	Response	3	24811567	9619	1
405	Sound	51	24814632	355	1			0		other	0
406	Response	3	24990684	9627	2
408	Sound	171	24993725	339	1			0		other	0
409	Response	2	25169882	9716	1
411	Response	1	25213401	40739	1
412	Sound	142	25213817	335	1			0		other	0
413	Response	2	25383158	2897	2
415	Sound	172	25386311	385	1			0		other	0
416	Response	2	25561156	8284	2
418	Sound	52	25564205	336	1			0		other	0
419	Response	3	25745234	14586	1
421	Sound	23	25748298	322	1			0		other	0
422	Response	3	25924750	9994	2
424	Sound	82	25927891	306	2			0		other	0
425	Response	3	26114187	19823	3
427	Sound	112	26117385	361	1			0		other	0
428	Response	2	26294665	10862	2
430	Sound	83	26297778	312	1			0		other	0
431	Response	3	26480983	16738	1
433	Sound	113	26484071	332	1			0		other	0
434	Response	3	26659221	8703	1
436	Sound	173	26662365	350	1			0		other	0
437	Response	2	26838978	10184	1
439	Sound	143	26842158	368	1			0		other	0
440	Response	2	27011535	2965	2
442	Sound	24	27014552	318	1			0		other	0
443	Response	3	27190012	8998	3
445	Sound	53	27193145	302	2			0		other	0
446	Response	3	27373130	13507	2
448	Sound	144	27376339	388	1			0		other	0
449	Response	2	27551687	8790	2
451	Sound	25	27554732	338	1			0		other	0
452	Response	3	27743365	22192	2
454	Sound	114	27746525	360	1			0		other	0
455	Response	2	27923523	10579	2
457	Sound	174	27926619	345	1			0		other	0
458	Response	2	28098319	5266	3
460	Sound	84	28101412	362	1			0		other	0
461	Response	3	28277437	9607	2
463	Sound	54	28280506	347	1			0		other	0
464	Response	3	28456394	9455	3
466	Quit		28943519	484418
