Scenario - Amelia_Experiment2.sce
Logfile written - 12/12/2018 12:41:31

Trial	Event Type	Code	Time	TTime	Uncertainty	Duration	Uncertainty	ReqTime	ReqDur	Stim Type	Pair Index

1	Response	1	93387	93221	1
2	Response	1	409702	316234	1
3	Response	1	518181	108317	1
4	Sound	1	518674	346	2			0		other	0
5	Response	3	743537	58430	2
7	Sound	60	746564	311	1			0		other	0
8	Response	2	980413	67381	2
10	Sound	30	983554	379	1			0		other	0
11	Response	3	1167531	17411	2
13	Sound	120	1170645	365	1			0		other	0
14	Response	3	1368009	30950	1
16	Sound	90	1371036	322	1			0		other	0
17	Response	3	1563286	25794	1
19	Sound	150	1566327	344	2			0		other	0
20	Response	2	1754643	21882	1
22	Sound	31	1757719	299	1			0		other	0
23	Response	2	1942801	18603	1
25	Sound	91	1945910	385	2			0		other	0
26	Response	2	2139598	27128	1
28	Sound	151	2142602	309	1			0		other	0
29	Response	2	2326474	17403	2
31	Sound	2	2329593	362	1			0		other	0
32	Response	3	2514712	18702	2
34	Sound	61	2517885	382	1			0		other	0
35	Response	3	2702390	17942	1
37	Sound	121	2705476	369	1			0		other	0
38	Response	3	2892226	20340	2
40	Response	1	3039824	144780	3
41	Sound	92	3040361	364	1			0		other	0
42	Response	3	3261902	55127	1
44	Sound	122	3264951	362	1			0		other	0
45	Response	3	3467099	35731	1
47	Sound	152	3470242	387	1			0		other	0
48	Response	3	3651496	14696	2
50	Sound	62	3654634	340	1			0		other	0
51	Response	3	3836293	15220	2
53	Sound	32	3839426	359	1			0		other	0
54	Response	3	4030851	25006	1
56	Sound	3	4034017	348	1			0		other	0
57	Response	3	4226928	26480	1
59	Sound	63	4230108	337	1			0		other	0
60	Response	3	4410285	13735	2
62	Sound	4	4413400	356	1			0		other	0
63	Response	2	4592682	12859	2
65	Sound	153	4595792	308	1			0		other	0
66	Response	2	4775079	12816	3
68	Sound	93	4778284	360	1			0		other	0
69	Response	3	4960118	15415	1
71	Sound	33	4963176	313	1			0		other	0
72	Response	3	5143555	13913	2
74	Sound	123	5146668	365	1			0		other	0
75	Response	3	5323713	10632	1
77	Response	1	5429471	103061	2
78	Sound	5	5429856	313	1			0		other	0
79	Response	3	5611149	14828	1
81	Sound	154	5614347	365	2			0		other	0
82	Response	3	5808106	27345	1
84	Sound	124	5811239	322	1			0		other	0
85	Response	3	5990663	12967	2
87	Sound	64	5993731	374	1			0		other	0
88	Response	3	6183861	23725	1
90	Sound	94	6187022	395	2			0		other	0
91	Response	3	6369457	15885	2
93	Sound	34	6372614	381	1			0		other	0
94	Response	3	6553214	14036	3
96	Sound	95	6556306	300	1			0		other	0
97	Response	3	6735532	12748	2
99	Sound	35	6738598	319	1			0		other	0
100	Response	3	6938330	33273	1
102	Sound	155	6941389	344	2			0		other	0
103	Response	3	7120247	12423	2
105	Sound	6	7123381	395	2			0		other	0
106	Response	3	7312485	22554	1
108	Sound	65	7315573	317	1			0		other	0
109	Response	3	7495762	13728	2
111	Sound	125	7498865	336	1			0		other	0
112	Response	3	7688238	22931	3
114	Response	1	7777518	86553	1
115	Sound	7	7777953	349	1			0		other	0
116	Response	3	7964396	20014	1
118	Sound	96	7967545	337	1			0		other	0
119	Response	3	8158313	24327	1
121	Sound	126	8161537	393	1			0		other	0
122	Response	3	8342230	14141	2
124	Sound	66	8345229	312	1			0		other	0
125	Response	3	8521588	9892	1
127	Sound	156	8524721	363	1			0		other	0
128	Response	2	8710065	18928	1
130	Sound	36	8713113	316	1			0		other	0
131	Response	2	8901262	21687	2
133	Sound	97	8904405	338	2			0		other	0
134	Response	3	9080059	9213	2
136	Sound	127	9083198	356	1			0		other	0
137	Response	3	9268617	18996	2
139	Sound	157	9271790	343	1			0		other	0
140	Response	3	9450213	11987	3
142	Sound	8	9453383	328	1			0		other	0
143	Response	3	9631012	11178	1
145	Sound	67	9634176	346	1			0		other	0
146	Response	3	9819889	19280	2
148	Sound	37	9822969	367	1			0		other	0
149	Response	3	9998126	8745	2
151	Response	1	10107564	106686	2
152	Sound	38	10108058	381	2			0		other	0
153	Response	3	10283883	9260	1
155	Sound	9	10286952	333	1			0		other	0
156	Response	3	10465960	12562	2
158	Sound	68	10469045	318	1			0		other	0
159	Response	3	10642917	7411	2
161	Sound	98	10646039	369	1			0		other	0
162	Response	3	10821475	9026	2
164	Sound	128	10824632	353	2			0		other	0
165	Response	3	11000193	9134	1
167	Sound	158	11003226	338	1			0		other	0
168	Response	3	11176749	7081	3
170	Sound	129	11179820	322	1			0		other	0
171	Response	3	11354988	8710	1
173	Sound	10	11358113	339	1			0		other	0
174	Response	3	11532504	7950	2
176	Sound	69	11535607	390	1			0		other	0
177	Response	3	11717383	15220	1
179	Sound	99	11720500	342	2			0		other	0
180	Response	3	11910499	23562	2
182	Sound	159	11913593	331	2			0		other	0
183	Response	3	12088496	8454	3
185	Sound	39	12091587	382	1			0		other	0
186	Response	3	12275455	17304	1
188	Response	1	12388973	110828	2
189	Sound	130	12389477	368	1			0		other	0
190	Response	3	12570811	14922	1
192	Sound	11	12573870	320	1			0		other	0
193	Response	3	12748168	7838	2
195	Sound	70	12751364	371	1			0		other	0
196	Response	3	12926166	8393	1
198	Sound	40	12929257	321	2			0		other	0
199	Response	3	13104963	9247	1
201	Sound	160	13108051	339	1			0		other	0
202	Response	3	13291519	17028	3
204	Sound	100	13294645	327	1			0		other	0
205	Response	3	13468717	7619	2
207	Sound	161	13471738	310	1			0		other	0
208	Response	3	13643915	5707	2
210	Sound	71	13647032	327	2			0		other	0
211	Response	3	13821433	7948	1
213	Sound	22	13824526	378	1			0		other	0
214	Response	3	14003829	12735	3
216	Sound	131	14006919	330	1			0		other	0
217	Response	3	14186227	12858	2
219	Sound	41	14189413	382	1			0		other	0
220	Response	3	14362705	6728	2
222	Sound	101	14365807	333	1			0		other	0
223	Response	3	14538223	5969	1
226	Response	1	14872378	31390	2
227	Sound	102	14872789	311	1			0		other	0
228	Response	3	15067415	28158	2
230	Sound	162	15070581	334	2			0		other	0
231	Response	3	15256373	19346	1
233	Sound	23	15259575	388	1			0		other	0
234	Response	3	15444930	18797	1
236	Sound	72	15447968	342	1			0		other	0
237	Response	3	15629326	14921	3
239	Sound	42	15632461	394	2			0		other	0
240	Response	3	15811725	12712	1
242	Sound	132	15814855	347	1			0		other	0
243	Response	3	15997642	16354	1
245	Sound	163	16000748	300	1			0		other	0
246	Response	3	16180920	13692	1
248	Sound	103	16184042	320	1			0		other	0
249	Response	3	16364837	14335	1
251	Sound	24	16368035	372	1			0		other	0
252	Response	3	16549553	15110	3
254	Sound	43	16552629	359	1			0		other	0
255	Response	3	16734032	14982	1
257	Sound	73	16737022	311	1			0		other	0
258	Response	3	16919149	15658	2
260	Sound	133	16922315	330	1			0		other	0
261	Response	3	17101547	12783	1
263	Response	1	17224185	119926	1
264	Sound	74	17224604	383	2			0		other	0
265	Response	3	17406262	15095	2
267	Sound	44	17409298	303	1			0		other	0
268	Response	3	17588739	12965	2
270	Sound	104	17591791	355	1			0		other	0
271	Response	3	17770337	12122	2
273	Sound	25	17773385	341	1			0		other	0
274	Response	3	17952255	12432	1
276	Sound	134	17955378	393	1			0		other	0
277	Response	3	18131532	9600	2
279	Sound	164	18134572	311	1			0		other	0
280	Response	3	18313609	12569	2
282	Sound	45	18316765	396	1			0		other	0
283	Response	3	18492566	9251	2
285	Sound	135	18495659	348	1			0		other	0
286	Response	3	18672004	9913	2
288	Sound	26	18675052	299	1			0		other	0
289	Response	3	18863361	21828	2
291	Sound	165	18866545	353	1			0		other	0
292	Response	2	19045599	12628	2
294	Sound	75	19048639	339	1			0		other	0
295	Response	3	19226397	11318	1
297	Sound	105	19229432	357	1			0		other	0
298	Response	3	19411594	15740	2
300	Response	1	19466633	52285	2
301	Sound	76	19467023	358	2			0		other	0
302	Response	3	19646071	12627	1
304	Sound	27	19649117	344	1			0		other	0
305	Response	3	19829908	14356	1
307	Sound	106	19833110	397	1			0		other	0
308	Response	3	20010226	10567	1
310	Sound	136	20013304	316	1			0		other	0
311	Response	3	20202063	22295	1
313	Sound	166	20205097	337	1			0		other	0
314	Response	3	20387659	16119	3
316	Sound	46	20390690	323	1			0		other	0
317	Response	3	20577578	20432	1
319	Sound	167	20580683	377	1			0		other	0
320	Response	3	20763175	15923	1
322	Sound	107	20766276	364	1			0		other	0
323	Response	3	20943571	10879	3
325	Sound	28	20946670	316	1			0		other	0
326	Response	3	21131490	18356	1
328	Sound	137	21134663	370	1			0		other	0
329	Response	3	21315087	14014	2
331	Sound	77	21318256	355	1			0		other	0
332	Response	3	21500125	15445	1
334	Sound	47	21503149	308	2			0		other	0
335	Response	3	21684441	14820	2
337	Response	1	21818199	130917	2
338	Sound	168	21818538	299	1			0		other	0
339	Response	3	22002198	17179	1
341	Sound	48	22005331	319	1			0		other	0
342	Response	3	22187235	15443	1
344	Sound	29	22190324	371	1			0		other	0
345	Response	3	22371872	15140	2
347	Sound	108	22374917	357	2			0		other	0
348	Response	3	22555550	14211	1
350	Sound	78	22558711	377	1			0		other	0
351	Response	3	22739546	14266	3
353	Sound	138	22742604	330	1			0		other	0
354	Response	3	22929143	20089	3
356	Sound	139	22932197	317	1			0		other	0
357	Response	3	23121222	22563	1
359	Sound	20	23124290	306	1			0		other	0
360	Response	3	23312259	21495	1
362	Sound	79	23315483	394	1			0		other	0
363	Response	3	23495376	13341	2
365	Sound	169	23498576	379	1			0		other	0
366	Response	3	23681534	16391	1
368	Sound	49	23684669	366	2			0		other	0
369	Response	3	23867130	16047	2
371	Sound	109	23870263	353	1			0		other	0
372	Response	3	24050728	14039	2
374	Response	1	24153607	100090	2
375	Sound	21	24153952	300	1			0		other	0
376	Response	3	24338645	18214	1
378	Sound	170	24341745	321	1			0		other	0
379	Response	2	24542241	34037	2
381	Sound	80	24545338	313	1			0		other	0
382	Response	3	24728159	16354	2
384	Sound	110	24731331	366	1			0		other	0
385	Response	3	24912717	14973	1
387	Sound	50	24915724	319	1			0		other	0
388	Response	3	25097674	15489	2
390	Sound	140	25100817	305	1			0		other	0
391	Response	3	25280550	13258	3
393	Sound	171	25283610	324	2			0		other	0
394	Response	3	25468629	18563	1
396	Sound	81	25471704	312	1			0		other	0
397	Response	3	25660306	22134	1
399	Sound	141	25663296	299	2			0		other	0
400	Response	3	25842623	12846	2
402	Sound	51	25845790	352	1			0		other	0
403	Response	3	26032621	20404	1
405	Sound	111	26035683	306	1			0		other	0
406	Response	3	26217098	14942	1
408	Sound	22	26220176	359	1			0		other	0
409	Response	3	26399576	12980	1
411	Response	1	26455735	53477	1
412	Sound	142	26456267	360	1			0		other	0
413	Response	2	26635091	12404	3
415	Sound	172	26638160	312	1			0		other	0
416	Response	3	26833010	28382	1
418	Sound	112	26836153	369	1			0		other	0
419	Response	3	27018047	15483	1
421	Sound	23	27021046	321	1			0		other	0
422	Response	3	27218764	31260	1
424	Sound	82	27221839	346	1			0		other	0
425	Response	3	27404120	15848	3
427	Sound	52	27407232	299	1			0		other	0
428	Response	3	27588599	14887	1
430	Sound	24	27591725	352	1			0		other	0
431	Response	3	27780115	21962	2
433	Sound	173	27783118	307	1			0		other	0
434	Response	2	27966192	16601	3
436	Sound	143	27969311	393	1			0		other	0
437	Response	3	28176350	40486	2
439	Sound	53	28179503	320	1			0		other	0
440	Response	2	28361868	15906	1
442	Sound	113	28364996	373	1			0		other	0
443	Response	3	28545145	13743	2
445	Sound	83	28548289	392	1			0		other	0
446	Response	3	28736423	21580	1
448	Sound	114	28739482	313	1			0		other	0
449	Response	3	28927380	21432	1
451	Sound	54	28930475	368	1			0		other	0
452	Response	3	29118096	21210	3
454	Sound	84	29121268	390	1			0		other	0
455	Response	3	29303375	15551	1
457	Sound	174	29306461	309	1			0		other	0
458	Response	3	29496252	23321	1
460	Sound	25	29499454	365	1			0		other	0
461	Response	3	29680168	14300	3
463	Sound	144	29683247	384	1			0		other	0
464	Response	3	29871206	21397	2
466	Quit		29934816	60848
