Scenario - Amelia_Experiment2.sce
Logfile written - 12/07/2018 13:08:24

Trial	Event Type	Code	Time	TTime	Uncertainty	Duration	Uncertainty	ReqTime	ReqDur	Stim Type	Pair Index

1	Response	1	75332	75166	1
2	Response	1	320369	244895	1
3	Response	1	431567	111173	1
4	Sound	90	432078	387	2			0		other	0
5	Response	3	633083	34447	3
7	Sound	150	636169	379	2			0		other	0
8	Response	2	831242	28507	1
10	Sound	30	834360	302	2			0		other	0
11	Response	3	1027639	26803	1
13	Sound	60	1030652	325	1			0		other	0
14	Response	3	1216595	19490	2
16	Sound	1	1219743	312	1			0		other	0
17	Response	3	1405153	18944	2
19	Sound	120	1408235	366	1			0		other	0
20	Response	2	1590110	15463	2
22	Sound	121	1593126	318	2			0		other	0
23	Response	2	1821306	61720	3
25	Sound	61	1824416	351	1			0		other	0
26	Response	3	2014425	23582	1
28	Sound	151	2017507	339	2			0		other	0
29	Response	3	2214982	31035	1
31	Sound	2	2218098	329	2			0		other	0
32	Response	3	2409458	24911	3
34	Sound	91	2412590	385	1			0		other	0
35	Response	3	2603937	24787	1
37	Sound	31	2606981	341	1			0		other	0
38	Response	3	2792974	19555	1
40	Response	1	2911532	115787	2
41	Sound	62	2912067	361	1			0		other	0
42	Response	3	3104649	26164	2
44	Sound	152	3107858	383	1			0		other	0
45	Response	2	3304727	30307	1
47	Sound	3	3307749	340	2			0		other	0
48	Response	2	3487844	13656	2
50	Sound	122	3491041	359	1			0		other	0
51	Response	2	3741280	83820	2
53	Sound	32	3744430	331	1			0		other	0
54	Response	3	3928798	17921	1
56	Sound	92	3931921	384	2			0		other	0
57	Response	3	4124874	26392	2
59	Sound	153	4128013	374	1			0		other	0
60	Response	2	4306312	11895	2
62	Sound	33	4309404	325	2			0		other	0
63	Response	3	4489110	13253	1
65	Sound	123	4492196	344	2			0		other	0
66	Response	3	4694306	35676	2
68	Sound	63	4697487	369	2			0		other	0
69	Response	3	4882703	18807	3
71	Sound	4	4885779	390	1			0		other	0
72	Response	2	5065742	13408	1
74	Sound	93	5068871	376	1			0		other	0
75	Response	3	5293978	58538	2
77	Response	1	5350457	53704	2
78	Sound	94	5350959	390	1			0		other	0
79	Response	3	5539415	21901	2
81	Sound	124	5542550	377	1			0		other	0
82	Response	3	5765811	56693	2
84	Sound	64	5768940	342	1			0		other	0
85	Response	3	5952048	16671	2
87	Sound	5	5955232	362	1			0		other	0
88	Response	3	6134287	12638	1
90	Sound	34	6137324	347	1			0		other	0
91	Response	3	6327083	23328	2
93	Sound	154	6330215	302	2			0		other	0
94	Response	3	6509801	13109	2
96	Sound	155	6512907	387	2			0		other	0
97	Response	3	6691719	12254	1
99	Sound	125	6694799	339	2			0		other	0
100	Response	3	6884115	22876	3
102	Sound	95	6887291	394	1			0		other	0
103	Response	3	7072513	18671	2
105	Sound	35	7075683	348	1			0		other	0
106	Response	2	7258751	16638	1
108	Sound	6	7261775	335	1			0		other	0
109	Response	3	7458828	30609	1
111	Sound	65	7461866	325	1			0		other	0
112	Response	3	7647784	19465	3
114	Response	1	7759463	108984	2
115	Sound	96	7759953	343	1			0		other	0
116	Response	3	7946980	20592	2
118	Sound	156	7950045	331	1			0		other	0
119	Response	3	8139137	22645	3
121	Sound	126	8142136	319	1			0		other	0
122	Response	3	8349455	40859	2
124	Sound	7	8352627	379	1			0		other	0
125	Response	3	8536092	16899	2
127	Sound	66	8539219	366	1			0		other	0
128	Response	3	8730329	24697	3
130	Sound	36	8733511	388	1			0		other	0
131	Response	2	8916007	15939	2
133	Sound	97	8919103	375	1			0		other	0
134	Response	3	9099124	13451	2
136	Sound	127	9102195	360	1			0		other	0
137	Response	3	9282242	13629	2
139	Sound	37	9285287	346	1			0		other	0
140	Response	3	9464799	13079	2
142	Sound	8	9467879	331	1			0		other	0
143	Response	3	9656557	22230	1
145	Sound	157	9659671	352	1			0		other	0
146	Response	3	9843273	17176	3
148	Sound	67	9846463	372	2			0		other	0
149	Response	3	10028232	15362	1
151	Response	1	10218229	187198	2
152	Sound	9	10218648	345	2			0		other	0
153	Response	3	10397586	12504	2
155	Sound	68	10400741	331	1			0		other	0
156	Response	3	10593584	26394	1
158	Sound	128	10596733	386	2			0		other	0
159	Response	3	10777980	14687	2
161	Sound	158	10781127	340	1			0		other	0
162	Response	3	10962458	14891	2
164	Sound	38	10965620	392	1			0		other	0
165	Response	3	11170775	38601	2
167	Sound	98	11173812	318	1			0		other	0
168	Response	3	11358773	18500	1
170	Sound	69	11361905	305	1			0		other	0
171	Response	3	11543170	14791	2
173	Sound	10	11546198	324	2			0		other	0
174	Response	3	11740287	27634	2
176	Sound	129	11743292	315	1			0		other	0
177	Response	3	11935324	25567	2
179	Sound	39	11938384	303	2			0		other	0
180	Response	3	12119482	14621	2
182	Sound	159	12122578	390	1			0		other	0
183	Response	2	12305560	16425	1
185	Sound	99	12308671	376	1			0		other	0
186	Response	3	12508597	33355	1
188	Response	1	12654994	143597	2
189	Sound	100	12655359	342	1			0		other	0
190	Response	3	12841072	19275	2
192	Sound	11	12844152	362	1			0		other	0
193	Response	3	13025148	14578	3
195	Sound	130	13028246	349	1			0		other	0
196	Response	3	13210986	16309	2
198	Sound	160	13214039	368	1			0		other	0
199	Response	3	13396584	16133	2
201	Sound	70	13399632	354	2			0		other	0
202	Response	3	13586342	20284	1
204	Sound	40	13589426	376	1			0		other	0
205	Response	3	13773059	17062	1
207	Sound	131	13776219	395	1			0		other	0
208	Response	3	13962656	19886	2
210	Sound	71	13965812	383	2			0		other	0
211	Response	3	14147534	15158	1
213	Sound	22	14150706	336	1			0		other	0
214	Response	3	14334890	17740	2
216	Sound	101	14337999	356	1			0		other	0
217	Response	3	14526728	22305	2
219	Sound	41	14529792	377	1			0		other	0
220	Response	3	14719765	23404	2
222	Sound	161	14722885	366	2			0		other	0
223	Response	3	14904563	15264	1
226	Response	1	15305916	98553	3
227	Sound	132	15306365	367	1			0		other	0
228	Response	3	15484635	11857	1
230	Sound	102	15487758	318	1			0		other	0
231	Response	3	15667351	13131	2
233	Sound	72	15670352	304	1			0		other	0
234	Response	3	15851029	14202	2
236	Sound	162	15854145	323	1			0		other	0
237	Response	3	16039666	19064	2
239	Sound	23	16042738	310	2			0		other	0
240	Response	3	16239024	29816	1
242	Sound	42	16242231	367	1			0		other	0
243	Response	3	16431901	23258	2
245	Sound	24	16435024	389	2			0		other	0
246	Response	3	16621339	19758	1
248	Sound	163	16624418	344	1			0		other	0
249	Response	3	16803415	12561	3
251	Sound	73	16806511	329	1			0		other	0
252	Response	3	16983413	10451	2
254	Sound	103	16986504	380	2			0		other	0
255	Response	3	17176451	23380	1
257	Sound	133	17179598	369	1			0		other	0
258	Response	3	17365008	18999	2
260	Sound	43	17368191	356	1			0		other	0
261	Response	3	17548125	13510	2
263	Response	1	17647883	96940	3
264	Sound	74	17648281	370	1			0		other	0
265	Response	3	17839161	24470	2
267	Sound	134	17842174	325	1			0		other	0
268	Response	3	18021159	12531	1
270	Sound	44	18024267	310	1			0		other	0
271	Response	3	18204197	13461	1
273	Sound	164	18207261	363	1			0		other	0
274	Response	2	18391634	17956	1
276	Sound	104	18394654	316	1			0		other	0
277	Response	3	18577391	16274	2
279	Sound	25	18580447	336	1			0		other	0
280	Response	3	18764509	17618	1
282	Sound	45	18767540	323	2			0		other	0
283	Response	3	18949946	15949	1
285	Sound	75	18953034	376	1			0		other	0
286	Response	3	19139222	19618	3
288	Sound	135	19142327	397	1			0		other	0
289	Response	3	19326980	18104	2
291	Sound	105	19330020	317	1			0		other	0
292	Response	3	19513538	17056	1
294	Sound	165	19516613	304	2			0		other	0
295	Response	3	19701455	18366	2
297	Sound	26	19704606	357	2			0		other	0
298	Response	3	19885932	14904	2
300	Response	1	20049130	160441	2
301	Sound	46	20049694	390	1			0		other	0
302	Response	3	20258568	42318	1
304	Sound	166	20261786	384	1			0		other	0
305	Response	3	20442644	14296	2
307	Sound	27	20445679	336	2			0		other	0
308	Response	3	20626162	14039	2
310	Sound	136	20629273	323	1			0		other	0
311	Response	3	20811440	15710	1
313	Sound	106	20814566	342	1			0		other	0
314	Response	3	20994237	13233	1
316	Sound	76	20997359	361	2			0		other	0
317	Response	3	21180075	16297	1
319	Sound	47	21183153	381	1			0		other	0
320	Response	3	21380471	30753	2
322	Sound	167	21383545	338	1			0		other	0
323	Response	3	21561988	12001	3
325	Sound	107	21565139	324	1			0		other	0
326	Response	3	21761666	30071	2
328	Sound	28	21764731	314	2			0		other	0
329	Response	3	21956864	25667	1
331	Sound	77	21960024	336	1			0		other	0
332	Response	3	22174940	48473	2
334	Sound	137	22178116	332	2			0		other	0
335	Response	3	22362058	17494	1
337	Response	1	22403577	38687	1
338	Sound	48	22404108	397	1			0		other	0
339	Response	3	22604774	34117	2
341	Sound	29	22607800	321	2			0		other	0
342	Response	3	22794052	19794	1
344	Sound	108	22797094	343	1			0		other	0
345	Response	3	22978769	15239	1
347	Sound	78	22981887	362	1			0		other	0
348	Response	3	23163087	14783	1
350	Sound	138	23166180	382	1			0		other	0
351	Response	3	23346603	13859	2
353	Sound	168	23349773	367	1			0		other	0
354	Response	2	23531881	15696	2
356	Sound	79	23535066	387	2			0		other	0
357	Response	3	23742278	40653	2
359	Sound	169	23745459	348	1			0		other	0
360	Response	3	23935715	23825	2
362	Sound	109	23938852	303	1			0		other	0
363	Response	3	24133072	27744	2
365	Sound	49	24136144	326	1			0		other	0
366	Response	3	24323230	20632	1
368	Sound	20	24326237	313	1			0		other	0
369	Response	3	24508668	15965	1
371	Sound	139	24511730	366	2			0		other	0
372	Response	3	24741224	63081	2
374	Response	1	24825623	81668	1
375	Sound	21	24826119	357	1			0		other	0
376	Response	3	25010179	17638	3
378	Sound	110	25013212	344	1			0		other	0
379	Response	3	25198578	18930	1
381	Sound	170	25201605	298	1			0		other	0
382	Response	2	25381294	13207	3
384	Sound	50	25384398	317	1			0		other	0
385	Response	3	25563292	12431	2
387	Sound	80	25566391	368	2			0		other	0
388	Response	3	25766489	33687	2
390	Sound	140	25769684	394	1			0		other	0
391	Response	3	25984006	47770	2
393	Sound	51	25987076	356	1			0		other	0
394	Response	3	26167844	14345	2
396	Sound	22	26170969	309	1			0		other	0
397	Response	3	26357842	20402	1
399	Sound	171	26360962	363	1			0		other	0
400	Response	2	26541999	14621	1
402	Sound	81	26545055	349	1			0		other	0
403	Response	3	26728796	17311	2
405	Sound	111	26731848	369	1			0		other	0
406	Response	3	26911513	13255	2
408	Sound	141	26914641	388	1			0		other	0
409	Response	3	27115431	34232	1
411	Response	1	27229589	111402	2
412	Sound	23	27230029	378	2			0		other	0
413	Response	3	27422545	25948	3
415	Sound	82	27425622	368	1			0		other	0
416	Response	3	27609903	17869	2
418	Sound	52	27613015	321	1			0		other	0
419	Response	3	27799421	19948	2
421	Sound	142	27802508	376	1			0		other	0
422	Response	2	27988859	19781	1
424	Sound	172	27991901	330	1			0		other	0
425	Response	2	28169416	11066	1
427	Sound	112	28172494	315	2			0		other	0
428	Response	2	28346454	7495	1
430	Sound	24	28349588	299	1			0		other	0
431	Response	3	28531011	14943	1
433	Sound	53	28534081	352	1			0		other	0
434	Response	3	28720528	20020	2
436	Sound	143	28723674	340	1			0		other	0
437	Response	2	28903005	12891	2
439	Sound	173	28906167	392	1			0		other	0
440	Response	2	29089162	16441	2
442	Sound	83	29092260	379	1			0		other	0
443	Response	3	29272680	13853	2
445	Sound	113	29275853	364	1			0		other	0
446	Response	3	29497236	54968	3
448	Sound	114	29500245	329	1			0		other	0
449	Response	3	29678034	11339	2
451	Sound	84	29681238	381	1			0		other	0
452	Response	3	29863792	15989	2
454	Sound	25	29866931	301	1			0		other	0
455	Response	3	30047948	14538	3
457	Sound	174	30051124	387	1			0		other	0
458	Response	2	30235866	18182	3
460	Sound	144	30239017	340	1			0		other	0
461	Response	3	30429064	23608	2
463	Sound	54	30432110	330	1			0		other	0
464	Response	3	30612581	14021	2
466	Quit		30683631	68243
