Scenario - Amelia_Experiment2.sce
Logfile written - 11/22/2018 12:36:15

Trial	Event Type	Code	Time	TTime	Uncertainty	Duration	Uncertainty	ReqTime	ReqDur	Stim Type	Pair Index

1	Response	1	60535	60203	1
2	Response	1	185413	124767	1
3	Response	1	245972	60534	2
4	Sound	30	246389	304	2			0		other	0
5	Response	3	435969	23106	2
7	Sound	150	438981	293	1			0		other	0
8	Response	2	612686	7220	2
10	Sound	120	615773	310	1			0		other	0
11	Response	3	790764	8522	2
13	Sound	1	793865	294	1			0		other	0
14	Response	3	972682	12332	1
16	Sound	30	975757	246	1			0		other	0
17	Response	3	1158839	16549	1
19	Sound	90	1161848	231	2			0		other	0
20	Response	3	1338196	9801	2
22	Sound	151	1341140	249	2			0		other	0
23	Response	3	1516914	9245	1
25	Sound	91	1519932	267	1			0		other	0
26	Response	3	1697230	10787	3
28	Sound	31	1700224	285	1			0		other	0
29	Response	3	1876028	9311	2
31	Sound	121	1879016	303	1			0		other	0
32	Response	3	2054666	9174	2
34	Sound	31	2057708	220	1			0		other	0
35	Response	3	2236583	12317	2
37	Sound	2	2239700	272	1			0		other	0
38	Response	3	2424341	18135	1
40	Response	1	2461380	34348	2
41	Sound	32	2461790	269	1			0		other	0
42	Response	3	2636337	8037	3
44	Sound	3	2639382	253	1			0		other	0
45	Response	3	2814176	8268	1
47	Sound	122	2817174	270	1			0		other	0
48	Response	3	2999613	15931	1
50	Sound	152	3002566	223	1			0		other	0
51	Response	2	3180889	11768	3
53	Sound	92	3183858	242	1			0		other	0
54	Response	3	3362247	11852	2
56	Sound	32	3365350	294	1			0		other	0
57	Response	3	3547924	16089	3
59	Sound	123	3550941	279	1			0		other	0
60	Response	3	3736642	19202	2
62	Sound	9	3739733	300	1			0		other	0
63	Response	3	3921919	15708	2
65	Sound	33	3924925	220	1			0		other	0
66	Response	3	4101758	10274	1
68	Sound	33	4104717	238	1			0		other	0
69	Response	3	4282555	11297	1
71	Sound	153	4285509	256	1			0		other	0
72	Response	3	4461832	9800	2
74	Sound	4	4464801	273	1			0		other	0
75	Response	2	4636630	5324	2
77	Response	1	4655989	16519	2
78	Sound	34	4656392	261	2			0		other	0
79	Response	3	4829587	6677	1
81	Sound	154	4832685	278	1			0		other	0
82	Response	2	5005504	6319	2
84	Sound	9	5008577	228	1			0		other	0
85	Response	3	5183741	8614	3
87	Sound	124	5186769	312	1			0		other	0
88	Response	3	5361900	8665	1
90	Sound	5	5364961	230	2			0		other	0
91	Response	3	5542136	10626	3
93	Sound	34	5545053	214	2			0		other	0
94	Response	3	5723014	11397	2
96	Sound	6	5726045	266	2			0		other	0
97	Response	3	5903252	10694	1
99	Sound	35	5906338	285	1			0		other	0
100	Response	3	6089249	16417	2
102	Sound	35	6092229	237	2			0		other	0
103	Response	3	6268446	9676	2
105	Sound	125	6271522	256	1			0		other	0
106	Response	3	6446284	8239	2
108	Sound	9	6449314	273	1			0		other	0
109	Response	3	6624841	9022	2
111	Sound	155	6627906	257	1			0		other	0
112	Response	3	6802920	8493	1
114	Response	1	6830358	24601	2
115	Sound	7	6830697	282	1			0		other	0
116	Response	3	7005876	8682	2
118	Sound	126	7008989	299	2			0		other	0
119	Response	3	7183874	8405	2
121	Sound	36	7186882	250	1			0		other	0
122	Response	3	7364830	11420	3
124	Sound	9	7367874	302	1			0		other	0
125	Response	3	7547629	13278	1
127	Sound	36	7550566	221	1			0		other	0
128	Response	3	7725145	8021	3
130	Sound	156	7728258	304	1			0		other	0
131	Response	2	7899463	4731	2
133	Sound	37	7902451	221	1			0		other	0
134	Response	3	8083221	14213	2
136	Sound	157	8086243	240	1			0		other	0
137	Response	3	8266899	14118	1
139	Sound	127	8269835	226	1			0		other	0
140	Response	3	8451696	15308	1
142	Sound	37	8454627	245	1			0		other	0
143	Response	2	8624574	3414	1
145	Sound	9	8627620	295	1			0		other	0
146	Response	3	8802730	8626	3
148	Sound	8	8805712	279	2			0		other	0
149	Response	3	8981449	9237	1
151	Response	1	9009928	25720	2
152	Sound	9	9010304	271	1			0		other	0
153	Response	3	9183605	6793	2
155	Sound	38	9186597	288	1			0		other	0
156	Response	3	9361762	8674	3
158	Sound	158	9364890	306	1			0		other	0
159	Response	2	9540320	8957	2
161	Sound	38	9543283	257	1			0		other	0
162	Response	3	9719757	9952	3
164	Sound	9	9722776	308	1			0		other	0
165	Response	3	9897996	8748	1
167	Sound	128	9900969	225	1			0		other	0
168	Response	3	10082313	14790	1
170	Sound	129	10085262	244	1			0		other	0
171	Response	3	10261590	9793	2
173	Sound	39	10264556	263	1			0		other	0
174	Response	3	10435028	3955	2
176	Sound	39	10438049	312	1			0		other	0
177	Response	2	10609106	4589	1
179	Sound	159	10612143	295	1			0		other	0
180	Response	3	10789103	10476	2
182	Sound	99	10792036	246	2			0		other	0
183	Response	3	10967580	9011	2
185	Sound	10	10970630	231	1			0		other	0
186	Response	3	11153898	16719	1
188	Response	1	11184058	27386	1
189	Sound	11	11184422	259	1			0		other	0
190	Response	2	11354935	3992	2
192	Sound	40	11358016	242	1			0		other	0
193	Response	3	11529093	4539	1
195	Sound	100	11532110	225	1			0		other	0
196	Response	3	11705569	6904	3
198	Sound	40	11708603	275	2			0		other	0
199	Response	2	11879727	4619	2
201	Sound	130	11882697	258	1			0		other	0
202	Response	3	12053565	4346	2
204	Sound	160	12056691	308	1			0		other	0
205	Response	3	12227722	4559	2
207	Sound	41	12230785	291	1			0		other	0
208	Response	3	12409639	12366	3
210	Sound	41	12412678	243	2			0		other	0
211	Response	3	12588118	8903	1
213	Sound	101	12591172	294	1			0		other	0
214	Response	3	12766514	8857	2
216	Sound	131	12769566	246	1			0		other	0
217	Response	3	12940353	4253	1
219	Sound	22	12943359	261	2			0		other	0
220	Response	3	13114431	4553	1
222	Sound	161	13117453	244	2			0		other	0
223	Response	3	13288268	4280	2
226	Response	1	13604903	13847	2
227	Sound	102	13605336	284	1			0		other	0
228	Response	3	13775861	4029	2
230	Sound	162	13778930	267	1			0		other	0
231	Response	3	13953858	8416	2
233	Sound	23	13956824	218	1			0		other	0
234	Response	3	14132656	9271	1
236	Sound	132	14135617	236	1			0		other	0
237	Response	3	14310574	8413	1
239	Sound	42	14313611	287	1			0		other	0
240	Response	3	14486571	6467	1
242	Sound	42	14489505	237	1			0		other	0
243	Response	3	14664409	8362	1
245	Sound	43	14667498	288	2			0		other	0
246	Response	3	14839206	5216	2
248	Sound	43	14842292	304	1			0		other	0
249	Response	3	15017284	8517	1
251	Sound	24	15020386	289	1			0		other	0
252	Response	3	15193121	6244	2
254	Sound	103	15196180	306	1			0		other	0
255	Response	3	15369598	6944	2
257	Sound	133	15372573	256	2			0		other	0
258	Response	3	15548316	9219	1
260	Sound	163	15551367	274	1			0		other	0
261	Response	2	15722473	4601	2
263	Response	1	15741272	16069	2
264	Sound	104	15741660	295	1			0		other	0
265	Response	3	15913511	5366	1
267	Sound	44	15916554	245	1			0		other	0
268	Response	3	16090867	7779	3
270	Sound	134	16093847	262	2			0		other	0
271	Response	3	16265186	4821	1
273	Sound	25	16268341	312	2			0		other	0
274	Response	3	16446462	11653	3
276	Sound	164	16449535	231	1			0		other	0
277	Response	2	16625741	9658	2
279	Sound	44	16628828	248	2			0		other	0
280	Response	3	16806058	10699	2
282	Sound	135	16809122	267	1			0		other	0
283	Response	3	16980536	4901	1
285	Sound	45	16983516	217	1			0		other	0
286	Response	3	17167333	17255	2
288	Sound	26	17170309	237	1			0		other	0
289	Response	3	17344131	7279	1
291	Sound	165	17347103	255	1			0		other	0
292	Response	3	17518768	5140	2
294	Sound	45	17521697	238	1			0		other	0
295	Response	3	17695486	7247	1
297	Sound	105	17698490	255	1			0		other	0
298	Response	2	17868684	3669	1
300	Response	1	17886443	14930	1
301	Sound	27	17886783	275	2			0		other	0
302	Response	3	18062920	9632	2
304	Sound	53	18065877	260	1			0		other	0
305	Response	3	18247797	15400	2
307	Sound	106	18250870	313	2			0		other	0
308	Response	3	18432674	15337	3
310	Sound	166	18435764	266	1			0		other	0
311	Response	3	18617953	15676	1
313	Sound	136	18621057	286	1			0		other	0
314	Response	3	18800030	12479	2
316	Sound	46	18802951	238	1			0		other	0
317	Response	3	18984187	14695	2
319	Sound	137	18987244	257	1			0		other	0
320	Response	3	19164184	10418	2
322	Sound	47	19167237	308	2			0		other	0
323	Response	3	19344983	11274	1
325	Sound	167	19347931	227	1			0		other	0
326	Response	3	19523540	9056	1
328	Sound	28	19526624	311	2			0		other	0
329	Response	3	19704418	11325	1
331	Sound	107	19707518	263	1			0		other	0
332	Response	3	19883774	9740	2
334	Sound	54	19886811	281	2			0		other	0
335	Response	3	20057373	4063	1
337	Response	1	20113212	53071	1
338	Sound	138	20113603	313	1			0		other	0
339	Response	3	20284169	4099	2
341	Sound	29	20287197	296	1			0		other	0
342	Response	3	20465207	11526	1
344	Sound	48	20468290	280	2			0		other	0
345	Response	3	20647523	12734	2
347	Sound	46	20650584	300	1			0		other	0
348	Response	2	20820722	3658	1
350	Sound	108	20823778	216	1			0		other	0
351	Response	3	21000399	10058	2
353	Sound	168	21003471	301	1			0		other	0
354	Response	3	21177757	7807	1
356	Sound	49	21180664	217	2			0		other	0
357	Response	3	21355434	8208	2
359	Sound	20	21358458	236	1			0		other	0
360	Response	2	21534872	9870	1
362	Sound	169	21537952	287	1			0		other	0
363	Response	3	21714309	9865	1
365	Sound	109	21717345	238	1			0		other	0
366	Response	3	21894947	11061	1
368	Sound	52	21897938	223	2			0		other	0
369	Response	3	22076223	11728	2
371	Sound	139	22079232	242	1			0		other	0
372	Response	3	22256140	10370	3
374	Response	1	22274621	15689	1
375	Sound	170	22275025	265	1			0		other	0
376	Response	2	22445419	3879	1
378	Sound	140	22448518	314	2			0		other	0
379	Response	3	22626456	11472	2
381	Sound	50	22629412	266	1			0		other	0
382	Response	3	22811734	15808	1
384	Sound	110	22814705	285	1			0		other	0
385	Response	3	22989490	8291	2
387	Sound	21	22992499	304	1			0		other	0
388	Response	2	23168129	9154	1
390	Sound	47	23171192	221	1			0		other	0
391	Response	3	23349086	11336	2
393	Sound	141	23352186	273	1			0		other	0
394	Response	3	23528604	9912	1
396	Sound	171	23531579	224	1			0		other	0
397	Response	2	23708281	10147	1
399	Sound	111	23711273	310	1			0		other	0
400	Response	3	23888279	10536	1
402	Sound	51	23891366	294	1			0		other	0
403	Response	3	24067555	9703	2
405	Sound	48	24070659	312	2			0		other	0
406	Response	3	24248913	11786	2
408	Sound	22	24251853	231	1			0		other	0
409	Response	3	24428110	9708	2
411	Response	1	24444430	13532	2
412	Sound	112	24444846	286	1			0		other	0
413	Response	3	24620348	9009	2
415	Sound	23	24623439	270	1			0		other	0
416	Response	3	24802185	12237	2
418	Sound	142	24805232	288	2			0		other	0
419	Response	3	24980982	9259	2
421	Sound	49	24984026	307	1			0		other	0
422	Response	3	25164980	14481	2
424	Sound	172	25167919	259	1			0		other	0
425	Response	2	25338178	3739	1
427	Sound	52	25341213	276	1			0		other	0
428	Response	3	25524014	16297	3
430	Sound	143	25527006	295	1			0		other	0
431	Response	2	25697212	3722	2
433	Sound	53	25700300	312	1			0		other	0
434	Response	3	25874170	7403	2
436	Sound	24	25877193	262	1			0		other	0
437	Response	3	26052808	9098	1
439	Sound	113	26055787	247	1			0		other	0
440	Response	3	26231204	8885	3
442	Sound	50	26234280	298	1			0		other	0
443	Response	3	26409843	9081	1
445	Sound	173	26412873	282	2			0		other	0
446	Response	2	26582479	3108	3
448	Sound	25	26585467	265	1			0		other	0
449	Response	3	26762398	10417	1
451	Sound	114	26765360	216	2			0		other	0
452	Response	3	26942714	10791	3
454	Sound	174	26945654	235	1			0		other	0
455	Response	3	27122393	10195	1
457	Sound	51	27125447	253	1			0		other	0
458	Response	3	27302709	10736	3
460	Sound	54	27305741	272	1			0		other	0
461	Response	3	27482628	10379	1
463	Sound	144	27485634	223	1			0		other	0
464	Response	2	27656464	4274	3
466	Quit		31707619	4048431
