Scenario - Amelia_Experiment2.sce
Logfile written - 12/04/2018 17:22:03

Trial	Event Type	Code	Time	TTime	Uncertainty	Duration	Uncertainty	ReqTime	ReqDur	Stim Type	Pair Index

1	Response	1	10899	10733	1
2	Response	1	16819	5823	1
3	Response	1	30658	13664	2
4	Sound	120	31197	375	1			0		other	0
5	Response	3	215216	17615	1
7	Sound	1	218288	361	1			0		other	0
8	Response	3	395932	11226	3
10	Sound	60	399080	379	1			0		other	0
11	Response	3	581610	15964	2
13	Sound	90	584672	365	1			0		other	0
14	Response	3	765528	14443	2
16	Sound	30	768564	318	1			0		other	0
17	Response	3	946086	11061	1
19	Sound	150	949155	302	2			0		other	0
20	Response	3	1128483	12851	1
22	Sound	151	1131647	354	2			0		other	0
23	Response	3	1320959	22887	3
25	Sound	91	1324039	309	1			0		other	0
26	Response	3	1503677	13169	2
28	Sound	2	1506831	328	1			0		other	0
29	Response	3	1692235	18954	2
31	Sound	61	1695322	381	1			0		other	0
32	Response	2	1899992	38106	2
34	Sound	121	1903013	308	1			0		other	0
35	Response	3	2085190	15706	1
37	Sound	31	2088304	326	1			0		other	0
38	Response	3	2267506	12750	2
40	Response	1	2336146	65895	1
41	Sound	62	2336593	364	2			0		other	0
42	Response	3	2520864	17857	1
44	Sound	152	2523985	318	1			0		other	0
45	Response	3	2708060	17614	2
47	Sound	3	2711076	304	2			0		other	0
48	Response	2	2905978	28427	1
50	Sound	92	2909068	361	1			0		other	0
51	Response	3	3088775	13290	2
53	Sound	122	3091859	379	2			0		other	0
54	Response	3	3269413	10988	1
56	Sound	32	3272551	297	2			0		other	0
57	Response	3	3450690	11658	2
59	Sound	4	3453843	316	2			0		other	0
60	Response	3	3633168	12862	1
62	Sound	63	3636335	368	1			0		other	0
63	Response	3	3813725	10979	1
65	Sound	153	3816727	319	2			0		other	0
66	Response	3	4020762	37576	2
68	Sound	33	4023818	312	1			0		other	0
69	Response	3	4203000	12715	1
71	Sound	93	4206110	330	1			0		other	0
72	Response	3	4399636	27078	2
74	Sound	123	4402702	320	1			0		other	0
75	Response	3	4576114	6954	2
77	Response	1	4660433	81609	1
78	Sound	34	4660790	327	2			0		other	0
79	Response	3	4842031	14789	1
81	Sound	5	4845082	346	1			0		other	0
82	Response	3	5024027	12513	2
84	Sound	94	5027174	331	1			0		other	0
85	Response	3	5208345	14724	2
87	Sound	64	5211466	351	1			0		other	0
88	Response	3	5412503	34609	1
90	Sound	154	5415557	342	1			0		other	0
91	Response	3	5596900	14907	1
93	Sound	124	5600049	395	1			0		other	0
94	Response	3	5776898	10299	1
96	Sound	125	5779941	346	1			0		other	0
97	Response	3	5960415	14042	1
99	Sound	95	5963533	332	1			0		other	0
100	Response	3	6143532	13552	2
102	Sound	35	6146625	318	1			0		other	0
103	Response	2	6327050	13964	1
105	Sound	6	6330117	370	1			0		other	0
106	Response	3	6534087	37561	1
108	Sound	155	6537208	362	1			0		other	0
109	Response	3	6760724	57100	1
111	Sound	65	6763798	360	2			0		other	0
112	Response	3	6943920	13704	2
114	Response	1	7061358	114647	2
115	Sound	126	7061885	378	2			0		other	0
116	Response	3	7244237	15785	1
118	Sound	96	7247277	332	2			0		other	0
119	Response	3	7426874	13150	2
121	Sound	36	7429870	318	1			0		other	0
122	Response	2	7733910	137579	1
124	Sound	7	7736957	339	1			0		other	0
125	Response	3	7920306	16909	3
127	Sound	66	7923449	392	1			0		other	0
128	Response	3	8102784	12782	2
130	Sound	156	8105841	344	1			0		other	0
131	Response	2	8286781	14505	2
133	Sound	157	8289933	329	2			0		other	0
134	Response	3	8472858	16476	3
136	Sound	127	8475926	383	1			0		other	0
137	Response	3	8655096	12607	2
139	Sound	97	8658119	302	1			0		other	0
140	Response	3	8837094	12498	2
142	Sound	37	8840311	386	2			0		other	0
143	Response	3	9018052	11182	1
145	Sound	8	9021205	339	1			0		other	0
146	Response	3	9202129	14484	2
148	Sound	67	9205298	325	1			0		other	0
149	Response	3	9387325	15572	3
151	Response	1	9555884	165804	2
152	Sound	158	9556385	358	1			0		other	0
153	Response	3	9737962	15156	1
155	Sound	9	9741178	378	1			0		other	0
156	Response	3	9920039	12292	1
158	Sound	98	9923071	329	2			0		other	0
159	Response	3	10099876	10355	2
161	Sound	68	10103065	381	1			0		other	0
162	Response	3	10283074	13444	1
164	Sound	128	10286158	367	2			0		other	0
165	Response	3	10465550	12979	3
167	Sound	38	10468552	319	1			0		other	0
168	Response	3	10649149	14136	1
170	Sound	10	10652145	305	1			0		other	0
171	Response	3	10830986	12366	2
173	Sound	129	10834139	357	1			0		other	0
174	Response	3	11011624	11062	1
176	Sound	159	11014732	341	1			0		other	0
177	Response	2	11223380	42210	2
179	Sound	69	11226525	369	1			0		other	0
180	Response	3	11405858	12923	1
182	Sound	99	11408918	321	1			0		other	0
183	Response	3	11592176	16799	1
185	Sound	39	11595212	341	1			0		other	0
186	Response	3	11794972	33322	2
188	Response	1	11893371	95566	2
189	Sound	100	11893801	360	1			0		other	0
190	Response	3	12085528	25307	2
192	Sound	40	12088594	382	1			0		other	0
193	Response	3	12270885	15727	2
195	Sound	160	12273987	335	2			0		other	0
196	Response	3	12465522	25090	3
198	Sound	70	12468581	324	1			0		other	0
199	Response	3	12663280	28244	2
201	Sound	130	12666374	348	1			0		other	0
202	Response	3	12846158	13352	1
204	Sound	11	12849267	299	1			0		other	0
205	Response	3	13035275	19528	1
207	Sound	131	13038460	387	2			0		other	0
208	Response	3	13225431	20411	3
210	Sound	161	13228554	375	1			0		other	0
211	Response	3	13411110	15985	1
213	Sound	22	13414347	394	1			0		other	0
214	Response	3	13603266	22367	2
216	Sound	41	13606440	382	1			0		other	0
217	Response	3	13789985	16981	1
219	Sound	101	13793034	370	1			0		other	0
220	Response	3	13986062	26618	1
222	Sound	71	13989127	359	1			0		other	0
223	Response	3	14188859	33311	1
226	Response	1	14588773	97000	2
227	Sound	42	14589305	397	2			0		other	0
228	Response	3	14770931	15076	1
230	Sound	23	14773999	317	1			0		other	0
231	Response	3	14954687	14225	2
233	Sound	162	14957792	336	1			0		other	0
234	Response	3	15136445	12209	2
236	Sound	72	15139586	355	1			0		other	0
237	Response	3	15318043	12032	1
239	Sound	132	15321179	339	1			0		other	0
240	Response	3	15502040	14421	2
242	Sound	102	15505173	393	1			0		other	0
243	Response	3	15684198	12471	1
245	Sound	103	15687266	377	1			0		other	0
246	Response	3	15872754	18919	2
248	Sound	133	15875860	366	1			0		other	0
249	Response	3	16057232	14958	2
251	Sound	73	16060253	318	1			0		other	0
252	Response	3	16240190	13475	1
254	Sound	43	16243246	370	2			0		other	0
255	Response	3	16422667	13011	2
257	Sound	163	16425840	356	1			0		other	0
258	Response	2	16605305	13041	1
260	Sound	24	16608433	341	2			0		other	0
261	Response	3	16787621	12749	2
263	Response	1	16967300	176933	1
264	Sound	74	16967820	344	2			0		other	0
265	Response	3	17157056	22800	2
267	Sound	134	17160114	366	1			0		other	0
268	Response	3	17340094	13567	2
270	Sound	104	17343207	352	1			0		other	0
271	Response	3	17522332	12697	1
273	Sound	25	17525501	371	1			0		other	0
274	Response	3	17705929	14019	2
276	Sound	164	17709094	356	1			0		other	0
277	Response	3	17914806	39289	2
279	Sound	44	17917886	382	2			0		other	0
280	Response	3	18097604	13154	1
282	Sound	135	18100780	335	1			0		other	0
283	Response	3	18283041	15817	1
285	Sound	105	18286273	388	1			0		other	0
286	Response	3	18471998	19167	2
288	Sound	165	18475166	342	1			0		other	0
289	Response	3	18659116	17512	1
291	Sound	45	18662260	330	1			0		other	0
292	Response	3	18845833	17123	2
294	Sound	75	18848853	316	1			0		other	0
295	Response	3	19033990	18673	2
297	Sound	26	19037146	336	1			0		other	0
298	Response	3	19219108	15519	1
300	Response	1	19333105	111188	3
301	Sound	27	19333535	321	2			0		other	0
302	Response	3	19511904	11910	1
304	Sound	76	19515029	373	1			0		other	0
305	Response	3	19696780	15345	3
307	Sound	46	19699922	326	1			0		other	0
308	Response	3	19880458	14082	2
310	Sound	136	19883515	311	2			0		other	0
311	Response	3	20072696	22713	1
313	Sound	106	20075808	333	2			0		other	0
314	Response	3	20276213	33959	1
316	Sound	166	20279301	392	1			0		other	0
317	Response	3	20459089	13234	3
319	Sound	47	20462194	344	2			0		other	0
320	Response	3	20644288	15658	1
322	Sound	167	20647488	364	1			0		other	0
323	Response	3	20827244	13341	3
325	Sound	77	20830381	316	1			0		other	0
326	Response	3	21011403	14559	1
328	Sound	28	21014474	302	1			0		other	0
329	Response	3	21200920	19968	1
331	Sound	137	21203967	356	2			0		other	0
332	Response	3	21391397	21006	2
334	Sound	107	21394561	345	1			0		other	0
335	Response	3	21581555	20559	1
337	Response	1	21905869	321548	2
338	Sound	108	21906242	358	1			0		other	0
339	Response	3	22085788	13124	1
341	Sound	78	22088835	343	1			0		other	0
342	Response	3	22266665	11393	1
344	Sound	168	22269829	395	1			0		other	0
345	Response	2	22446582	10202	2
347	Sound	138	22449722	346	1			0		other	0
348	Response	3	22633380	17225	1
350	Sound	29	22636515	366	1			0		other	0
351	Response	3	22817937	15009	2
353	Sound	48	22821108	352	2			0		other	0
354	Response	3	23024574	37039	2
356	Sound	109	23027701	345	1			0		other	0
357	Response	3	23209292	15157	1
359	Sound	79	23212494	365	1			0		other	0
360	Response	3	23394808	15899	2
362	Sound	139	23397887	318	1			0		other	0
363	Response	3	23576086	11737	2
365	Sound	49	23579181	337	1			0		other	0
366	Response	2	23770404	24780	1
368	Sound	20	23773473	358	2			0		other	0
369	Response	3	23951441	11547	2
371	Sound	169	23954567	344	1			0		other	0
372	Response	3	24136639	15637	1
374	Response	1	24228876	89546	3
375	Sound	140	24229357	389	1			0		other	0
376	Response	3	24410475	14561	1
378	Sound	21	24413550	309	1			0		other	0
379	Response	3	24592232	12211	2
381	Sound	170	24595343	327	1			0		other	0
382	Response	2	24772709	10914	2
384	Sound	110	24775837	379	1			0		other	0
385	Response	3	24953026	10622	2
387	Sound	80	24956030	297	1			0		other	0
388	Response	3	25134463	11951	3
390	Sound	50	25137523	349	2			0		other	0
391	Response	3	25318461	14508	2
393	Sound	22	25321617	336	1			0		other	0
394	Response	3	25508218	20157	2
396	Sound	51	25511410	357	1			0		other	0
397	Response	3	25689817	11984	1
399	Sound	141	25692803	308	1			0		other	0
400	Response	3	25877254	17980	1
402	Sound	111	25880296	362	1			0		other	0
403	Response	3	26061012	14299	1
405	Sound	171	26064089	381	1			0		other	0
406	Response	2	26241888	11234	2
408	Sound	81	26244982	332	2			0		other	0
409	Response	3	26457566	46137	1
411	Response	1	26620923	160677	2
412	Sound	52	26621369	341	1			0		other	0
413	Response	3	26813160	25353	2
415	Sound	172	26816361	396	2			0		other	0
416	Response	2	27033557	50646	2
418	Sound	23	27036753	360	1			0		other	0
419	Response	3	27218595	15422	1
421	Sound	112	27221646	312	2			0		other	0
422	Response	2	27413072	24959	2
424	Sound	82	27416139	368	1			0		other	0
425	Response	3	27606829	24279	2
427	Sound	142	27609932	390	1			0		other	0
428	Response	2	27787226	10738	2
430	Sound	113	27790325	342	1			0		other	0
431	Response	2	27969545	12782	1
433	Sound	53	27972618	360	2			0		other	0
434	Response	3	28152742	13705	1
436	Sound	143	28155912	380	1			0		other	0
437	Response	2	28340259	17781	2
439	Sound	24	28343305	334	1			0		other	0
440	Response	3	28523057	13307	1
442	Sound	83	28526098	353	1			0		other	0
443	Response	3	28705294	12770	2
445	Sound	173	28708391	372	1			0		other	0
446	Response	2	28886651	11852	2
448	Sound	54	28889785	324	1			0		other	0
449	Response	3	29070168	13928	2
451	Sound	174	29073278	376	1			0		other	0
452	Response	3	29253845	13998	3
454	Sound	25	29257071	396	1			0		other	0
455	Response	3	29437044	13423	1
457	Sound	114	29440164	381	1			0		other	0
458	Response	3	29643441	36712	1
460	Sound	84	29646556	340	2			0		other	0
461	Response	3	29831837	18842	2
463	Sound	144	29835049	394	2			0		other	0
464	Response	2	30013755	12154	2
466	Quit		30089365	72769
